<?xml version="1.0" encoding="UTF-8"?>
<coverage generated="1704954818761" clover="3.2.0">
  <project timestamp="1704954818761" name="All files">
    <metrics statements="599" coveredstatements="466" conditionals="209" coveredconditionals="136" methods="125" coveredmethods="81" elements="933" coveredelements="683" complexity="0" loc="599" ncloc="599" packages="23" files="45" classes="45"/>
    <package name="rnt-ts">
      <metrics statements="1" coveredstatements="1" conditionals="0" coveredconditionals="0" methods="0" coveredmethods="0"/>
      <file name="filesMock.js" path="C:\Users\user\rnt\rnt-ts\filesMock.js">
        <metrics statements="1" coveredstatements="1" conditionals="0" coveredconditionals="0" methods="0" coveredmethods="0"/>
        <line num="1" count="4" type="stmt"/>
      </file>
    </package>
    <package name="rnt-ts.homeworkTS">
      <metrics statements="118" coveredstatements="99" conditionals="38" coveredconditionals="26" methods="15" coveredmethods="15"/>
      <file name="ex_1.ts" path="C:\Users\user\rnt\rnt-ts\homeworkTS\ex_1.ts">
        <metrics statements="118" coveredstatements="99" conditionals="38" coveredconditionals="26" methods="15" coveredmethods="15"/>
        <line num="9" count="1" type="stmt"/>
        <line num="11" count="15" type="stmt"/>
        <line num="12" count="29" type="cond" truecount="1" falsecount="0"/>
        <line num="13" count="30" type="cond" truecount="1" falsecount="0"/>
        <line num="15" count="1" type="stmt"/>
        <line num="17" count="1" type="stmt"/>
        <line num="23" count="4" type="stmt"/>
        <line num="24" count="4" type="stmt"/>
        <line num="25" count="4" type="stmt"/>
        <line num="28" count="1" type="stmt"/>
        <line num="29" count="1" type="stmt"/>
        <line num="31" count="1" type="cond" truecount="1" falsecount="0"/>
        <line num="32" count="1" type="stmt"/>
        <line num="34" count="1" type="stmt"/>
        <line num="36" count="1" type="cond" truecount="0" falsecount="1"/>
        <line num="37" count="0" type="stmt"/>
        <line num="40" count="1" type="stmt"/>
        <line num="42" count="1" type="stmt"/>
        <line num="45" count="1" type="stmt"/>
        <line num="46" count="14" type="stmt"/>
        <line num="48" count="14" type="cond" truecount="1" falsecount="0"/>
        <line num="49" count="10" type="stmt"/>
        <line num="52" count="14" type="stmt"/>
        <line num="54" count="14" type="stmt"/>
        <line num="56" count="14" type="cond" truecount="1" falsecount="0"/>
        <line num="57" count="4" type="stmt"/>
        <line num="60" count="14" type="stmt"/>
        <line num="62" count="14" type="stmt"/>
        <line num="65" count="1" type="stmt"/>
        <line num="66" count="1" type="cond" truecount="0" falsecount="1"/>
        <line num="67" count="0" type="stmt"/>
        <line num="70" count="1" type="stmt"/>
        <line num="72" count="4" type="stmt"/>
        <line num="73" count="4" type="cond" truecount="3" falsecount="0"/>
        <line num="74" count="1" type="stmt"/>
        <line num="76" count="1" type="cond" truecount="1" falsecount="1"/>
        <line num="77" count="0" type="stmt"/>
        <line num="78" count="0" type="stmt"/>
        <line num="80" count="0" type="cond" truecount="0" falsecount="1"/>
        <line num="81" count="0" type="stmt"/>
        <line num="84" count="0" type="cond" truecount="0" falsecount="1"/>
        <line num="85" count="0" type="stmt"/>
        <line num="87" count="1" type="cond" truecount="1" falsecount="1"/>
        <line num="88" count="0" type="stmt"/>
        <line num="89" count="0" type="stmt"/>
        <line num="91" count="0" type="cond" truecount="0" falsecount="1"/>
        <line num="92" count="0" type="stmt"/>
        <line num="95" count="1" type="stmt"/>
        <line num="96" count="1" type="stmt"/>
        <line num="98" count="1" type="cond" truecount="2" falsecount="0"/>
        <line num="99" count="1" type="cond" truecount="2" falsecount="0"/>
        <line num="100" count="1" type="stmt"/>
        <line num="105" count="1" type="stmt"/>
        <line num="108" count="1" type="stmt"/>
        <line num="109" count="2" type="cond" truecount="0" falsecount="1"/>
        <line num="110" count="0" type="stmt"/>
        <line num="113" count="5" type="stmt"/>
        <line num="114" count="5" type="cond" truecount="3" falsecount="0"/>
        <line num="115" count="1" type="stmt"/>
        <line num="119" count="1" type="stmt"/>
        <line num="122" count="1" type="stmt"/>
        <line num="123" count="1" type="cond" truecount="0" falsecount="1"/>
        <line num="124" count="0" type="stmt"/>
        <line num="127" count="1" type="stmt"/>
        <line num="129" count="1" type="cond" truecount="1" falsecount="1"/>
        <line num="130" count="1" type="stmt"/>
        <line num="131" count="1" type="stmt"/>
        <line num="133" count="0" type="stmt"/>
        <line num="134" count="0" type="stmt"/>
        <line num="137" count="1" type="stmt"/>
        <line num="139" count="1" type="stmt"/>
        <line num="142" count="1" type="stmt"/>
        <line num="143" count="1" type="cond" truecount="0" falsecount="1"/>
        <line num="144" count="0" type="stmt"/>
        <line num="147" count="1" type="stmt"/>
        <line num="149" count="1" type="cond" truecount="1" falsecount="1"/>
        <line num="150" count="1" type="stmt"/>
        <line num="151" count="1" type="stmt"/>
        <line num="153" count="0" type="stmt"/>
        <line num="154" count="0" type="stmt"/>
        <line num="157" count="1" type="stmt"/>
        <line num="159" count="1" type="stmt"/>
        <line num="162" count="1" type="stmt"/>
        <line num="163" count="2" type="stmt"/>
        <line num="165" count="8" type="stmt"/>
        <line num="166" count="8" type="stmt"/>
        <line num="168" count="2" type="stmt"/>
        <line num="171" count="1" type="stmt"/>
        <line num="172" count="1" type="stmt"/>
        <line num="173" count="2" type="stmt"/>
        <line num="174" count="2" type="cond" truecount="2" falsecount="0"/>
        <line num="177" count="1" type="stmt"/>
        <line num="180" count="1" type="stmt"/>
        <line num="181" count="1" type="stmt"/>
        <line num="182" count="1" type="stmt"/>
        <line num="184" count="2" type="stmt"/>
        <line num="185" count="2" type="cond" truecount="1" falsecount="0"/>
        <line num="186" count="2" type="stmt"/>
        <line num="187" count="2" type="stmt"/>
        <line num="189" count="2" type="stmt"/>
        <line num="190" count="2" type="stmt"/>
        <line num="192" count="2" type="stmt"/>
        <line num="195" count="1" type="stmt"/>
        <line num="196" count="1" type="cond" truecount="2" falsecount="0"/>
        <line num="198" count="1" type="stmt"/>
        <line num="201" count="1" type="stmt"/>
        <line num="206" count="6" type="stmt"/>
        <line num="208" count="6" type="stmt"/>
        <line num="210" count="19" type="cond" truecount="2" falsecount="0"/>
        <line num="211" count="15" type="stmt"/>
        <line num="212" count="15" type="stmt"/>
        <line num="214" count="15" type="stmt"/>
        <line num="216" count="4" type="stmt"/>
        <line num="221" count="1" type="stmt"/>
        <line num="223" count="1" type="stmt"/>
        <line num="224" count="1" type="stmt"/>
        <line num="225" count="1" type="stmt"/>
        <line num="226" count="1" type="stmt"/>
      </file>
    </package>
    <package name="rnt-ts.src.app">
      <metrics statements="33" coveredstatements="27" conditionals="8" coveredconditionals="5" methods="4" coveredmethods="2"/>
      <file name="app.css" path="C:\Users\user\rnt\rnt-ts\src\app\app.css">
        <metrics statements="10" coveredstatements="4" conditionals="6" coveredconditionals="3" methods="2" coveredmethods="0"/>
        <line num="1" count="2" type="stmt"/>
        <line num="3" count="2" type="cond" truecount="3" falsecount="1"/>
        <line num="4" count="2" type="stmt"/>
        <line num="7" count="2" type="stmt"/>
        <line num="9" count="0" type="cond" truecount="0" falsecount="2"/>
        <line num="10" count="0" type="stmt"/>
        <line num="12" count="0" type="stmt"/>
        <line num="16" count="0" type="stmt"/>
        <line num="20" count="0" type="stmt"/>
        <line num="23" count="0" type="stmt"/>
      </file>
      <file name="app.tsx" path="C:\Users\user\rnt\rnt-ts\src\app\app.tsx">
        <metrics statements="18" coveredstatements="18" conditionals="2" coveredconditionals="2" methods="2" coveredmethods="2"/>
        <line num="1" count="2" type="stmt"/>
        <line num="2" count="2" type="stmt"/>
        <line num="3" count="2" type="stmt"/>
        <line num="4" count="2" type="stmt"/>
        <line num="5" count="2" type="stmt"/>
        <line num="6" count="2" type="stmt"/>
        <line num="7" count="2" type="stmt"/>
        <line num="8" count="2" type="stmt"/>
        <line num="9" count="2" type="stmt"/>
        <line num="11" count="2" type="cond" truecount="2" falsecount="0"/>
        <line num="12" count="2" type="stmt"/>
        <line num="13" count="2" type="stmt"/>
        <line num="14" count="2" type="stmt"/>
        <line num="15" count="2" type="stmt"/>
        <line num="16" count="2" type="stmt"/>
        <line num="19" count="2" type="stmt"/>
        <line num="20" count="13" type="stmt"/>
        <line num="22" count="13" type="stmt"/>
      </file>
      <file name="appStore.ts" path="C:\Users\user\rnt\rnt-ts\src\app\appStore.ts">
        <metrics statements="5" coveredstatements="5" conditionals="0" coveredconditionals="0" methods="0" coveredmethods="0"/>
        <line num="1" count="3" type="stmt"/>
        <line num="2" count="3" type="stmt"/>
        <line num="3" count="3" type="stmt"/>
        <line num="4" count="3" type="stmt"/>
        <line num="6" count="3" type="stmt"/>
      </file>
    </package>
    <package name="rnt-ts.src.components.button">
      <metrics statements="15" coveredstatements="9" conditionals="6" coveredconditionals="3" methods="3" coveredmethods="1"/>
      <file name="button.css" path="C:\Users\user\rnt\rnt-ts\src\components\button\button.css">
        <metrics statements="10" coveredstatements="4" conditionals="6" coveredconditionals="3" methods="2" coveredmethods="0"/>
        <line num="1" count="3" type="stmt"/>
        <line num="3" count="3" type="cond" truecount="3" falsecount="1"/>
        <line num="4" count="3" type="stmt"/>
        <line num="7" count="3" type="stmt"/>
        <line num="9" count="0" type="cond" truecount="0" falsecount="2"/>
        <line num="10" count="0" type="stmt"/>
        <line num="12" count="0" type="stmt"/>
        <line num="16" count="0" type="stmt"/>
        <line num="20" count="0" type="stmt"/>
        <line num="23" count="0" type="stmt"/>
      </file>
      <file name="button.tsx" path="C:\Users\user\rnt\rnt-ts\src\components\button\button.tsx">
        <metrics statements="5" coveredstatements="5" conditionals="0" coveredconditionals="0" methods="1" coveredmethods="1"/>
        <line num="1" count="3" type="stmt"/>
        <line num="2" count="3" type="stmt"/>
        <line num="10" count="3" type="stmt"/>
        <line num="11" count="86" type="stmt"/>
        <line num="17" count="86" type="stmt"/>
      </file>
    </package>
    <package name="rnt-ts.src.components.footer">
      <metrics statements="14" coveredstatements="8" conditionals="6" coveredconditionals="3" methods="3" coveredmethods="1"/>
      <file name="footer.css" path="C:\Users\user\rnt\rnt-ts\src\components\footer\footer.css">
        <metrics statements="10" coveredstatements="4" conditionals="6" coveredconditionals="3" methods="2" coveredmethods="0"/>
        <line num="1" count="2" type="stmt"/>
        <line num="3" count="2" type="cond" truecount="3" falsecount="1"/>
        <line num="4" count="2" type="stmt"/>
        <line num="7" count="2" type="stmt"/>
        <line num="9" count="0" type="cond" truecount="0" falsecount="2"/>
        <line num="10" count="0" type="stmt"/>
        <line num="12" count="0" type="stmt"/>
        <line num="16" count="0" type="stmt"/>
        <line num="20" count="0" type="stmt"/>
        <line num="23" count="0" type="stmt"/>
      </file>
      <file name="footer.tsx" path="C:\Users\user\rnt\rnt-ts\src\components\footer\footer.tsx">
        <metrics statements="4" coveredstatements="4" conditionals="0" coveredconditionals="0" methods="1" coveredmethods="1"/>
        <line num="1" count="2" type="stmt"/>
        <line num="2" count="2" type="stmt"/>
        <line num="4" count="2" type="stmt"/>
        <line num="5" count="10" type="stmt"/>
      </file>
    </package>
    <package name="rnt-ts.src.components.formField">
      <metrics statements="15" coveredstatements="9" conditionals="6" coveredconditionals="3" methods="3" coveredmethods="1"/>
      <file name="formField.css" path="C:\Users\user\rnt\rnt-ts\src\components\formField\formField.css">
        <metrics statements="10" coveredstatements="4" conditionals="6" coveredconditionals="3" methods="2" coveredmethods="0"/>
        <line num="1" count="2" type="stmt"/>
        <line num="3" count="2" type="cond" truecount="3" falsecount="1"/>
        <line num="4" count="2" type="stmt"/>
        <line num="7" count="2" type="stmt"/>
        <line num="9" count="0" type="cond" truecount="0" falsecount="2"/>
        <line num="10" count="0" type="stmt"/>
        <line num="12" count="0" type="stmt"/>
        <line num="16" count="0" type="stmt"/>
        <line num="20" count="0" type="stmt"/>
        <line num="23" count="0" type="stmt"/>
      </file>
      <file name="formField.tsx" path="C:\Users\user\rnt\rnt-ts\src\components\formField\formField.tsx">
        <metrics statements="5" coveredstatements="5" conditionals="0" coveredconditionals="0" methods="1" coveredmethods="1"/>
        <line num="1" count="2" type="stmt"/>
        <line num="2" count="2" type="stmt"/>
        <line num="10" count="2" type="stmt"/>
        <line num="11" count="130" type="stmt"/>
        <line num="12" count="130" type="stmt"/>
      </file>
    </package>
    <package name="rnt-ts.src.components.header">
      <metrics statements="20" coveredstatements="14" conditionals="6" coveredconditionals="3" methods="4" coveredmethods="2"/>
      <file name="header.css" path="C:\Users\user\rnt\rnt-ts\src\components\header\header.css">
        <metrics statements="10" coveredstatements="4" conditionals="6" coveredconditionals="3" methods="2" coveredmethods="0"/>
        <line num="1" count="3" type="stmt"/>
        <line num="3" count="3" type="cond" truecount="3" falsecount="1"/>
        <line num="4" count="3" type="stmt"/>
        <line num="7" count="3" type="stmt"/>
        <line num="9" count="0" type="cond" truecount="0" falsecount="2"/>
        <line num="10" count="0" type="stmt"/>
        <line num="12" count="0" type="stmt"/>
        <line num="16" count="0" type="stmt"/>
        <line num="20" count="0" type="stmt"/>
        <line num="23" count="0" type="stmt"/>
      </file>
      <file name="header.tsx" path="C:\Users\user\rnt\rnt-ts\src\components\header\header.tsx">
        <metrics statements="10" coveredstatements="10" conditionals="0" coveredconditionals="0" methods="2" coveredmethods="2"/>
        <line num="1" count="3" type="stmt"/>
        <line num="2" count="3" type="stmt"/>
        <line num="3" count="3" type="stmt"/>
        <line num="4" count="3" type="stmt"/>
        <line num="5" count="3" type="stmt"/>
        <line num="6" count="3" type="stmt"/>
        <line num="9" count="3" type="stmt"/>
        <line num="10" count="11" type="stmt"/>
        <line num="12" count="11" type="stmt"/>
        <line num="18" count="1" type="stmt"/>
      </file>
    </package>
    <package name="rnt-ts.src.components.logo">
      <metrics statements="14" coveredstatements="8" conditionals="6" coveredconditionals="3" methods="3" coveredmethods="1"/>
      <file name="logo.css" path="C:\Users\user\rnt\rnt-ts\src\components\logo\logo.css">
        <metrics statements="10" coveredstatements="4" conditionals="6" coveredconditionals="3" methods="2" coveredmethods="0"/>
        <line num="1" count="4" type="stmt"/>
        <line num="3" count="4" type="cond" truecount="3" falsecount="1"/>
        <line num="4" count="4" type="stmt"/>
        <line num="7" count="4" type="stmt"/>
        <line num="9" count="0" type="cond" truecount="0" falsecount="2"/>
        <line num="10" count="0" type="stmt"/>
        <line num="12" count="0" type="stmt"/>
        <line num="16" count="0" type="stmt"/>
        <line num="20" count="0" type="stmt"/>
        <line num="23" count="0" type="stmt"/>
      </file>
      <file name="logo.tsx" path="C:\Users\user\rnt\rnt-ts\src\components\logo\logo.tsx">
        <metrics statements="4" coveredstatements="4" conditionals="0" coveredconditionals="0" methods="1" coveredmethods="1"/>
        <line num="1" count="4" type="stmt"/>
        <line num="2" count="4" type="stmt"/>
        <line num="4" count="4" type="stmt"/>
        <line num="5" count="22" type="stmt"/>
      </file>
    </package>
    <package name="rnt-ts.src.components.movie">
      <metrics statements="20" coveredstatements="14" conditionals="6" coveredconditionals="3" methods="5" coveredmethods="3"/>
      <file name="movie.css" path="C:\Users\user\rnt\rnt-ts\src\components\movie\movie.css">
        <metrics statements="10" coveredstatements="4" conditionals="6" coveredconditionals="3" methods="2" coveredmethods="0"/>
        <line num="1" count="2" type="stmt"/>
        <line num="3" count="2" type="cond" truecount="3" falsecount="1"/>
        <line num="4" count="2" type="stmt"/>
        <line num="7" count="2" type="stmt"/>
        <line num="9" count="0" type="cond" truecount="0" falsecount="2"/>
        <line num="10" count="0" type="stmt"/>
        <line num="12" count="0" type="stmt"/>
        <line num="16" count="0" type="stmt"/>
        <line num="20" count="0" type="stmt"/>
        <line num="23" count="0" type="stmt"/>
      </file>
      <file name="movie.tsx" path="C:\Users\user\rnt\rnt-ts\src\components\movie\movie.tsx">
        <metrics statements="10" coveredstatements="10" conditionals="0" coveredconditionals="0" methods="3" coveredmethods="3"/>
        <line num="1" count="2" type="stmt"/>
        <line num="2" count="2" type="stmt"/>
        <line num="3" count="2" type="stmt"/>
        <line num="4" count="2" type="stmt"/>
        <line num="22" count="32" type="stmt"/>
        <line num="23" count="32" type="stmt"/>
        <line num="25" count="32" type="stmt"/>
        <line num="27" count="1" type="stmt"/>
        <line num="34" count="32" type="stmt"/>
        <line num="38" count="1" type="stmt"/>
      </file>
    </package>
    <package name="rnt-ts.src.components.movieList">
      <metrics statements="15" coveredstatements="9" conditionals="6" coveredconditionals="3" methods="4" coveredmethods="2"/>
      <file name="movieList.css" path="C:\Users\user\rnt\rnt-ts\src\components\movieList\movieList.css">
        <metrics statements="10" coveredstatements="4" conditionals="6" coveredconditionals="3" methods="2" coveredmethods="0"/>
        <line num="1" count="2" type="stmt"/>
        <line num="3" count="2" type="cond" truecount="3" falsecount="1"/>
        <line num="4" count="2" type="stmt"/>
        <line num="7" count="2" type="stmt"/>
        <line num="9" count="0" type="cond" truecount="0" falsecount="2"/>
        <line num="10" count="0" type="stmt"/>
        <line num="12" count="0" type="stmt"/>
        <line num="16" count="0" type="stmt"/>
        <line num="20" count="0" type="stmt"/>
        <line num="23" count="0" type="stmt"/>
      </file>
      <file name="movieList.tsx" path="C:\Users\user\rnt\rnt-ts\src\components\movieList\movieList.tsx">
        <metrics statements="5" coveredstatements="5" conditionals="0" coveredconditionals="0" methods="2" coveredmethods="2"/>
        <line num="1" count="2" type="stmt"/>
        <line num="2" count="2" type="stmt"/>
        <line num="8" count="2" type="stmt"/>
        <line num="9" count="2" type="stmt"/>
        <line num="12" count="32" type="stmt"/>
      </file>
    </package>
    <package name="rnt-ts.src.components.radioButton">
      <metrics statements="16" coveredstatements="10" conditionals="6" coveredconditionals="3" methods="3" coveredmethods="1"/>
      <file name="radioButton.css" path="C:\Users\user\rnt\rnt-ts\src\components\radioButton\radioButton.css">
        <metrics statements="10" coveredstatements="4" conditionals="6" coveredconditionals="3" methods="2" coveredmethods="0"/>
        <line num="1" count="3" type="stmt"/>
        <line num="3" count="3" type="cond" truecount="3" falsecount="1"/>
        <line num="4" count="3" type="stmt"/>
        <line num="7" count="3" type="stmt"/>
        <line num="9" count="0" type="cond" truecount="0" falsecount="2"/>
        <line num="10" count="0" type="stmt"/>
        <line num="12" count="0" type="stmt"/>
        <line num="16" count="0" type="stmt"/>
        <line num="20" count="0" type="stmt"/>
        <line num="23" count="0" type="stmt"/>
      </file>
      <file name="radioButton.tsx" path="C:\Users\user\rnt\rnt-ts\src\components\radioButton\radioButton.tsx">
        <metrics statements="6" coveredstatements="6" conditionals="0" coveredconditionals="0" methods="1" coveredmethods="1"/>
        <line num="1" count="3" type="stmt"/>
        <line num="2" count="3" type="stmt"/>
        <line num="11" count="3" type="stmt"/>
        <line num="12" count="28" type="stmt"/>
        <line num="17" count="28" type="stmt"/>
        <line num="22" count="28" type="stmt"/>
      </file>
    </package>
    <package name="rnt-ts.src.components.searchMovie">
      <metrics statements="25" coveredstatements="17" conditionals="12" coveredconditionals="6" methods="5" coveredmethods="2"/>
      <file name="searchMovie.css" path="C:\Users\user\rnt\rnt-ts\src\components\searchMovie\searchMovie.css">
        <metrics statements="10" coveredstatements="4" conditionals="6" coveredconditionals="3" methods="2" coveredmethods="0"/>
        <line num="1" count="3" type="stmt"/>
        <line num="3" count="3" type="cond" truecount="3" falsecount="1"/>
        <line num="4" count="3" type="stmt"/>
        <line num="7" count="3" type="stmt"/>
        <line num="9" count="0" type="cond" truecount="0" falsecount="2"/>
        <line num="10" count="0" type="stmt"/>
        <line num="12" count="0" type="stmt"/>
        <line num="16" count="0" type="stmt"/>
        <line num="20" count="0" type="stmt"/>
        <line num="23" count="0" type="stmt"/>
      </file>
      <file name="searchMovie.tsx" path="C:\Users\user\rnt\rnt-ts\src\components\searchMovie\searchMovie.tsx">
        <metrics statements="15" coveredstatements="13" conditionals="6" coveredconditionals="3" methods="3" coveredmethods="2"/>
        <line num="1" count="3" type="stmt"/>
        <line num="2" count="3" type="stmt"/>
        <line num="3" count="3" type="stmt"/>
        <line num="4" count="3" type="stmt"/>
        <line num="5" count="3" type="stmt"/>
        <line num="6" count="3" type="stmt"/>
        <line num="14" count="3" type="stmt"/>
        <line num="15" count="11" type="stmt"/>
        <line num="16" count="11" type="stmt"/>
        <line num="18" count="11" type="cond" truecount="1" falsecount="1"/>
        <line num="20" count="11" type="stmt"/>
        <line num="21" count="2" type="stmt"/>
        <line num="24" count="11" type="stmt"/>
        <line num="29" count="0" type="stmt"/>
        <line num="30" count="0" type="cond" truecount="0" falsecount="2"/>
      </file>
    </package>
    <package name="rnt-ts.src.pages.authorizationPage">
      <metrics statements="34" coveredstatements="28" conditionals="15" coveredconditionals="12" methods="8" coveredmethods="6"/>
      <file name="authorizationPage.css" path="C:\Users\user\rnt\rnt-ts\src\pages\authorizationPage\authorizationPage.css">
        <metrics statements="10" coveredstatements="4" conditionals="6" coveredconditionals="3" methods="2" coveredmethods="0"/>
        <line num="1" count="2" type="stmt"/>
        <line num="3" count="2" type="cond" truecount="3" falsecount="1"/>
        <line num="4" count="2" type="stmt"/>
        <line num="7" count="2" type="stmt"/>
        <line num="9" count="0" type="cond" truecount="0" falsecount="2"/>
        <line num="10" count="0" type="stmt"/>
        <line num="12" count="0" type="stmt"/>
        <line num="16" count="0" type="stmt"/>
        <line num="20" count="0" type="stmt"/>
        <line num="23" count="0" type="stmt"/>
      </file>
      <file name="authorizationPage.tsx" path="C:\Users\user\rnt\rnt-ts\src\pages\authorizationPage\authorizationPage.tsx">
        <metrics statements="24" coveredstatements="24" conditionals="9" coveredconditionals="9" methods="6" coveredmethods="6"/>
        <line num="1" count="2" type="stmt"/>
        <line num="2" count="2" type="stmt"/>
        <line num="3" count="2" type="stmt"/>
        <line num="4" count="2" type="stmt"/>
        <line num="9" count="2" type="stmt"/>
        <line num="10" count="2" type="stmt"/>
        <line num="11" count="2" type="stmt"/>
        <line num="13" count="2" type="stmt"/>
        <line num="14" count="2" type="stmt"/>
        <line num="15" count="2" type="stmt"/>
        <line num="17" count="2" type="stmt"/>
        <line num="18" count="10" type="stmt"/>
        <line num="19" count="10" type="stmt"/>
        <line num="20" count="10" type="stmt"/>
        <line num="22" count="10" type="stmt"/>
        <line num="23" count="7" type="cond" truecount="2" falsecount="0"/>
        <line num="26" count="10" type="stmt"/>
        <line num="34" count="2" type="stmt"/>
        <line num="37" count="33" type="stmt"/>
        <line num="38" count="33" type="stmt"/>
        <line num="39" count="66" type="cond" truecount="3" falsecount="0"/>
        <line num="48" count="33" type="stmt"/>
        <line num="86" count="1" type="stmt"/>
        <line num="87" count="1" type="stmt"/>
      </file>
    </package>
    <package name="rnt-ts.src.pages.movieInfoPage">
      <metrics statements="30" coveredstatements="24" conditionals="14" coveredconditionals="9" methods="6" coveredmethods="4"/>
      <file name="movieInfoPage.css" path="C:\Users\user\rnt\rnt-ts\src\pages\movieInfoPage\movieInfoPage.css">
        <metrics statements="10" coveredstatements="4" conditionals="6" coveredconditionals="3" methods="2" coveredmethods="0"/>
        <line num="1" count="2" type="stmt"/>
        <line num="3" count="2" type="cond" truecount="3" falsecount="1"/>
        <line num="4" count="2" type="stmt"/>
        <line num="7" count="2" type="stmt"/>
        <line num="9" count="0" type="cond" truecount="0" falsecount="2"/>
        <line num="10" count="0" type="stmt"/>
        <line num="12" count="0" type="stmt"/>
        <line num="16" count="0" type="stmt"/>
        <line num="20" count="0" type="stmt"/>
        <line num="23" count="0" type="stmt"/>
      </file>
      <file name="movieInfoPage.tsx" path="C:\Users\user\rnt\rnt-ts\src\pages\movieInfoPage\movieInfoPage.tsx">
        <metrics statements="20" coveredstatements="20" conditionals="8" coveredconditionals="6" methods="4" coveredmethods="4"/>
        <line num="1" count="2" type="stmt"/>
        <line num="2" count="2" type="stmt"/>
        <line num="3" count="2" type="stmt"/>
        <line num="4" count="2" type="stmt"/>
        <line num="9" count="2" type="stmt"/>
        <line num="10" count="2" type="stmt"/>
        <line num="12" count="2" type="stmt"/>
        <line num="14" count="2" type="stmt"/>
        <line num="15" count="3" type="stmt"/>
        <line num="16" count="3" type="stmt"/>
        <line num="17" count="3" type="stmt"/>
        <line num="18" count="3" type="stmt"/>
        <line num="19" count="3" type="stmt"/>
        <line num="21" count="3" type="stmt"/>
        <line num="22" count="1" type="cond" truecount="2" falsecount="0"/>
        <line num="30" count="3" type="stmt"/>
        <line num="31" count="1" type="stmt"/>
        <line num="36" count="3" type="stmt"/>
        <line num="42" count="1" type="stmt"/>
        <line num="43" count="1" type="stmt"/>
      </file>
    </package>
    <package name="rnt-ts.src.pages.notFoundPage">
      <metrics statements="15" coveredstatements="9" conditionals="6" coveredconditionals="3" methods="3" coveredmethods="1"/>
      <file name="notFoundPage.css" path="C:\Users\user\rnt\rnt-ts\src\pages\notFoundPage\notFoundPage.css">
        <metrics statements="10" coveredstatements="4" conditionals="6" coveredconditionals="3" methods="2" coveredmethods="0"/>
        <line num="1" count="2" type="stmt"/>
        <line num="3" count="2" type="cond" truecount="3" falsecount="1"/>
        <line num="4" count="2" type="stmt"/>
        <line num="7" count="2" type="stmt"/>
        <line num="9" count="0" type="cond" truecount="0" falsecount="2"/>
        <line num="10" count="0" type="stmt"/>
        <line num="12" count="0" type="stmt"/>
        <line num="16" count="0" type="stmt"/>
        <line num="20" count="0" type="stmt"/>
        <line num="23" count="0" type="stmt"/>
      </file>
      <file name="notFoundPage.tsx" path="C:\Users\user\rnt\rnt-ts\src\pages\notFoundPage\notFoundPage.tsx">
        <metrics statements="5" coveredstatements="5" conditionals="0" coveredconditionals="0" methods="1" coveredmethods="1"/>
        <line num="1" count="2" type="stmt"/>
        <line num="2" count="2" type="stmt"/>
        <line num="3" count="2" type="stmt"/>
        <line num="5" count="2" type="stmt"/>
        <line num="6" count="1" type="stmt"/>
      </file>
    </package>
    <package name="rnt-ts.src.pages.registrationPage">
      <metrics statements="31" coveredstatements="24" conditionals="15" coveredconditionals="9" methods="7" coveredmethods="4"/>
      <file name="registrationPage.css" path="C:\Users\user\rnt\rnt-ts\src\pages\registrationPage\registrationPage.css">
        <metrics statements="10" coveredstatements="4" conditionals="6" coveredconditionals="3" methods="2" coveredmethods="0"/>
        <line num="1" count="2" type="stmt"/>
        <line num="3" count="2" type="cond" truecount="3" falsecount="1"/>
        <line num="4" count="2" type="stmt"/>
        <line num="7" count="2" type="stmt"/>
        <line num="9" count="0" type="cond" truecount="0" falsecount="2"/>
        <line num="10" count="0" type="stmt"/>
        <line num="12" count="0" type="stmt"/>
        <line num="16" count="0" type="stmt"/>
        <line num="20" count="0" type="stmt"/>
        <line num="23" count="0" type="stmt"/>
      </file>
      <file name="registrationPage.tsx" path="C:\Users\user\rnt\rnt-ts\src\pages\registrationPage\registrationPage.tsx">
        <metrics statements="21" coveredstatements="20" conditionals="9" coveredconditionals="6" methods="5" coveredmethods="4"/>
        <line num="1" count="2" type="stmt"/>
        <line num="2" count="2" type="stmt"/>
        <line num="3" count="2" type="stmt"/>
        <line num="4" count="2" type="stmt"/>
        <line num="5" count="2" type="stmt"/>
        <line num="6" count="2" type="stmt"/>
        <line num="12" count="2" type="stmt"/>
        <line num="13" count="2" type="stmt"/>
        <line num="14" count="2" type="stmt"/>
        <line num="16" count="2" type="stmt"/>
        <line num="17" count="2" type="stmt"/>
        <line num="18" count="2" type="stmt"/>
        <line num="19" count="2" type="stmt"/>
        <line num="21" count="2" type="stmt"/>
        <line num="31" count="0" type="stmt"/>
        <line num="34" count="16" type="stmt"/>
        <line num="35" count="16" type="stmt"/>
        <line num="36" count="64" type="cond" truecount="3" falsecount="0"/>
        <line num="46" count="16" type="stmt"/>
        <line num="96" count="1" type="stmt"/>
        <line num="97" count="1" type="stmt"/>
      </file>
    </package>
    <package name="rnt-ts.src.pages.searchMoviePage">
      <metrics statements="30" coveredstatements="23" conditionals="17" coveredconditionals="12" methods="5" coveredmethods="2"/>
      <file name="searchMoviePage.css" path="C:\Users\user\rnt\rnt-ts\src\pages\searchMoviePage\searchMoviePage.css">
        <metrics statements="10" coveredstatements="4" conditionals="6" coveredconditionals="3" methods="2" coveredmethods="0"/>
        <line num="1" count="2" type="stmt"/>
        <line num="3" count="2" type="cond" truecount="3" falsecount="1"/>
        <line num="4" count="2" type="stmt"/>
        <line num="7" count="2" type="stmt"/>
        <line num="9" count="0" type="cond" truecount="0" falsecount="2"/>
        <line num="10" count="0" type="stmt"/>
        <line num="12" count="0" type="stmt"/>
        <line num="16" count="0" type="stmt"/>
        <line num="20" count="0" type="stmt"/>
        <line num="23" count="0" type="stmt"/>
      </file>
      <file name="searchMoviePage.tsx" path="C:\Users\user\rnt\rnt-ts\src\pages\searchMoviePage\searchMoviePage.tsx">
        <metrics statements="20" coveredstatements="19" conditionals="11" coveredconditionals="9" methods="3" coveredmethods="2"/>
        <line num="1" count="2" type="stmt"/>
        <line num="2" count="2" type="stmt"/>
        <line num="3" count="2" type="stmt"/>
        <line num="4" count="2" type="stmt"/>
        <line num="5" count="2" type="stmt"/>
        <line num="6" count="2" type="stmt"/>
        <line num="11" count="2" type="stmt"/>
        <line num="14" count="2" type="stmt"/>
        <line num="15" count="2" type="stmt"/>
        <line num="17" count="2" type="stmt"/>
        <line num="18" count="10" type="stmt"/>
        <line num="19" count="10" type="stmt"/>
        <line num="20" count="10" type="stmt"/>
        <line num="22" count="10" type="stmt"/>
        <line num="23" count="0" type="stmt"/>
        <line num="26" count="10" type="stmt"/>
        <line num="27" count="7" type="stmt"/>
        <line num="31" count="7" type="stmt"/>
        <line num="36" count="7" type="cond" truecount="1" falsecount="1"/>
        <line num="39" count="10" type="stmt"/>
      </file>
    </package>
    <package name="rnt-ts.src.protectedRouteElement">
      <metrics statements="7" coveredstatements="7" conditionals="2" coveredconditionals="2" methods="1" coveredmethods="1"/>
      <file name="protectedRouteElement.tsx" path="C:\Users\user\rnt\rnt-ts\src\protectedRouteElement\protectedRouteElement.tsx">
        <metrics statements="7" coveredstatements="7" conditionals="2" coveredconditionals="2" methods="1" coveredmethods="1"/>
        <line num="2" count="2" type="stmt"/>
        <line num="3" count="2" type="stmt"/>
        <line num="10" count="2" type="stmt"/>
        <line num="11" count="10" type="stmt"/>
        <line num="12" count="10" type="stmt"/>
        <line num="14" count="10" type="cond" truecount="2" falsecount="0"/>
        <line num="17" count="2" type="stmt"/>
      </file>
    </package>
    <package name="rnt-ts.src.store.auth">
      <metrics statements="48" coveredstatements="37" conditionals="6" coveredconditionals="2" methods="17" coveredmethods="11"/>
      <file name="authStore.ts" path="C:\Users\user\rnt\rnt-ts\src\store\auth\authStore.ts">
        <metrics statements="40" coveredstatements="30" conditionals="6" coveredconditionals="2" methods="15" coveredmethods="10"/>
        <line num="1" count="3" type="stmt"/>
        <line num="3" count="3" type="stmt"/>
        <line num="4" count="3" type="stmt"/>
        <line num="5" count="3" type="stmt"/>
        <line num="11" count="3" type="stmt"/>
        <line num="13" count="2" type="stmt"/>
        <line num="14" count="2" type="cond" truecount="1" falsecount="0"/>
        <line num="15" count="1" type="stmt"/>
        <line num="19" count="3" type="stmt"/>
        <line num="21" count="0" type="stmt"/>
        <line num="22" count="0" type="cond" truecount="0" falsecount="1"/>
        <line num="23" count="0" type="stmt"/>
        <line num="34" count="3" type="stmt"/>
        <line num="39" count="3" type="stmt"/>
        <line num="44" count="5" type="stmt"/>
        <line num="47" count="1" type="stmt"/>
        <line num="48" count="1" type="stmt"/>
        <line num="51" count="2" type="stmt"/>
        <line num="55" count="3" type="stmt"/>
        <line num="56" count="2" type="stmt"/>
        <line num="57" count="2" type="stmt"/>
        <line num="59" count="3" type="stmt"/>
        <line num="60" count="1" type="stmt"/>
        <line num="61" count="1" type="stmt"/>
        <line num="62" count="1" type="stmt"/>
        <line num="64" count="3" type="stmt"/>
        <line num="65" count="1" type="stmt"/>
        <line num="66" count="1" type="stmt"/>
        <line num="71" count="3" type="stmt"/>
        <line num="72" count="0" type="stmt"/>
        <line num="73" count="0" type="stmt"/>
        <line num="74" count="0" type="stmt"/>
        <line num="76" count="3" type="stmt"/>
        <line num="77" count="0" type="stmt"/>
        <line num="78" count="0" type="stmt"/>
        <line num="80" count="3" type="stmt"/>
        <line num="81" count="0" type="stmt"/>
        <line num="82" count="0" type="stmt"/>
        <line num="90" count="50" type="stmt"/>
        <line num="93" count="3" type="stmt"/>
      </file>
      <file name="authorize.ts" path="C:\Users\user\rnt\rnt-ts\src\store\auth\authorize.ts">
        <metrics statements="4" coveredstatements="4" conditionals="0" coveredconditionals="0" methods="1" coveredmethods="1"/>
        <line num="1" count="3" type="stmt"/>
        <line num="2" count="3" type="stmt"/>
        <line num="5" count="3" type="stmt"/>
        <line num="6" count="2" type="stmt"/>
      </file>
      <file name="register.ts" path="C:\Users\user\rnt\rnt-ts\src\store\auth\register.ts">
        <metrics statements="4" coveredstatements="3" conditionals="0" coveredconditionals="0" methods="1" coveredmethods="0"/>
        <line num="1" count="3" type="stmt"/>
        <line num="2" count="3" type="stmt"/>
        <line num="5" count="3" type="stmt"/>
        <line num="6" count="0" type="stmt"/>
      </file>
    </package>
    <package name="rnt-ts.src.store.movie">
      <metrics statements="32" coveredstatements="28" conditionals="9" coveredconditionals="7" methods="13" coveredmethods="10"/>
      <file name="movieStore.ts" path="C:\Users\user\rnt\rnt-ts\src\store\movie\movieStore.ts">
        <metrics statements="28" coveredstatements="24" conditionals="9" coveredconditionals="7" methods="12" coveredmethods="9"/>
        <line num="2" count="3" type="stmt"/>
        <line num="4" count="3" type="stmt"/>
        <line num="6" count="3" type="cond" truecount="2" falsecount="0"/>
        <line num="7" count="3" type="stmt"/>
        <line num="8" count="3" type="stmt"/>
        <line num="11" count="3" type="cond" truecount="2" falsecount="0"/>
        <line num="12" count="3" type="stmt"/>
        <line num="13" count="3" type="stmt"/>
        <line num="16" count="3" type="stmt"/>
        <line num="18" count="7" type="stmt"/>
        <line num="19" count="7" type="cond" truecount="1" falsecount="0"/>
        <line num="20" count="1" type="stmt"/>
        <line num="33" count="3" type="stmt"/>
        <line num="40" count="3" type="stmt"/>
        <line num="45" count="2" type="cond" truecount="2" falsecount="0"/>
        <line num="50" count="0" type="cond" truecount="0" falsecount="2"/>
        <line num="55" count="0" type="stmt"/>
        <line num="59" count="3" type="stmt"/>
        <line num="60" count="7" type="stmt"/>
        <line num="61" count="7" type="stmt"/>
        <line num="63" count="3" type="stmt"/>
        <line num="64" count="1" type="stmt"/>
        <line num="65" count="1" type="stmt"/>
        <line num="67" count="3" type="stmt"/>
        <line num="68" count="0" type="stmt"/>
        <line num="69" count="0" type="stmt"/>
        <line num="74" count="34" type="stmt"/>
        <line num="77" count="3" type="stmt"/>
      </file>
      <file name="readMovies.ts" path="C:\Users\user\rnt\rnt-ts\src\store\movie\readMovies.ts">
        <metrics statements="4" coveredstatements="4" conditionals="0" coveredconditionals="0" methods="1" coveredmethods="1"/>
        <line num="1" count="3" type="stmt"/>
        <line num="3" count="3" type="stmt"/>
        <line num="11" count="3" type="stmt"/>
        <line num="12" count="7" type="stmt"/>
      </file>
    </package>
    <package name="rnt-ts.src.store.movieInfo">
      <metrics statements="24" coveredstatements="19" conditionals="1" coveredconditionals="1" methods="9" coveredmethods="7"/>
      <file name="movieInfoStore.ts" path="C:\Users\user\rnt\rnt-ts\src\store\movieInfo\movieInfoStore.ts">
        <metrics statements="20" coveredstatements="15" conditionals="1" coveredconditionals="1" methods="8" coveredmethods="6"/>
        <line num="1" count="3" type="stmt"/>
        <line num="4" count="3" type="stmt"/>
        <line num="12" count="3" type="stmt"/>
        <line num="17" count="3" type="stmt"/>
        <line num="19" count="1" type="stmt"/>
        <line num="20" count="1" type="cond" truecount="1" falsecount="0"/>
        <line num="21" count="0" type="stmt"/>
        <line num="25" count="3" type="stmt"/>
        <line num="30" count="1" type="stmt"/>
        <line num="34" count="3" type="stmt"/>
        <line num="35" count="1" type="stmt"/>
        <line num="36" count="1" type="stmt"/>
        <line num="38" count="3" type="stmt"/>
        <line num="39" count="0" type="stmt"/>
        <line num="40" count="0" type="stmt"/>
        <line num="42" count="3" type="stmt"/>
        <line num="43" count="0" type="stmt"/>
        <line num="44" count="0" type="stmt"/>
        <line num="49" count="3" type="stmt"/>
        <line num="52" count="3" type="stmt"/>
      </file>
      <file name="readMovieInfo.ts" path="C:\Users\user\rnt\rnt-ts\src\store\movieInfo\readMovieInfo.ts">
        <metrics statements="4" coveredstatements="4" conditionals="0" coveredconditionals="0" methods="1" coveredmethods="1"/>
        <line num="1" count="3" type="stmt"/>
        <line num="2" count="3" type="stmt"/>
        <line num="8" count="3" type="stmt"/>
        <line num="9" count="1" type="stmt"/>
      </file>
    </package>
    <package name="rnt-ts.src.utils.constants">
      <metrics statements="31" coveredstatements="31" conditionals="16" coveredconditionals="16" methods="2" coveredmethods="2"/>
      <file name="constants.ts" path="C:\Users\user\rnt\rnt-ts\src\utils\constants\constants.ts">
        <metrics statements="1" coveredstatements="1" conditionals="0" coveredconditionals="0" methods="0" coveredmethods="0"/>
        <line num="1" count="3" type="stmt"/>
      </file>
      <file name="url.ts" path="C:\Users\user\rnt\rnt-ts\src\utils\constants\url.ts">
        <metrics statements="1" coveredstatements="1" conditionals="0" coveredconditionals="0" methods="0" coveredmethods="0"/>
        <line num="1" count="3" type="stmt"/>
      </file>
      <file name="validate.ts" path="C:\Users\user\rnt\rnt-ts\src\utils\constants\validate.ts">
        <metrics statements="29" coveredstatements="29" conditionals="16" coveredconditionals="16" methods="2" coveredmethods="2"/>
        <line num="3" count="2" type="stmt"/>
        <line num="4" count="24" type="stmt"/>
        <line num="6" count="24" type="cond" truecount="2" falsecount="0"/>
        <line num="7" count="2" type="stmt"/>
        <line num="8" count="22" type="cond" truecount="1" falsecount="0"/>
        <line num="9" count="8" type="stmt"/>
        <line num="12" count="24" type="cond" truecount="2" falsecount="0"/>
        <line num="13" count="6" type="stmt"/>
        <line num="14" count="18" type="cond" truecount="2" falsecount="0"/>
        <line num="15" count="6" type="stmt"/>
        <line num="16" count="12" type="cond" truecount="1" falsecount="0"/>
        <line num="20" count="2" type="stmt"/>
        <line num="23" count="24" type="stmt"/>
        <line num="26" count="2" type="stmt"/>
        <line num="27" count="10" type="stmt"/>
        <line num="28" count="10" type="stmt"/>
        <line num="30" count="10" type="cond" truecount="1" falsecount="0"/>
        <line num="31" count="5" type="stmt"/>
        <line num="34" count="10" type="cond" truecount="1" falsecount="0"/>
        <line num="35" count="6" type="stmt"/>
        <line num="38" count="10" type="cond" truecount="2" falsecount="0"/>
        <line num="39" count="2" type="stmt"/>
        <line num="40" count="8" type="cond" truecount="1" falsecount="0"/>
        <line num="41" count="6" type="stmt"/>
        <line num="44" count="10" type="cond" truecount="2" falsecount="0"/>
        <line num="45" count="4" type="stmt"/>
        <line num="46" count="6" type="cond" truecount="1" falsecount="0"/>
        <line num="47" count="4" type="stmt"/>
        <line num="50" count="10" type="stmt"/>
      </file>
    </package>
    <package name="rnt-ts.src.utils.hooks">
      <metrics statements="11" coveredstatements="11" conditionals="2" coveredconditionals="2" methods="2" coveredmethods="2"/>
      <file name="useLogin.ts" path="C:\Users\user\rnt\rnt-ts\src\utils\hooks\useLogin.ts">
        <metrics statements="11" coveredstatements="11" conditionals="2" coveredconditionals="2" methods="2" coveredmethods="2"/>
        <line num="1" count="2" type="stmt"/>
        <line num="2" count="2" type="stmt"/>
        <line num="3" count="2" type="stmt"/>
        <line num="5" count="2" type="stmt"/>
        <line num="7" count="2" type="stmt"/>
        <line num="8" count="13" type="stmt"/>
        <line num="9" count="13" type="stmt"/>
        <line num="10" count="13" type="stmt"/>
        <line num="12" count="13" type="stmt"/>
        <line num="13" count="9" type="cond" truecount="2" falsecount="0"/>
        <line num="16" count="13" type="stmt"/>
      </file>
    </package>
  </project>
</coverage>
