{"C:\\Users\\user\\rnt\\rnt-ts\\filesMock.js": {"path":"C:\\Users\\user\\rnt\\rnt-ts\\filesMock.js","statementMap":{"0":{"start":{"line":1,"column":0},"end":{"line":1,"column":20}}},"fnMap":{},"branchMap":{},"s":{"0":4},"f":{},"b":{},"_coverageSchema":"1a1c01bbd47fc00a2c39e90264f33305004495a9","hash":"4cd398fff08dc6f57a4b57703f7e6338e0729928"}
,"C:\\Users\\user\\rnt\\rnt-ts\\homeworkTS\\ex_1.ts": {"path":"C:\\Users\\user\\rnt\\rnt-ts\\homeworkTS\\ex_1.ts","statementMap":{"0":{"start":{"line":9,"column":0},"end":{"line":9,"column":null}},"1":{"start":{"line":12,"column":11},"end":{"line":12,"column":null}},"2":{"start":{"line":13,"column":11},"end":{"line":13,"column":null}},"3":{"start":{"line":11,"column":11},"end":{"line":11,"column":19}},"4":{"start":{"line":12,"column":11},"end":{"line":12,"column":54}},"5":{"start":{"line":13,"column":11},"end":{"line":13,"column":58}},"6":{"start":{"line":15,"column":0},"end":{"line":15,"column":null}},"7":{"start":{"line":17,"column":0},"end":{"line":17,"column":null}},"8":{"start":{"line":23,"column":4},"end":{"line":23,"column":22}},"9":{"start":{"line":24,"column":4},"end":{"line":24,"column":21}},"10":{"start":{"line":25,"column":4},"end":{"line":25,"column":19}},"11":{"start":{"line":28,"column":2},"end":{"line":43,"column":null}},"12":{"start":{"line":29,"column":20},"end":{"line":29,"column":63}},"13":{"start":{"line":31,"column":4},"end":{"line":33,"column":null}},"14":{"start":{"line":32,"column":6},"end":{"line":32,"column":36}},"15":{"start":{"line":34,"column":4},"end":{"line":34,"column":25}},"16":{"start":{"line":36,"column":4},"end":{"line":38,"column":null}},"17":{"start":{"line":37,"column":6},"end":{"line":37,"column":26}},"18":{"start":{"line":40,"column":4},"end":{"line":40,"column":17}},"19":{"start":{"line":42,"column":4},"end":{"line":42,"column":16}},"20":{"start":{"line":45,"column":2},"end":{"line":63,"column":null}},"21":{"start":{"line":46,"column":20},"end":{"line":46,"column":51}},"22":{"start":{"line":48,"column":4},"end":{"line":50,"column":null}},"23":{"start":{"line":49,"column":6},"end":{"line":49,"column":31}},"24":{"start":{"line":52,"column":4},"end":{"line":52,"column":33}},"25":{"start":{"line":54,"column":4},"end":{"line":54,"column":24}},"26":{"start":{"line":56,"column":4},"end":{"line":58,"column":null}},"27":{"start":{"line":57,"column":6},"end":{"line":57,"column":27}},"28":{"start":{"line":60,"column":4},"end":{"line":60,"column":17}},"29":{"start":{"line":62,"column":4},"end":{"line":62,"column":16}},"30":{"start":{"line":65,"column":2},"end":{"line":106,"column":null}},"31":{"start":{"line":66,"column":4},"end":{"line":68,"column":null}},"32":{"start":{"line":67,"column":6},"end":{"line":67,"column":18}},"33":{"start":{"line":70,"column":52},"end":{"line":70,"column":54}},"34":{"start":{"line":72,"column":4},"end":{"line":103,"column":null}},"35":{"start":{"line":72,"column":23},"end":{"line":72,"column":29}},"36":{"start":{"line":72,"column":27},"end":{"line":72,"column":29}},"37":{"start":{"line":72,"column":19},"end":{"line":72,"column":23}},"38":{"start":{"line":73,"column":6},"end":{"line":102,"column":null}},"39":{"start":{"line":74,"column":8},"end":{"line":74,"column":32}},"40":{"start":{"line":76,"column":8},"end":{"line":101,"column":null}},"41":{"start":{"line":77,"column":10},"end":{"line":77,"column":33}},"42":{"start":{"line":78,"column":10},"end":{"line":78,"column":23}},"43":{"start":{"line":80,"column":10},"end":{"line":82,"column":null}},"44":{"start":{"line":81,"column":12},"end":{"line":81,"column":39}},"45":{"start":{"line":84,"column":10},"end":{"line":86,"column":null}},"46":{"start":{"line":85,"column":12},"end":{"line":85,"column":29}},"47":{"start":{"line":87,"column":15},"end":{"line":101,"column":null}},"48":{"start":{"line":88,"column":10},"end":{"line":88,"column":36}},"49":{"start":{"line":89,"column":10},"end":{"line":89,"column":23}},"50":{"start":{"line":91,"column":10},"end":{"line":93,"column":null}},"51":{"start":{"line":92,"column":12},"end":{"line":92,"column":34}},"52":{"start":{"line":95,"column":31},"end":{"line":95,"column":44}},"53":{"start":{"line":96,"column":27},"end":{"line":96,"column":36}},"54":{"start":{"line":98,"column":10},"end":{"line":98,"column":57}},"55":{"start":{"line":99,"column":10},"end":{"line":99,"column":57}},"56":{"start":{"line":100,"column":10},"end":{"line":100,"column":23}},"57":{"start":{"line":105,"column":4},"end":{"line":105,"column":24}},"58":{"start":{"line":108,"column":2},"end":{"line":120,"column":null}},"59":{"start":{"line":109,"column":4},"end":{"line":111,"column":null}},"60":{"start":{"line":110,"column":6},"end":{"line":110,"column":18}},"61":{"start":{"line":113,"column":4},"end":{"line":117,"column":null}},"62":{"start":{"line":113,"column":23},"end":{"line":113,"column":29}},"63":{"start":{"line":113,"column":27},"end":{"line":113,"column":29}},"64":{"start":{"line":113,"column":19},"end":{"line":113,"column":23}},"65":{"start":{"line":114,"column":6},"end":{"line":116,"column":null}},"66":{"start":{"line":115,"column":8},"end":{"line":115,"column":20}},"67":{"start":{"line":119,"column":4},"end":{"line":119,"column":16}},"68":{"start":{"line":122,"column":2},"end":{"line":140,"column":null}},"69":{"start":{"line":123,"column":4},"end":{"line":125,"column":null}},"70":{"start":{"line":124,"column":6},"end":{"line":124,"column":18}},"71":{"start":{"line":127,"column":24},"end":{"line":127,"column":33}},"72":{"start":{"line":129,"column":4},"end":{"line":135,"column":null}},"73":{"start":{"line":130,"column":6},"end":{"line":130,"column":37}},"74":{"start":{"line":131,"column":6},"end":{"line":131,"column":28}},"75":{"start":{"line":133,"column":6},"end":{"line":133,"column":23}},"76":{"start":{"line":134,"column":6},"end":{"line":134,"column":24}},"77":{"start":{"line":137,"column":4},"end":{"line":137,"column":17}},"78":{"start":{"line":139,"column":4},"end":{"line":139,"column":23}},"79":{"start":{"line":142,"column":2},"end":{"line":160,"column":null}},"80":{"start":{"line":143,"column":4},"end":{"line":145,"column":null}},"81":{"start":{"line":144,"column":6},"end":{"line":144,"column":18}},"82":{"start":{"line":147,"column":25},"end":{"line":147,"column":35}},"83":{"start":{"line":149,"column":4},"end":{"line":155,"column":null}},"84":{"start":{"line":150,"column":6},"end":{"line":150,"column":35}},"85":{"start":{"line":151,"column":6},"end":{"line":151,"column":33}},"86":{"start":{"line":153,"column":6},"end":{"line":153,"column":24}},"87":{"start":{"line":154,"column":6},"end":{"line":154,"column":23}},"88":{"start":{"line":157,"column":4},"end":{"line":157,"column":17}},"89":{"start":{"line":159,"column":4},"end":{"line":159,"column":24}},"90":{"start":{"line":162,"column":9},"end":{"line":169,"column":null}},"91":{"start":{"line":163,"column":29},"end":{"line":163,"column":42}},"92":{"start":{"line":165,"column":4},"end":{"line":167,"column":null}},"93":{"start":{"line":165,"column":26},"end":{"line":165,"column":33}},"94":{"start":{"line":165,"column":31},"end":{"line":165,"column":33}},"95":{"start":{"line":165,"column":22},"end":{"line":165,"column":26}},"96":{"start":{"line":166,"column":6},"end":{"line":166,"column":37}},"97":{"start":{"line":168,"column":4},"end":{"line":168,"column":28}},"98":{"start":{"line":171,"column":2},"end":{"line":178,"column":null}},"99":{"start":{"line":172,"column":23},"end":{"line":172,"column":25}},"100":{"start":{"line":173,"column":4},"end":{"line":175,"column":null}},"101":{"start":{"line":173,"column":23},"end":{"line":173,"column":29}},"102":{"start":{"line":173,"column":27},"end":{"line":173,"column":29}},"103":{"start":{"line":173,"column":19},"end":{"line":173,"column":23}},"104":{"start":{"line":174,"column":6},"end":{"line":174,"column":42}},"105":{"start":{"line":177,"column":4},"end":{"line":177,"column":22}},"106":{"start":{"line":180,"column":2},"end":{"line":199,"column":null}},"107":{"start":{"line":181,"column":23},"end":{"line":181,"column":27}},"108":{"start":{"line":182,"column":19},"end":{"line":182,"column":23}},"109":{"start":{"line":184,"column":4},"end":{"line":193,"column":null}},"110":{"start":{"line":184,"column":23},"end":{"line":184,"column":29}},"111":{"start":{"line":184,"column":27},"end":{"line":184,"column":29}},"112":{"start":{"line":184,"column":19},"end":{"line":184,"column":23}},"113":{"start":{"line":185,"column":6},"end":{"line":191,"column":null}},"114":{"start":{"line":186,"column":8},"end":{"line":186,"column":29}},"115":{"start":{"line":187,"column":8},"end":{"line":187,"column":37}},"116":{"start":{"line":189,"column":8},"end":{"line":189,"column":33}},"117":{"start":{"line":190,"column":8},"end":{"line":190,"column":33}},"118":{"start":{"line":192,"column":6},"end":{"line":192,"column":26}},"119":{"start":{"line":195,"column":4},"end":{"line":195,"column":27}},"120":{"start":{"line":196,"column":4},"end":{"line":196,"column":48}},"121":{"start":{"line":198,"column":4},"end":{"line":198,"column":16}},"122":{"start":{"line":201,"column":2},"end":{"line":220,"column":null}},"123":{"start":{"line":206,"column":25},"end":{"line":206,"column":35}},"124":{"start":{"line":208,"column":4},"end":{"line":219,"column":6}},"125":{"start":{"line":210,"column":8},"end":{"line":217,"column":null}},"126":{"start":{"line":211,"column":24},"end":{"line":211,"column":38}},"127":{"start":{"line":212,"column":10},"end":{"line":212,"column":47}},"128":{"start":{"line":214,"column":10},"end":{"line":214,"column":47}},"129":{"start":{"line":216,"column":10},"end":{"line":216,"column":32}},"130":{"start":{"line":221,"column":0},"end":{"line":221,"column":null}},"131":{"start":{"line":223,"column":25},"end":{"line":223,"column":47}},"132":{"start":{"line":224,"column":0},"end":{"line":224,"column":26}},"133":{"start":{"line":225,"column":0},"end":{"line":225,"column":25}},"134":{"start":{"line":226,"column":0},"end":{"line":226,"column":33}}},"fnMap":{"0":{"name":"(anonymous_2)","decl":{"start":{"line":9,"column":0},"end":{"line":9,"column":null}},"loc":{"start":{"line":9,"column":0},"end":{"line":15,"column":null}}},"1":{"name":"DoubleLinkedListNode","decl":{"start":{"line":10,"column":2},"end":{"line":10,"column":null}},"loc":{"start":{"line":13,"column":58},"end":{"line":14,"column":6}}},"2":{"name":"(anonymous_4)","decl":{"start":{"line":17,"column":0},"end":{"line":17,"column":null}},"loc":{"start":{"line":17,"column":0},"end":{"line":221,"column":null}}},"3":{"name":"DoubleLinkedList","decl":{"start":{"line":22,"column":2},"end":{"line":22,"column":null}},"loc":{"start":{"line":22,"column":2},"end":{"line":26,"column":3}}},"4":{"name":"(anonymous_6)","decl":{"start":{"line":28,"column":2},"end":{"line":28,"column":9}},"loc":{"start":{"line":28,"column":18},"end":{"line":43,"column":3}}},"5":{"name":"(anonymous_7)","decl":{"start":{"line":45,"column":2},"end":{"line":45,"column":6}},"loc":{"start":{"line":45,"column":15},"end":{"line":63,"column":3}}},"6":{"name":"(anonymous_8)","decl":{"start":{"line":65,"column":2},"end":{"line":65,"column":8}},"loc":{"start":{"line":65,"column":17},"end":{"line":106,"column":3}}},"7":{"name":"(anonymous_9)","decl":{"start":{"line":108,"column":2},"end":{"line":108,"column":6}},"loc":{"start":{"line":108,"column":15},"end":{"line":120,"column":3}}},"8":{"name":"(anonymous_10)","decl":{"start":{"line":122,"column":2},"end":{"line":122,"column":5}},"loc":{"start":{"line":122,"column":2},"end":{"line":140,"column":3}}},"9":{"name":"(anonymous_11)","decl":{"start":{"line":142,"column":2},"end":{"line":142,"column":7}},"loc":{"start":{"line":142,"column":2},"end":{"line":160,"column":3}}},"10":{"name":"(anonymous_12)","decl":{"start":{"line":162,"column":2},"end":{"line":162,"column":9}},"loc":{"start":{"line":162,"column":35},"end":{"line":169,"column":3}}},"11":{"name":"(anonymous_13)","decl":{"start":{"line":171,"column":2},"end":{"line":171,"column":9}},"loc":{"start":{"line":171,"column":2},"end":{"line":178,"column":3}}},"12":{"name":"(anonymous_14)","decl":{"start":{"line":180,"column":2},"end":{"line":180,"column":9}},"loc":{"start":{"line":180,"column":2},"end":{"line":199,"column":3}}},"13":{"name":"(anonymous_15)","decl":{"start":{"line":201,"column":2},"end":{"line":201,"column":3}},"loc":{"start":{"line":201,"column":2},"end":{"line":220,"column":3}}},"14":{"name":"(anonymous_16)","decl":{"start":{"line":209,"column":12},"end":{"line":209,"column":null}},"loc":{"start":{"line":209,"column":12},"end":{"line":218,"column":7}}}},"branchMap":{"0":{"loc":{"start":{"line":12,"column":11},"end":{"line":12,"column":null}},"type":"if","locations":[{"start":{"line":12,"column":11},"end":{"line":12,"column":null}}]},"1":{"loc":{"start":{"line":13,"column":11},"end":{"line":13,"column":null}},"type":"if","locations":[{"start":{"line":13,"column":11},"end":{"line":13,"column":null}}]},"2":{"loc":{"start":{"line":31,"column":4},"end":{"line":33,"column":null}},"type":"if","locations":[{"start":{"line":31,"column":4},"end":{"line":33,"column":null}}]},"3":{"loc":{"start":{"line":36,"column":4},"end":{"line":38,"column":null}},"type":"if","locations":[{"start":{"line":36,"column":4},"end":{"line":38,"column":null}}]},"4":{"loc":{"start":{"line":48,"column":4},"end":{"line":50,"column":null}},"type":"if","locations":[{"start":{"line":48,"column":4},"end":{"line":50,"column":null}}]},"5":{"loc":{"start":{"line":56,"column":4},"end":{"line":58,"column":null}},"type":"if","locations":[{"start":{"line":56,"column":4},"end":{"line":58,"column":null}}]},"6":{"loc":{"start":{"line":66,"column":4},"end":{"line":68,"column":null}},"type":"if","locations":[{"start":{"line":66,"column":4},"end":{"line":68,"column":null}}]},"7":{"loc":{"start":{"line":73,"column":6},"end":{"line":102,"column":null}},"type":"if","locations":[{"start":{"line":73,"column":6},"end":{"line":102,"column":null}}]},"8":{"loc":{"start":{"line":73,"column":10},"end":{"line":73,"column":38}},"type":"binary-expr","locations":[{"start":{"line":73,"column":10},"end":{"line":73,"column":14}},{"start":{"line":73,"column":18},"end":{"line":73,"column":38}}]},"9":{"loc":{"start":{"line":76,"column":8},"end":{"line":101,"column":null}},"type":"if","locations":[{"start":{"line":76,"column":8},"end":{"line":101,"column":null}},{"start":{"line":87,"column":15},"end":{"line":101,"column":null}}]},"10":{"loc":{"start":{"line":80,"column":10},"end":{"line":82,"column":null}},"type":"if","locations":[{"start":{"line":80,"column":10},"end":{"line":82,"column":null}}]},"11":{"loc":{"start":{"line":84,"column":10},"end":{"line":86,"column":null}},"type":"if","locations":[{"start":{"line":84,"column":10},"end":{"line":86,"column":null}}]},"12":{"loc":{"start":{"line":87,"column":15},"end":{"line":101,"column":null}},"type":"if","locations":[{"start":{"line":87,"column":15},"end":{"line":101,"column":null}},{"start":{"line":94,"column":15},"end":{"line":101,"column":null}}]},"13":{"loc":{"start":{"line":91,"column":10},"end":{"line":93,"column":null}},"type":"if","locations":[{"start":{"line":91,"column":10},"end":{"line":93,"column":null}}]},"14":{"loc":{"start":{"line":98,"column":10},"end":{"line":98,"column":56}},"type":"binary-expr","locations":[{"start":{"line":98,"column":10},"end":{"line":98,"column":22}},{"start":{"line":98,"column":27},"end":{"line":98,"column":55}}]},"15":{"loc":{"start":{"line":99,"column":10},"end":{"line":99,"column":56}},"type":"binary-expr","locations":[{"start":{"line":99,"column":10},"end":{"line":99,"column":18}},{"start":{"line":99,"column":23},"end":{"line":99,"column":55}}]},"16":{"loc":{"start":{"line":109,"column":4},"end":{"line":111,"column":null}},"type":"if","locations":[{"start":{"line":109,"column":4},"end":{"line":111,"column":null}}]},"17":{"loc":{"start":{"line":114,"column":6},"end":{"line":116,"column":null}},"type":"if","locations":[{"start":{"line":114,"column":6},"end":{"line":116,"column":null}}]},"18":{"loc":{"start":{"line":114,"column":10},"end":{"line":114,"column":38}},"type":"binary-expr","locations":[{"start":{"line":114,"column":10},"end":{"line":114,"column":14}},{"start":{"line":114,"column":18},"end":{"line":114,"column":38}}]},"19":{"loc":{"start":{"line":123,"column":4},"end":{"line":125,"column":null}},"type":"if","locations":[{"start":{"line":123,"column":4},"end":{"line":125,"column":null}}]},"20":{"loc":{"start":{"line":129,"column":4},"end":{"line":135,"column":null}},"type":"if","locations":[{"start":{"line":129,"column":4},"end":{"line":135,"column":null}},{"start":{"line":132,"column":11},"end":{"line":135,"column":null}}]},"21":{"loc":{"start":{"line":143,"column":4},"end":{"line":145,"column":null}},"type":"if","locations":[{"start":{"line":143,"column":4},"end":{"line":145,"column":null}}]},"22":{"loc":{"start":{"line":149,"column":4},"end":{"line":155,"column":null}},"type":"if","locations":[{"start":{"line":149,"column":4},"end":{"line":155,"column":null}},{"start":{"line":152,"column":11},"end":{"line":155,"column":null}}]},"23":{"loc":{"start":{"line":174,"column":6},"end":{"line":174,"column":41}},"type":"binary-expr","locations":[{"start":{"line":174,"column":6},"end":{"line":174,"column":10}},{"start":{"line":174,"column":14},"end":{"line":174,"column":41}}]},"24":{"loc":{"start":{"line":185,"column":6},"end":{"line":191,"column":null}},"type":"if","locations":[{"start":{"line":185,"column":6},"end":{"line":191,"column":null}}]},"25":{"loc":{"start":{"line":196,"column":4},"end":{"line":196,"column":47}},"type":"binary-expr","locations":[{"start":{"line":196,"column":4},"end":{"line":196,"column":16}},{"start":{"line":196,"column":21},"end":{"line":196,"column":46}}]},"26":{"loc":{"start":{"line":210,"column":8},"end":{"line":217,"column":null}},"type":"if","locations":[{"start":{"line":210,"column":8},"end":{"line":217,"column":null}},{"start":{"line":215,"column":15},"end":{"line":217,"column":null}}]}},"s":{"0":1,"1":29,"2":30,"3":15,"4":15,"5":15,"6":1,"7":1,"8":4,"9":4,"10":4,"11":1,"12":1,"13":1,"14":1,"15":1,"16":1,"17":0,"18":1,"19":1,"20":1,"21":14,"22":14,"23":10,"24":14,"25":14,"26":14,"27":4,"28":14,"29":14,"30":1,"31":1,"32":0,"33":1,"34":1,"35":1,"36":1,"37":4,"38":4,"39":1,"40":1,"41":0,"42":0,"43":0,"44":0,"45":0,"46":0,"47":1,"48":0,"49":0,"50":0,"51":0,"52":1,"53":1,"54":1,"55":1,"56":1,"57":1,"58":1,"59":2,"60":0,"61":2,"62":2,"63":2,"64":5,"65":5,"66":1,"67":1,"68":1,"69":1,"70":0,"71":1,"72":1,"73":1,"74":1,"75":0,"76":0,"77":1,"78":1,"79":1,"80":1,"81":0,"82":1,"83":1,"84":1,"85":1,"86":0,"87":0,"88":1,"89":1,"90":1,"91":2,"92":2,"93":2,"94":2,"95":8,"96":8,"97":2,"98":1,"99":1,"100":1,"101":1,"102":1,"103":2,"104":2,"105":1,"106":1,"107":1,"108":1,"109":1,"110":1,"111":1,"112":2,"113":2,"114":2,"115":2,"116":2,"117":2,"118":2,"119":1,"120":1,"121":1,"122":1,"123":6,"124":6,"125":19,"126":15,"127":15,"128":15,"129":4,"130":1,"131":1,"132":1,"133":1,"134":1},"f":{"0":1,"1":15,"2":1,"3":4,"4":1,"5":14,"6":1,"7":2,"8":1,"9":1,"10":2,"11":1,"12":1,"13":6,"14":19},"b":{"0":[14],"1":[15],"2":[1],"3":[0],"4":[10],"5":[4],"6":[0],"7":[1],"8":[4,4],"9":[0,1],"10":[0],"11":[0],"12":[0,1],"13":[0],"14":[1,1],"15":[1,1],"16":[0],"17":[1],"18":[5,5],"19":[0],"20":[1,0],"21":[0],"22":[1,0],"23":[2,2],"24":[2],"25":[1,1],"26":[15,4]}}
,"C:\\Users\\user\\rnt\\rnt-ts\\src\\app\\app.css": {"path":"C:\\Users\\user\\rnt\\rnt-ts\\src\\app\\app.css","statementMap":{"0":{"start":{"line":1,"column":13},"end":{"line":1,"column":26}},"1":{"start":{"line":3,"column":4},"end":{"line":24,"column":5}},"2":{"start":{"line":4,"column":8},"end":{"line":6,"column":11}},"3":{"start":{"line":7,"column":8},"end":{"line":18,"column":11}},"4":{"start":{"line":9,"column":16},"end":{"line":11,"column":17}},"5":{"start":{"line":10,"column":20},"end":{"line":10,"column":34}},"6":{"start":{"line":12,"column":16},"end":{"line":12,"column":36}},"7":{"start":{"line":16,"column":16},"end":{"line":16,"column":30}},"8":{"start":{"line":20,"column":8},"end":{"line":22,"column":11}},"9":{"start":{"line":23,"column":8},"end":{"line":23,"column":31}}},"fnMap":{"0":{"name":"(anonymous_0)","decl":{"start":{"line":8,"column":12},"end":{"line":8,"column":13}},"loc":{"start":{"line":8,"column":30},"end":{"line":13,"column":13}},"line":8},"1":{"name":"(anonymous_1)","decl":{"start":{"line":15,"column":12},"end":{"line":15,"column":13}},"loc":{"start":{"line":15,"column":29},"end":{"line":17,"column":13}},"line":15}},"branchMap":{"0":{"loc":{"start":{"line":3,"column":4},"end":{"line":24,"column":5}},"type":"if","locations":[{"start":{"line":3,"column":4},"end":{"line":24,"column":5}},{"start":{"line":19,"column":11},"end":{"line":24,"column":5}}],"line":3},"1":{"loc":{"start":{"line":3,"column":8},"end":{"line":3,"column":44}},"type":"binary-expr","locations":[{"start":{"line":3,"column":8},"end":{"line":3,"column":34}},{"start":{"line":3,"column":38},"end":{"line":3,"column":44}}],"line":3},"2":{"loc":{"start":{"line":9,"column":16},"end":{"line":11,"column":17}},"type":"if","locations":[{"start":{"line":9,"column":16},"end":{"line":11,"column":17}},{"start":{},"end":{}}],"line":9}},"s":{"0":3,"1":3,"2":3,"3":3,"4":0,"5":0,"6":0,"7":0,"8":0,"9":0},"f":{"0":0,"1":0},"b":{"0":[3,0],"1":[3,3],"2":[0,0]},"_coverageSchema":"1a1c01bbd47fc00a2c39e90264f33305004495a9","hash":"2f70a76fa1573973c60af88cbc96f1da17ec1568"}
,"C:\\Users\\user\\rnt\\rnt-ts\\src\\app\\app.tsx": {"path":"C:\\Users\\user\\rnt\\rnt-ts\\src\\app\\app.tsx","statementMap":{"0":{"start":{"line":1,"column":0},"end":{"line":1,"column":19}},"1":{"start":{"line":2,"column":0},"end":{"line":2,"column":71}},"2":{"start":{"line":3,"column":0},"end":{"line":3,"column":77}},"3":{"start":{"line":4,"column":0},"end":{"line":4,"column":74}},"4":{"start":{"line":5,"column":0},"end":{"line":5,"column":49}},"5":{"start":{"line":6,"column":0},"end":{"line":6,"column":65}},"6":{"start":{"line":7,"column":0},"end":{"line":7,"column":62}},"7":{"start":{"line":8,"column":0},"end":{"line":8,"column":83}},"8":{"start":{"line":9,"column":0},"end":{"line":9,"column":51}},"9":{"start":{"line":11,"column":0},"end":{"line":11,"column":null}},"10":{"start":{"line":12,"column":2},"end":{"line":12,"column":null}},"11":{"start":{"line":13,"column":2},"end":{"line":13,"column":null}},"12":{"start":{"line":14,"column":2},"end":{"line":14,"column":null}},"13":{"start":{"line":15,"column":2},"end":{"line":15,"column":null}},"14":{"start":{"line":16,"column":2},"end":{"line":16,"column":null}},"15":{"start":{"line":20,"column":19},"end":{"line":20,"column":29}},"16":{"start":{"line":22,"column":2},"end":{"line":48,"column":4}},"17":{"start":{"line":19,"column":0},"end":{"line":19,"column":16}}},"fnMap":{"0":{"name":"(anonymous_2)","decl":{"start":{"line":11,"column":0},"end":{"line":11,"column":12}},"loc":{"start":{"line":11,"column":17},"end":{"line":17,"column":1}}},"1":{"name":"App","decl":{"start":{"line":19,"column":16},"end":{"line":19,"column":19}},"loc":{"start":{"line":19,"column":19},"end":{"line":49,"column":1}}}},"branchMap":{"0":{"loc":{"start":{"line":11,"column":12},"end":{"line":11,"column":null}},"type":"binary-expr","locations":[{"start":{"line":11,"column":12},"end":{"line":11,"column":17}},{"start":{"line":11,"column":12},"end":{"line":11,"column":null}}]}},"s":{"0":3,"1":3,"2":3,"3":3,"4":3,"5":3,"6":3,"7":3,"8":3,"9":3,"10":3,"11":3,"12":3,"13":3,"14":3,"15":13,"16":13,"17":3},"f":{"0":3,"1":13},"b":{"0":[3,3]}}
,"C:\\Users\\user\\rnt\\rnt-ts\\src\\app\\appStore.ts": {"path":"C:\\Users\\user\\rnt\\rnt-ts\\src\\app\\appStore.ts","statementMap":{"0":{"start":{"line":1,"column":0},"end":{"line":1,"column":50}},"1":{"start":{"line":2,"column":0},"end":{"line":2,"column":69}},"2":{"start":{"line":3,"column":0},"end":{"line":3,"column":57}},"3":{"start":{"line":4,"column":0},"end":{"line":4,"column":54}},"4":{"start":{"line":6,"column":13},"end":{"line":12,"column":3}}},"fnMap":{},"branchMap":{},"s":{"0":4,"1":4,"2":4,"3":4,"4":4},"f":{},"b":{}}
,"C:\\Users\\user\\rnt\\rnt-ts\\src\\components\\button\\button.css": {"path":"C:\\Users\\user\\rnt\\rnt-ts\\src\\components\\button\\button.css","statementMap":{"0":{"start":{"line":1,"column":13},"end":{"line":1,"column":204}},"1":{"start":{"line":3,"column":4},"end":{"line":24,"column":5}},"2":{"start":{"line":4,"column":8},"end":{"line":6,"column":11}},"3":{"start":{"line":7,"column":8},"end":{"line":18,"column":11}},"4":{"start":{"line":9,"column":16},"end":{"line":11,"column":17}},"5":{"start":{"line":10,"column":20},"end":{"line":10,"column":34}},"6":{"start":{"line":12,"column":16},"end":{"line":12,"column":36}},"7":{"start":{"line":16,"column":16},"end":{"line":16,"column":30}},"8":{"start":{"line":20,"column":8},"end":{"line":22,"column":11}},"9":{"start":{"line":23,"column":8},"end":{"line":23,"column":31}}},"fnMap":{"0":{"name":"(anonymous_0)","decl":{"start":{"line":8,"column":12},"end":{"line":8,"column":13}},"loc":{"start":{"line":8,"column":30},"end":{"line":13,"column":13}},"line":8},"1":{"name":"(anonymous_1)","decl":{"start":{"line":15,"column":12},"end":{"line":15,"column":13}},"loc":{"start":{"line":15,"column":29},"end":{"line":17,"column":13}},"line":15}},"branchMap":{"0":{"loc":{"start":{"line":3,"column":4},"end":{"line":24,"column":5}},"type":"if","locations":[{"start":{"line":3,"column":4},"end":{"line":24,"column":5}},{"start":{"line":19,"column":11},"end":{"line":24,"column":5}}],"line":3},"1":{"loc":{"start":{"line":3,"column":8},"end":{"line":3,"column":44}},"type":"binary-expr","locations":[{"start":{"line":3,"column":8},"end":{"line":3,"column":34}},{"start":{"line":3,"column":38},"end":{"line":3,"column":44}}],"line":3},"2":{"loc":{"start":{"line":9,"column":16},"end":{"line":11,"column":17}},"type":"if","locations":[{"start":{"line":9,"column":16},"end":{"line":11,"column":17}},{"start":{},"end":{}}],"line":9}},"s":{"0":4,"1":4,"2":4,"3":4,"4":0,"5":0,"6":0,"7":0,"8":0,"9":0},"f":{"0":0,"1":0},"b":{"0":[4,0],"1":[4,4],"2":[0,0]},"_coverageSchema":"1a1c01bbd47fc00a2c39e90264f33305004495a9","hash":"7e2d1871977a573a4809adcc052024eb4a4da8e4"}
,"C:\\Users\\user\\rnt\\rnt-ts\\src\\components\\button\\button.tsx": {"path":"C:\\Users\\user\\rnt\\rnt-ts\\src\\components\\button\\button.tsx","statementMap":{"0":{"start":{"line":1,"column":0},"end":{"line":1,"column":22}},"1":{"start":{"line":2,"column":0},"end":{"line":2,"column":36}},"2":{"start":{"line":11,"column":24},"end":{"line":14,"column":null}},"3":{"start":{"line":17,"column":2},"end":{"line":21,"column":4}},"4":{"start":{"line":10,"column":0},"end":{"line":10,"column":24}}},"fnMap":{"0":{"name":"Button","decl":{"start":{"line":10,"column":24},"end":{"line":10,"column":30}},"loc":{"start":{"line":10,"column":49},"end":{"line":22,"column":1}}}},"branchMap":{},"s":{"0":4,"1":4,"2":98,"3":98,"4":4},"f":{"0":98},"b":{}}
,"C:\\Users\\user\\rnt\\rnt-ts\\src\\components\\footer\\footer.css": {"path":"C:\\Users\\user\\rnt\\rnt-ts\\src\\components\\footer\\footer.css","statementMap":{"0":{"start":{"line":1,"column":13},"end":{"line":1,"column":32}},"1":{"start":{"line":3,"column":4},"end":{"line":24,"column":5}},"2":{"start":{"line":4,"column":8},"end":{"line":6,"column":11}},"3":{"start":{"line":7,"column":8},"end":{"line":18,"column":11}},"4":{"start":{"line":9,"column":16},"end":{"line":11,"column":17}},"5":{"start":{"line":10,"column":20},"end":{"line":10,"column":34}},"6":{"start":{"line":12,"column":16},"end":{"line":12,"column":36}},"7":{"start":{"line":16,"column":16},"end":{"line":16,"column":30}},"8":{"start":{"line":20,"column":8},"end":{"line":22,"column":11}},"9":{"start":{"line":23,"column":8},"end":{"line":23,"column":31}}},"fnMap":{"0":{"name":"(anonymous_0)","decl":{"start":{"line":8,"column":12},"end":{"line":8,"column":13}},"loc":{"start":{"line":8,"column":30},"end":{"line":13,"column":13}},"line":8},"1":{"name":"(anonymous_1)","decl":{"start":{"line":15,"column":12},"end":{"line":15,"column":13}},"loc":{"start":{"line":15,"column":29},"end":{"line":17,"column":13}},"line":15}},"branchMap":{"0":{"loc":{"start":{"line":3,"column":4},"end":{"line":24,"column":5}},"type":"if","locations":[{"start":{"line":3,"column":4},"end":{"line":24,"column":5}},{"start":{"line":19,"column":11},"end":{"line":24,"column":5}}],"line":3},"1":{"loc":{"start":{"line":3,"column":8},"end":{"line":3,"column":44}},"type":"binary-expr","locations":[{"start":{"line":3,"column":8},"end":{"line":3,"column":34}},{"start":{"line":3,"column":38},"end":{"line":3,"column":44}}],"line":3},"2":{"loc":{"start":{"line":9,"column":16},"end":{"line":11,"column":17}},"type":"if","locations":[{"start":{"line":9,"column":16},"end":{"line":11,"column":17}},{"start":{},"end":{}}],"line":9}},"s":{"0":3,"1":3,"2":3,"3":3,"4":0,"5":0,"6":0,"7":0,"8":0,"9":0},"f":{"0":0,"1":0},"b":{"0":[3,0],"1":[3,3],"2":[0,0]},"_coverageSchema":"1a1c01bbd47fc00a2c39e90264f33305004495a9","hash":"c9719856645630e3bf75376d30932edffdd1693b"}
,"C:\\Users\\user\\rnt\\rnt-ts\\src\\components\\footer\\footer.tsx": {"path":"C:\\Users\\user\\rnt\\rnt-ts\\src\\components\\footer\\footer.tsx","statementMap":{"0":{"start":{"line":1,"column":0},"end":{"line":1,"column":22}},"1":{"start":{"line":2,"column":0},"end":{"line":2,"column":32}},"2":{"start":{"line":5,"column":2},"end":{"line":9,"column":4}},"3":{"start":{"line":4,"column":0},"end":{"line":4,"column":24}}},"fnMap":{"0":{"name":"Footer","decl":{"start":{"line":4,"column":24},"end":{"line":4,"column":30}},"loc":{"start":{"line":4,"column":30},"end":{"line":10,"column":1}}}},"branchMap":{},"s":{"0":3,"1":3,"2":16,"3":3},"f":{"0":16},"b":{}}
,"C:\\Users\\user\\rnt\\rnt-ts\\src\\components\\formField\\formField.css": {"path":"C:\\Users\\user\\rnt\\rnt-ts\\src\\components\\formField\\formField.css","statementMap":{"0":{"start":{"line":1,"column":13},"end":{"line":1,"column":90}},"1":{"start":{"line":3,"column":4},"end":{"line":24,"column":5}},"2":{"start":{"line":4,"column":8},"end":{"line":6,"column":11}},"3":{"start":{"line":7,"column":8},"end":{"line":18,"column":11}},"4":{"start":{"line":9,"column":16},"end":{"line":11,"column":17}},"5":{"start":{"line":10,"column":20},"end":{"line":10,"column":34}},"6":{"start":{"line":12,"column":16},"end":{"line":12,"column":36}},"7":{"start":{"line":16,"column":16},"end":{"line":16,"column":30}},"8":{"start":{"line":20,"column":8},"end":{"line":22,"column":11}},"9":{"start":{"line":23,"column":8},"end":{"line":23,"column":31}}},"fnMap":{"0":{"name":"(anonymous_0)","decl":{"start":{"line":8,"column":12},"end":{"line":8,"column":13}},"loc":{"start":{"line":8,"column":30},"end":{"line":13,"column":13}},"line":8},"1":{"name":"(anonymous_1)","decl":{"start":{"line":15,"column":12},"end":{"line":15,"column":13}},"loc":{"start":{"line":15,"column":29},"end":{"line":17,"column":13}},"line":15}},"branchMap":{"0":{"loc":{"start":{"line":3,"column":4},"end":{"line":24,"column":5}},"type":"if","locations":[{"start":{"line":3,"column":4},"end":{"line":24,"column":5}},{"start":{"line":19,"column":11},"end":{"line":24,"column":5}}],"line":3},"1":{"loc":{"start":{"line":3,"column":8},"end":{"line":3,"column":44}},"type":"binary-expr","locations":[{"start":{"line":3,"column":8},"end":{"line":3,"column":34}},{"start":{"line":3,"column":38},"end":{"line":3,"column":44}}],"line":3},"2":{"loc":{"start":{"line":9,"column":16},"end":{"line":11,"column":17}},"type":"if","locations":[{"start":{"line":9,"column":16},"end":{"line":11,"column":17}},{"start":{},"end":{}}],"line":9}},"s":{"0":3,"1":3,"2":3,"3":3,"4":0,"5":0,"6":0,"7":0,"8":0,"9":0},"f":{"0":0,"1":0},"b":{"0":[3,0],"1":[3,3],"2":[0,0]},"_coverageSchema":"1a1c01bbd47fc00a2c39e90264f33305004495a9","hash":"90d010542a59a45692bda838aa0947b6791c235c"}
,"C:\\Users\\user\\rnt\\rnt-ts\\src\\components\\formField\\formField.tsx": {"path":"C:\\Users\\user\\rnt\\rnt-ts\\src\\components\\formField\\formField.tsx","statementMap":{"0":{"start":{"line":1,"column":0},"end":{"line":1,"column":25}},"1":{"start":{"line":2,"column":0},"end":{"line":2,"column":31}},"2":{"start":{"line":11,"column":20},"end":{"line":11,"column":69}},"3":{"start":{"line":12,"column":2},"end":{"line":18,"column":4}},"4":{"start":{"line":10,"column":0},"end":{"line":10,"column":24}}},"fnMap":{"0":{"name":"FormField","decl":{"start":{"line":10,"column":24},"end":{"line":10,"column":33}},"loc":{"start":{"line":10,"column":55},"end":{"line":19,"column":1}}}},"branchMap":{},"s":{"0":3,"1":3,"2":130,"3":130,"4":3},"f":{"0":130},"b":{}}
,"C:\\Users\\user\\rnt\\rnt-ts\\src\\components\\header\\header.css": {"path":"C:\\Users\\user\\rnt\\rnt-ts\\src\\components\\header\\header.css","statementMap":{"0":{"start":{"line":1,"column":13},"end":{"line":1,"column":74}},"1":{"start":{"line":3,"column":4},"end":{"line":24,"column":5}},"2":{"start":{"line":4,"column":8},"end":{"line":6,"column":11}},"3":{"start":{"line":7,"column":8},"end":{"line":18,"column":11}},"4":{"start":{"line":9,"column":16},"end":{"line":11,"column":17}},"5":{"start":{"line":10,"column":20},"end":{"line":10,"column":34}},"6":{"start":{"line":12,"column":16},"end":{"line":12,"column":36}},"7":{"start":{"line":16,"column":16},"end":{"line":16,"column":30}},"8":{"start":{"line":20,"column":8},"end":{"line":22,"column":11}},"9":{"start":{"line":23,"column":8},"end":{"line":23,"column":31}}},"fnMap":{"0":{"name":"(anonymous_0)","decl":{"start":{"line":8,"column":12},"end":{"line":8,"column":13}},"loc":{"start":{"line":8,"column":30},"end":{"line":13,"column":13}},"line":8},"1":{"name":"(anonymous_1)","decl":{"start":{"line":15,"column":12},"end":{"line":15,"column":13}},"loc":{"start":{"line":15,"column":29},"end":{"line":17,"column":13}},"line":15}},"branchMap":{"0":{"loc":{"start":{"line":3,"column":4},"end":{"line":24,"column":5}},"type":"if","locations":[{"start":{"line":3,"column":4},"end":{"line":24,"column":5}},{"start":{"line":19,"column":11},"end":{"line":24,"column":5}}],"line":3},"1":{"loc":{"start":{"line":3,"column":8},"end":{"line":3,"column":44}},"type":"binary-expr","locations":[{"start":{"line":3,"column":8},"end":{"line":3,"column":34}},{"start":{"line":3,"column":38},"end":{"line":3,"column":44}}],"line":3},"2":{"loc":{"start":{"line":9,"column":16},"end":{"line":11,"column":17}},"type":"if","locations":[{"start":{"line":9,"column":16},"end":{"line":11,"column":17}},{"start":{},"end":{}}],"line":9}},"s":{"0":4,"1":4,"2":4,"3":4,"4":0,"5":0,"6":0,"7":0,"8":0,"9":0},"f":{"0":0,"1":0},"b":{"0":[4,0],"1":[4,4],"2":[0,0]},"_coverageSchema":"1a1c01bbd47fc00a2c39e90264f33305004495a9","hash":"0bc6d6e97f181ebe9440f526869d695b46173f38"}
,"C:\\Users\\user\\rnt\\rnt-ts\\src\\components\\header\\header.tsx": {"path":"C:\\Users\\user\\rnt\\rnt-ts\\src\\components\\header\\header.tsx","statementMap":{"0":{"start":{"line":1,"column":0},"end":{"line":1,"column":32}},"1":{"start":{"line":2,"column":0},"end":{"line":2,"column":22}},"2":{"start":{"line":3,"column":0},"end":{"line":3,"column":53}},"3":{"start":{"line":4,"column":0},"end":{"line":4,"column":38}},"4":{"start":{"line":5,"column":0},"end":{"line":5,"column":42}},"5":{"start":{"line":6,"column":0},"end":{"line":6,"column":52}},"6":{"start":{"line":10,"column":19},"end":{"line":10,"column":45}},"7":{"start":{"line":12,"column":2},"end":{"line":27,"column":4}},"8":{"start":{"line":18,"column":12},"end":{"line":18,"column":31}},"9":{"start":{"line":9,"column":0},"end":{"line":9,"column":24}}},"fnMap":{"0":{"name":"Header","decl":{"start":{"line":9,"column":24},"end":{"line":9,"column":30}},"loc":{"start":{"line":9,"column":30},"end":{"line":28,"column":1}}},"1":{"name":"(anonymous_3)","decl":{"start":{"line":17,"column":19},"end":{"line":17,"column":null}},"loc":{"start":{"line":17,"column":19},"end":{"line":19,"column":11}}}},"branchMap":{},"s":{"0":4,"1":4,"2":4,"3":4,"4":4,"5":4,"6":17,"7":17,"8":1,"9":4},"f":{"0":17,"1":1},"b":{}}
,"C:\\Users\\user\\rnt\\rnt-ts\\src\\components\\logo\\logo.css": {"path":"C:\\Users\\user\\rnt\\rnt-ts\\src\\components\\logo\\logo.css","statementMap":{"0":{"start":{"line":1,"column":13},"end":{"line":1,"column":28}},"1":{"start":{"line":3,"column":4},"end":{"line":24,"column":5}},"2":{"start":{"line":4,"column":8},"end":{"line":6,"column":11}},"3":{"start":{"line":7,"column":8},"end":{"line":18,"column":11}},"4":{"start":{"line":9,"column":16},"end":{"line":11,"column":17}},"5":{"start":{"line":10,"column":20},"end":{"line":10,"column":34}},"6":{"start":{"line":12,"column":16},"end":{"line":12,"column":36}},"7":{"start":{"line":16,"column":16},"end":{"line":16,"column":30}},"8":{"start":{"line":20,"column":8},"end":{"line":22,"column":11}},"9":{"start":{"line":23,"column":8},"end":{"line":23,"column":31}}},"fnMap":{"0":{"name":"(anonymous_0)","decl":{"start":{"line":8,"column":12},"end":{"line":8,"column":13}},"loc":{"start":{"line":8,"column":30},"end":{"line":13,"column":13}},"line":8},"1":{"name":"(anonymous_1)","decl":{"start":{"line":15,"column":12},"end":{"line":15,"column":13}},"loc":{"start":{"line":15,"column":29},"end":{"line":17,"column":13}},"line":15}},"branchMap":{"0":{"loc":{"start":{"line":3,"column":4},"end":{"line":24,"column":5}},"type":"if","locations":[{"start":{"line":3,"column":4},"end":{"line":24,"column":5}},{"start":{"line":19,"column":11},"end":{"line":24,"column":5}}],"line":3},"1":{"loc":{"start":{"line":3,"column":8},"end":{"line":3,"column":44}},"type":"binary-expr","locations":[{"start":{"line":3,"column":8},"end":{"line":3,"column":34}},{"start":{"line":3,"column":38},"end":{"line":3,"column":44}}],"line":3},"2":{"loc":{"start":{"line":9,"column":16},"end":{"line":11,"column":17}},"type":"if","locations":[{"start":{"line":9,"column":16},"end":{"line":11,"column":17}},{"start":{},"end":{}}],"line":9}},"s":{"0":4,"1":4,"2":4,"3":4,"4":0,"5":0,"6":0,"7":0,"8":0,"9":0},"f":{"0":0,"1":0},"b":{"0":[4,0],"1":[4,4],"2":[0,0]},"_coverageSchema":"1a1c01bbd47fc00a2c39e90264f33305004495a9","hash":"0f08435970ef7baec7ca4979a561ce7ef8446f82"}
,"C:\\Users\\user\\rnt\\rnt-ts\\src\\components\\logo\\logo.tsx": {"path":"C:\\Users\\user\\rnt\\rnt-ts\\src\\components\\logo\\logo.tsx","statementMap":{"0":{"start":{"line":1,"column":0},"end":{"line":1,"column":20}},"1":{"start":{"line":2,"column":0},"end":{"line":2,"column":43}},"2":{"start":{"line":5,"column":2},"end":{"line":5,"column":56}},"3":{"start":{"line":4,"column":0},"end":{"line":4,"column":24}}},"fnMap":{"0":{"name":"Logo","decl":{"start":{"line":4,"column":24},"end":{"line":4,"column":28}},"loc":{"start":{"line":4,"column":28},"end":{"line":6,"column":1}}}},"branchMap":{},"s":{"0":4,"1":4,"2":33,"3":4},"f":{"0":33},"b":{}}
,"C:\\Users\\user\\rnt\\rnt-ts\\src\\components\\movie\\movie.css": {"path":"C:\\Users\\user\\rnt\\rnt-ts\\src\\components\\movie\\movie.css","statementMap":{"0":{"start":{"line":1,"column":13},"end":{"line":1,"column":176}},"1":{"start":{"line":3,"column":4},"end":{"line":24,"column":5}},"2":{"start":{"line":4,"column":8},"end":{"line":6,"column":11}},"3":{"start":{"line":7,"column":8},"end":{"line":18,"column":11}},"4":{"start":{"line":9,"column":16},"end":{"line":11,"column":17}},"5":{"start":{"line":10,"column":20},"end":{"line":10,"column":34}},"6":{"start":{"line":12,"column":16},"end":{"line":12,"column":36}},"7":{"start":{"line":16,"column":16},"end":{"line":16,"column":30}},"8":{"start":{"line":20,"column":8},"end":{"line":22,"column":11}},"9":{"start":{"line":23,"column":8},"end":{"line":23,"column":31}}},"fnMap":{"0":{"name":"(anonymous_0)","decl":{"start":{"line":8,"column":12},"end":{"line":8,"column":13}},"loc":{"start":{"line":8,"column":30},"end":{"line":13,"column":13}},"line":8},"1":{"name":"(anonymous_1)","decl":{"start":{"line":15,"column":12},"end":{"line":15,"column":13}},"loc":{"start":{"line":15,"column":29},"end":{"line":17,"column":13}},"line":15}},"branchMap":{"0":{"loc":{"start":{"line":3,"column":4},"end":{"line":24,"column":5}},"type":"if","locations":[{"start":{"line":3,"column":4},"end":{"line":24,"column":5}},{"start":{"line":19,"column":11},"end":{"line":24,"column":5}}],"line":3},"1":{"loc":{"start":{"line":3,"column":8},"end":{"line":3,"column":44}},"type":"binary-expr","locations":[{"start":{"line":3,"column":8},"end":{"line":3,"column":34}},{"start":{"line":3,"column":38},"end":{"line":3,"column":44}}],"line":3},"2":{"loc":{"start":{"line":9,"column":16},"end":{"line":11,"column":17}},"type":"if","locations":[{"start":{"line":9,"column":16},"end":{"line":11,"column":17}},{"start":{},"end":{}}],"line":9}},"s":{"0":3,"1":3,"2":3,"3":3,"4":0,"5":0,"6":0,"7":0,"8":0,"9":0},"f":{"0":0,"1":0},"b":{"0":[3,0],"1":[3,3],"2":[0,0]},"_coverageSchema":"1a1c01bbd47fc00a2c39e90264f33305004495a9","hash":"3c150e61ac7b7dd3e44b783a84e0f65b7ab4d8a6"}
,"C:\\Users\\user\\rnt\\rnt-ts\\src\\components\\movie\\movie.tsx": {"path":"C:\\Users\\user\\rnt\\rnt-ts\\src\\components\\movie\\movie.tsx","statementMap":{"0":{"start":{"line":1,"column":0},"end":{"line":1,"column":21}},"1":{"start":{"line":2,"column":0},"end":{"line":2,"column":36}},"2":{"start":{"line":3,"column":0},"end":{"line":3,"column":47}},"3":{"start":{"line":4,"column":0},"end":{"line":4,"column":38}},"4":{"start":{"line":22,"column":29},"end":{"line":22,"column":43}},"5":{"start":{"line":23,"column":19},"end":{"line":23,"column":32}},"6":{"start":{"line":25,"column":24},"end":{"line":31,"column":null}},"7":{"start":{"line":27,"column":6},"end":{"line":29,"column":9}},"8":{"start":{"line":34,"column":2},"end":{"line":49,"column":4}},"9":{"start":{"line":38,"column":8},"end":{"line":38,"column":29}},"10":{"start":{"line":22,"column":0},"end":{"line":22,"column":16}}},"fnMap":{"0":{"name":"Movie","decl":{"start":{"line":22,"column":16},"end":{"line":22,"column":21}},"loc":{"start":{"line":22,"column":43},"end":{"line":50,"column":1}}},"1":{"name":"(anonymous_3)","decl":{"start":{"line":26,"column":4},"end":{"line":26,"column":5}},"loc":{"start":{"line":26,"column":23},"end":{"line":30,"column":5}}},"2":{"name":"(anonymous_4)","decl":{"start":{"line":37,"column":15},"end":{"line":37,"column":null}},"loc":{"start":{"line":37,"column":15},"end":{"line":39,"column":7}}}},"branchMap":{},"s":{"0":3,"1":3,"2":3,"3":3,"4":39,"5":39,"6":39,"7":1,"8":39,"9":1,"10":3},"f":{"0":39,"1":1,"2":1},"b":{}}
,"C:\\Users\\user\\rnt\\rnt-ts\\src\\components\\movieList\\movieList.css": {"path":"C:\\Users\\user\\rnt\\rnt-ts\\src\\components\\movieList\\movieList.css","statementMap":{"0":{"start":{"line":1,"column":13},"end":{"line":1,"column":38}},"1":{"start":{"line":3,"column":4},"end":{"line":24,"column":5}},"2":{"start":{"line":4,"column":8},"end":{"line":6,"column":11}},"3":{"start":{"line":7,"column":8},"end":{"line":18,"column":11}},"4":{"start":{"line":9,"column":16},"end":{"line":11,"column":17}},"5":{"start":{"line":10,"column":20},"end":{"line":10,"column":34}},"6":{"start":{"line":12,"column":16},"end":{"line":12,"column":36}},"7":{"start":{"line":16,"column":16},"end":{"line":16,"column":30}},"8":{"start":{"line":20,"column":8},"end":{"line":22,"column":11}},"9":{"start":{"line":23,"column":8},"end":{"line":23,"column":31}}},"fnMap":{"0":{"name":"(anonymous_0)","decl":{"start":{"line":8,"column":12},"end":{"line":8,"column":13}},"loc":{"start":{"line":8,"column":30},"end":{"line":13,"column":13}},"line":8},"1":{"name":"(anonymous_1)","decl":{"start":{"line":15,"column":12},"end":{"line":15,"column":13}},"loc":{"start":{"line":15,"column":29},"end":{"line":17,"column":13}},"line":15}},"branchMap":{"0":{"loc":{"start":{"line":3,"column":4},"end":{"line":24,"column":5}},"type":"if","locations":[{"start":{"line":3,"column":4},"end":{"line":24,"column":5}},{"start":{"line":19,"column":11},"end":{"line":24,"column":5}}],"line":3},"1":{"loc":{"start":{"line":3,"column":8},"end":{"line":3,"column":44}},"type":"binary-expr","locations":[{"start":{"line":3,"column":8},"end":{"line":3,"column":34}},{"start":{"line":3,"column":38},"end":{"line":3,"column":44}}],"line":3},"2":{"loc":{"start":{"line":9,"column":16},"end":{"line":11,"column":17}},"type":"if","locations":[{"start":{"line":9,"column":16},"end":{"line":11,"column":17}},{"start":{},"end":{}}],"line":9}},"s":{"0":3,"1":3,"2":3,"3":3,"4":0,"5":0,"6":0,"7":0,"8":0,"9":0},"f":{"0":0,"1":0},"b":{"0":[3,0],"1":[3,3],"2":[0,0]},"_coverageSchema":"1a1c01bbd47fc00a2c39e90264f33305004495a9","hash":"1e899ec9d05b17a833c8f622e23be6f2299bd469"}
,"C:\\Users\\user\\rnt\\rnt-ts\\src\\components\\movieList\\movieList.tsx": {"path":"C:\\Users\\user\\rnt\\rnt-ts\\src\\components\\movieList\\movieList.tsx","statementMap":{"0":{"start":{"line":1,"column":0},"end":{"line":1,"column":25}},"1":{"start":{"line":2,"column":0},"end":{"line":2,"column":52}},"2":{"start":{"line":9,"column":2},"end":{"line":15,"column":4}},"3":{"start":{"line":12,"column":8},"end":{"line":12,"column":54}},"4":{"start":{"line":8,"column":0},"end":{"line":8,"column":24}}},"fnMap":{"0":{"name":"MovieList","decl":{"start":{"line":8,"column":24},"end":{"line":8,"column":33}},"loc":{"start":{"line":8,"column":55},"end":{"line":16,"column":1}}},"1":{"name":"(anonymous_3)","decl":{"start":{"line":11,"column":24},"end":{"line":11,"column":25}},"loc":{"start":{"line":11,"column":30},"end":{"line":13,"column":7}}}},"branchMap":{},"s":{"0":3,"1":3,"2":5,"3":39,"4":3},"f":{"0":5,"1":39},"b":{}}
,"C:\\Users\\user\\rnt\\rnt-ts\\src\\components\\radioButton\\radioButton.css": {"path":"C:\\Users\\user\\rnt\\rnt-ts\\src\\components\\radioButton\\radioButton.css","statementMap":{"0":{"start":{"line":1,"column":13},"end":{"line":1,"column":254}},"1":{"start":{"line":3,"column":4},"end":{"line":24,"column":5}},"2":{"start":{"line":4,"column":8},"end":{"line":6,"column":11}},"3":{"start":{"line":7,"column":8},"end":{"line":18,"column":11}},"4":{"start":{"line":9,"column":16},"end":{"line":11,"column":17}},"5":{"start":{"line":10,"column":20},"end":{"line":10,"column":34}},"6":{"start":{"line":12,"column":16},"end":{"line":12,"column":36}},"7":{"start":{"line":16,"column":16},"end":{"line":16,"column":30}},"8":{"start":{"line":20,"column":8},"end":{"line":22,"column":11}},"9":{"start":{"line":23,"column":8},"end":{"line":23,"column":31}}},"fnMap":{"0":{"name":"(anonymous_0)","decl":{"start":{"line":8,"column":12},"end":{"line":8,"column":13}},"loc":{"start":{"line":8,"column":30},"end":{"line":13,"column":13}},"line":8},"1":{"name":"(anonymous_1)","decl":{"start":{"line":15,"column":12},"end":{"line":15,"column":13}},"loc":{"start":{"line":15,"column":29},"end":{"line":17,"column":13}},"line":15}},"branchMap":{"0":{"loc":{"start":{"line":3,"column":4},"end":{"line":24,"column":5}},"type":"if","locations":[{"start":{"line":3,"column":4},"end":{"line":24,"column":5}},{"start":{"line":19,"column":11},"end":{"line":24,"column":5}}],"line":3},"1":{"loc":{"start":{"line":3,"column":8},"end":{"line":3,"column":44}},"type":"binary-expr","locations":[{"start":{"line":3,"column":8},"end":{"line":3,"column":34}},{"start":{"line":3,"column":38},"end":{"line":3,"column":44}}],"line":3},"2":{"loc":{"start":{"line":9,"column":16},"end":{"line":11,"column":17}},"type":"if","locations":[{"start":{"line":9,"column":16},"end":{"line":11,"column":17}},{"start":{},"end":{}}],"line":9}},"s":{"0":4,"1":4,"2":4,"3":4,"4":0,"5":0,"6":0,"7":0,"8":0,"9":0},"f":{"0":0,"1":0},"b":{"0":[4,0],"1":[4,4],"2":[0,0]},"_coverageSchema":"1a1c01bbd47fc00a2c39e90264f33305004495a9","hash":"d18620023769cd1ef85faa6b702f11e72b88c46d"}
,"C:\\Users\\user\\rnt\\rnt-ts\\src\\components\\radioButton\\radioButton.tsx": {"path":"C:\\Users\\user\\rnt\\rnt-ts\\src\\components\\radioButton\\radioButton.tsx","statementMap":{"0":{"start":{"line":1,"column":0},"end":{"line":1,"column":27}},"1":{"start":{"line":2,"column":0},"end":{"line":2,"column":36}},"2":{"start":{"line":12,"column":34},"end":{"line":14,"column":null}},"3":{"start":{"line":17,"column":33},"end":{"line":19,"column":null}},"4":{"start":{"line":22,"column":2},"end":{"line":27,"column":4}},"5":{"start":{"line":11,"column":0},"end":{"line":11,"column":24}}},"fnMap":{"0":{"name":"RadioButton","decl":{"start":{"line":11,"column":24},"end":{"line":11,"column":35}},"loc":{"start":{"line":11,"column":59},"end":{"line":28,"column":1}}}},"branchMap":{},"s":{"0":4,"1":4,"2":48,"3":48,"4":48,"5":4},"f":{"0":48},"b":{}}
,"C:\\Users\\user\\rnt\\rnt-ts\\src\\components\\searchMovie\\searchMovie.css": {"path":"C:\\Users\\user\\rnt\\rnt-ts\\src\\components\\searchMovie\\searchMovie.css","statementMap":{"0":{"start":{"line":1,"column":13},"end":{"line":1,"column":284}},"1":{"start":{"line":3,"column":4},"end":{"line":24,"column":5}},"2":{"start":{"line":4,"column":8},"end":{"line":6,"column":11}},"3":{"start":{"line":7,"column":8},"end":{"line":18,"column":11}},"4":{"start":{"line":9,"column":16},"end":{"line":11,"column":17}},"5":{"start":{"line":10,"column":20},"end":{"line":10,"column":34}},"6":{"start":{"line":12,"column":16},"end":{"line":12,"column":36}},"7":{"start":{"line":16,"column":16},"end":{"line":16,"column":30}},"8":{"start":{"line":20,"column":8},"end":{"line":22,"column":11}},"9":{"start":{"line":23,"column":8},"end":{"line":23,"column":31}}},"fnMap":{"0":{"name":"(anonymous_0)","decl":{"start":{"line":8,"column":12},"end":{"line":8,"column":13}},"loc":{"start":{"line":8,"column":30},"end":{"line":13,"column":13}},"line":8},"1":{"name":"(anonymous_1)","decl":{"start":{"line":15,"column":12},"end":{"line":15,"column":13}},"loc":{"start":{"line":15,"column":29},"end":{"line":17,"column":13}},"line":15}},"branchMap":{"0":{"loc":{"start":{"line":3,"column":4},"end":{"line":24,"column":5}},"type":"if","locations":[{"start":{"line":3,"column":4},"end":{"line":24,"column":5}},{"start":{"line":19,"column":11},"end":{"line":24,"column":5}}],"line":3},"1":{"loc":{"start":{"line":3,"column":8},"end":{"line":3,"column":44}},"type":"binary-expr","locations":[{"start":{"line":3,"column":8},"end":{"line":3,"column":34}},{"start":{"line":3,"column":38},"end":{"line":3,"column":44}}],"line":3},"2":{"loc":{"start":{"line":9,"column":16},"end":{"line":11,"column":17}},"type":"if","locations":[{"start":{"line":9,"column":16},"end":{"line":11,"column":17}},{"start":{},"end":{}}],"line":9}},"s":{"0":4,"1":4,"2":4,"3":4,"4":0,"5":0,"6":0,"7":0,"8":0,"9":0},"f":{"0":0,"1":0},"b":{"0":[4,0],"1":[4,4],"2":[0,0]},"_coverageSchema":"1a1c01bbd47fc00a2c39e90264f33305004495a9","hash":"90e9d4e8ef8eeba1d17ca78500dcf17b81f41cc7"}
,"C:\\Users\\user\\rnt\\rnt-ts\\src\\components\\searchMovie\\searchMovie.tsx": {"path":"C:\\Users\\user\\rnt\\rnt-ts\\src\\components\\searchMovie\\searchMovie.tsx","statementMap":{"0":{"start":{"line":1,"column":0},"end":{"line":1,"column":27}},"1":{"start":{"line":2,"column":0},"end":{"line":2,"column":53}},"2":{"start":{"line":3,"column":0},"end":{"line":3,"column":44}},"3":{"start":{"line":4,"column":0},"end":{"line":4,"column":38}},"4":{"start":{"line":5,"column":0},"end":{"line":5,"column":55}},"5":{"start":{"line":6,"column":0},"end":{"line":6,"column":null}},"6":{"start":{"line":15,"column":19},"end":{"line":15,"column":49}},"7":{"start":{"line":16,"column":19},"end":{"line":16,"column":45}},"8":{"start":{"line":18,"column":25},"end":{"line":18,"column":52}},"9":{"start":{"line":20,"column":33},"end":{"line":22,"column":16}},"10":{"start":{"line":21,"column":4},"end":{"line":21,"column":33}},"11":{"start":{"line":24,"column":2},"end":{"line":70,"column":4}},"12":{"start":{"line":29,"column":10},"end":{"line":29,"column":29}},"13":{"start":{"line":30,"column":10},"end":{"line":31,"column":76}},"14":{"start":{"line":14,"column":0},"end":{"line":14,"column":24}}},"fnMap":{"0":{"name":"SearchMovie","decl":{"start":{"line":14,"column":24},"end":{"line":14,"column":35}},"loc":{"start":{"line":14,"column":35},"end":{"line":71,"column":1}}},"1":{"name":"(anonymous_3)","decl":{"start":{"line":20,"column":45},"end":{"line":20,"column":null}},"loc":{"start":{"line":20,"column":45},"end":{"line":22,"column":3}}},"2":{"name":"(anonymous_4)","decl":{"start":{"line":28,"column":18},"end":{"line":28,"column":19}},"loc":{"start":{"line":28,"column":20},"end":{"line":32,"column":9}}}},"branchMap":{"0":{"loc":{"start":{"line":30,"column":10},"end":{"line":31,"column":75}},"type":"binary-expr","locations":[{"start":{"line":30,"column":10},"end":{"line":30,"column":26}},{"start":{"line":31,"column":12},"end":{"line":31,"column":75}}]},"1":{"loc":{"start":{"line":39,"column":12},"end":{"line":39,"column":63}},"type":"cond-expr","locations":[{"start":{"line":39,"column":46},"end":{"line":39,"column":53}},{"start":{"line":39,"column":56},"end":{"line":39,"column":63}}]}},"s":{"0":4,"1":4,"2":4,"3":4,"4":4,"5":4,"6":17,"7":17,"8":17,"9":17,"10":2,"11":17,"12":1,"13":1,"14":4},"f":{"0":17,"1":2,"2":1},"b":{"0":[1,1],"1":[16,1]}}
,"C:\\Users\\user\\rnt\\rnt-ts\\src\\pages\\authorizationPage\\authorizationPage.css": {"path":"C:\\Users\\user\\rnt\\rnt-ts\\src\\pages\\authorizationPage\\authorizationPage.css","statementMap":{"0":{"start":{"line":1,"column":13},"end":{"line":1,"column":340}},"1":{"start":{"line":3,"column":4},"end":{"line":24,"column":5}},"2":{"start":{"line":4,"column":8},"end":{"line":6,"column":11}},"3":{"start":{"line":7,"column":8},"end":{"line":18,"column":11}},"4":{"start":{"line":9,"column":16},"end":{"line":11,"column":17}},"5":{"start":{"line":10,"column":20},"end":{"line":10,"column":34}},"6":{"start":{"line":12,"column":16},"end":{"line":12,"column":36}},"7":{"start":{"line":16,"column":16},"end":{"line":16,"column":30}},"8":{"start":{"line":20,"column":8},"end":{"line":22,"column":11}},"9":{"start":{"line":23,"column":8},"end":{"line":23,"column":31}}},"fnMap":{"0":{"name":"(anonymous_0)","decl":{"start":{"line":8,"column":12},"end":{"line":8,"column":13}},"loc":{"start":{"line":8,"column":30},"end":{"line":13,"column":13}},"line":8},"1":{"name":"(anonymous_1)","decl":{"start":{"line":15,"column":12},"end":{"line":15,"column":13}},"loc":{"start":{"line":15,"column":29},"end":{"line":17,"column":13}},"line":15}},"branchMap":{"0":{"loc":{"start":{"line":3,"column":4},"end":{"line":24,"column":5}},"type":"if","locations":[{"start":{"line":3,"column":4},"end":{"line":24,"column":5}},{"start":{"line":19,"column":11},"end":{"line":24,"column":5}}],"line":3},"1":{"loc":{"start":{"line":3,"column":8},"end":{"line":3,"column":44}},"type":"binary-expr","locations":[{"start":{"line":3,"column":8},"end":{"line":3,"column":34}},{"start":{"line":3,"column":38},"end":{"line":3,"column":44}}],"line":3},"2":{"loc":{"start":{"line":9,"column":16},"end":{"line":11,"column":17}},"type":"if","locations":[{"start":{"line":9,"column":16},"end":{"line":11,"column":17}},{"start":{},"end":{}}],"line":9}},"s":{"0":3,"1":3,"2":3,"3":3,"4":0,"5":0,"6":0,"7":0,"8":0,"9":0},"f":{"0":0,"1":0},"b":{"0":[3,0],"1":[3,3],"2":[0,0]},"_coverageSchema":"1a1c01bbd47fc00a2c39e90264f33305004495a9","hash":"9001dcd0b469cd2ecc119d77618c7dc95e03827c"}
,"C:\\Users\\user\\rnt\\rnt-ts\\src\\pages\\authorizationPage\\authorizationPage.tsx": {"path":"C:\\Users\\user\\rnt\\rnt-ts\\src\\pages\\authorizationPage\\authorizationPage.tsx","statementMap":{"0":{"start":{"line":1,"column":0},"end":{"line":1,"column":33}},"1":{"start":{"line":2,"column":0},"end":{"line":2,"column":38}},"2":{"start":{"line":3,"column":0},"end":{"line":3,"column":55}},"3":{"start":{"line":4,"column":0},"end":{"line":4,"column":null}},"4":{"start":{"line":9,"column":0},"end":{"line":9,"column":52}},"5":{"start":{"line":10,"column":0},"end":{"line":10,"column":61}},"6":{"start":{"line":11,"column":0},"end":{"line":11,"column":34}},"7":{"start":{"line":13,"column":0},"end":{"line":13,"column":47}},"8":{"start":{"line":14,"column":0},"end":{"line":14,"column":38}},"9":{"start":{"line":15,"column":0},"end":{"line":15,"column":71}},"10":{"start":{"line":18,"column":19},"end":{"line":18,"column":45}},"11":{"start":{"line":19,"column":19},"end":{"line":19,"column":32}},"12":{"start":{"line":20,"column":45},"end":{"line":20,"column":70}},"13":{"start":{"line":20,"column":18},"end":{"line":20,"column":20}},"14":{"start":{"line":20,"column":31},"end":{"line":20,"column":33}},"15":{"start":{"line":20,"column":40},"end":{"line":20,"column":45}},"16":{"start":{"line":22,"column":2},"end":{"line":24,"column":27}},"17":{"start":{"line":23,"column":4},"end":{"line":23,"column":63}},"18":{"start":{"line":26,"column":2},"end":{"line":96,"column":4}},"19":{"start":{"line":34,"column":30},"end":{"line":34,"column":null}},"20":{"start":{"line":37,"column":18},"end":{"line":37,"column":20}},"21":{"start":{"line":37,"column":27},"end":{"line":37,"column":29}},"22":{"start":{"line":38,"column":24},"end":{"line":39,"column":19}},"23":{"start":{"line":39,"column":12},"end":{"line":47,"column":14}},"24":{"start":{"line":48,"column":10},"end":{"line":79,"column":12}},"25":{"start":{"line":86,"column":12},"end":{"line":86,"column":42}},"26":{"start":{"line":87,"column":12},"end":{"line":87,"column":60}},"27":{"start":{"line":17,"column":0},"end":{"line":17,"column":24}}},"fnMap":{"0":{"name":"AuthorizationPage","decl":{"start":{"line":17,"column":24},"end":{"line":17,"column":41}},"loc":{"start":{"line":17,"column":41},"end":{"line":97,"column":1}}},"1":{"name":"(anonymous_3)","decl":{"start":{"line":22,"column":12},"end":{"line":22,"column":null}},"loc":{"start":{"line":22,"column":12},"end":{"line":24,"column":3}}},"2":{"name":"(anonymous_4)","decl":{"start":{"line":34,"column":18},"end":{"line":34,"column":19}},"loc":{"start":{"line":34,"column":25},"end":{"line":34,"column":38}}},"3":{"name":"(anonymous_5)","decl":{"start":{"line":37,"column":9},"end":{"line":37,"column":10}},"loc":{"start":{"line":37,"column":29},"end":{"line":80,"column":9}}},"4":{"name":"(anonymous_6)","decl":{"start":{"line":38,"column":24},"end":{"line":38,"column":25}},"loc":{"start":{"line":38,"column":37},"end":{"line":39,"column":19}}},"5":{"name":"(anonymous_7)","decl":{"start":{"line":85,"column":19},"end":{"line":85,"column":null}},"loc":{"start":{"line":85,"column":19},"end":{"line":88,"column":11}}}},"branchMap":{"0":{"loc":{"start":{"line":23,"column":4},"end":{"line":23,"column":62}},"type":"binary-expr","locations":[{"start":{"line":23,"column":4},"end":{"line":23,"column":12}},{"start":{"line":23,"column":16},"end":{"line":23,"column":62}}]},"1":{"loc":{"start":{"line":39,"column":12},"end":{"line":46,"column":null}},"type":"binary-expr","locations":[{"start":{"line":39,"column":12},"end":{"line":39,"column":25}},{"start":{"line":40,"column":12},"end":{"line":40,"column":24}},{"start":{"line":41,"column":14},"end":{"line":45,"column":null}}]},"2":{"loc":{"start":{"line":62,"column":15},"end":{"line":68,"column":null}},"type":"binary-expr","locations":[{"start":{"line":62,"column":15},"end":{"line":62,"column":26}},{"start":{"line":63,"column":16},"end":{"line":67,"column":null}}]},"3":{"loc":{"start":{"line":71,"column":23},"end":{"line":71,"column":57}},"type":"cond-expr","locations":[{"start":{"line":71,"column":33},"end":{"line":71,"column":45}},{"start":{"line":71,"column":48},"end":{"line":71,"column":57}}]}},"s":{"0":3,"1":3,"2":3,"3":3,"4":3,"5":3,"6":3,"7":3,"8":3,"9":3,"10":10,"11":10,"12":10,"13":10,"14":10,"15":10,"16":10,"17":7,"18":10,"19":2,"20":33,"21":33,"22":33,"23":66,"24":33,"25":1,"26":1,"27":3},"f":{"0":10,"1":7,"2":2,"3":33,"4":66,"5":1},"b":{"0":[7,1],"1":[66,50,19],"2":[33,6],"3":[4,29]}}
,"C:\\Users\\user\\rnt\\rnt-ts\\src\\pages\\movieInfoPage\\movieInfoPage.css": {"path":"C:\\Users\\user\\rnt\\rnt-ts\\src\\pages\\movieInfoPage\\movieInfoPage.css","statementMap":{"0":{"start":{"line":1,"column":13},"end":{"line":1,"column":552}},"1":{"start":{"line":3,"column":4},"end":{"line":24,"column":5}},"2":{"start":{"line":4,"column":8},"end":{"line":6,"column":11}},"3":{"start":{"line":7,"column":8},"end":{"line":18,"column":11}},"4":{"start":{"line":9,"column":16},"end":{"line":11,"column":17}},"5":{"start":{"line":10,"column":20},"end":{"line":10,"column":34}},"6":{"start":{"line":12,"column":16},"end":{"line":12,"column":36}},"7":{"start":{"line":16,"column":16},"end":{"line":16,"column":30}},"8":{"start":{"line":20,"column":8},"end":{"line":22,"column":11}},"9":{"start":{"line":23,"column":8},"end":{"line":23,"column":31}}},"fnMap":{"0":{"name":"(anonymous_0)","decl":{"start":{"line":8,"column":12},"end":{"line":8,"column":13}},"loc":{"start":{"line":8,"column":30},"end":{"line":13,"column":13}},"line":8},"1":{"name":"(anonymous_1)","decl":{"start":{"line":15,"column":12},"end":{"line":15,"column":13}},"loc":{"start":{"line":15,"column":29},"end":{"line":17,"column":13}},"line":15}},"branchMap":{"0":{"loc":{"start":{"line":3,"column":4},"end":{"line":24,"column":5}},"type":"if","locations":[{"start":{"line":3,"column":4},"end":{"line":24,"column":5}},{"start":{"line":19,"column":11},"end":{"line":24,"column":5}}],"line":3},"1":{"loc":{"start":{"line":3,"column":8},"end":{"line":3,"column":44}},"type":"binary-expr","locations":[{"start":{"line":3,"column":8},"end":{"line":3,"column":34}},{"start":{"line":3,"column":38},"end":{"line":3,"column":44}}],"line":3},"2":{"loc":{"start":{"line":9,"column":16},"end":{"line":11,"column":17}},"type":"if","locations":[{"start":{"line":9,"column":16},"end":{"line":11,"column":17}},{"start":{},"end":{}}],"line":9}},"s":{"0":3,"1":3,"2":3,"3":3,"4":0,"5":0,"6":0,"7":0,"8":0,"9":0},"f":{"0":0,"1":0},"b":{"0":[3,0],"1":[3,3],"2":[0,0]},"_coverageSchema":"1a1c01bbd47fc00a2c39e90264f33305004495a9","hash":"ac17ccec3295bc9d864e3cb1d524c14b3c2b721e"}
,"C:\\Users\\user\\rnt\\rnt-ts\\src\\pages\\movieInfoPage\\movieInfoPage.tsx": {"path":"C:\\Users\\user\\rnt\\rnt-ts\\src\\pages\\movieInfoPage\\movieInfoPage.tsx","statementMap":{"0":{"start":{"line":1,"column":0},"end":{"line":1,"column":29}},"1":{"start":{"line":2,"column":0},"end":{"line":2,"column":52}},"2":{"start":{"line":3,"column":0},"end":{"line":3,"column":55}},"3":{"start":{"line":4,"column":0},"end":{"line":4,"column":null}},"4":{"start":{"line":9,"column":0},"end":{"line":9,"column":71}},"5":{"start":{"line":10,"column":0},"end":{"line":10,"column":38}},"6":{"start":{"line":12,"column":0},"end":{"line":12,"column":34}},"7":{"start":{"line":15,"column":19},"end":{"line":15,"column":45}},"8":{"start":{"line":16,"column":36},"end":{"line":16,"column":66}},"9":{"start":{"line":16,"column":15},"end":{"line":16,"column":17}},"10":{"start":{"line":16,"column":24},"end":{"line":16,"column":26}},"11":{"start":{"line":16,"column":31},"end":{"line":16,"column":36}},"12":{"start":{"line":17,"column":19},"end":{"line":17,"column":32}},"13":{"start":{"line":18,"column":22},"end":{"line":18,"column":34}},"14":{"start":{"line":19,"column":19},"end":{"line":19,"column":32}},"15":{"start":{"line":21,"column":2},"end":{"line":28,"column":26}},"16":{"start":{"line":22,"column":4},"end":{"line":27,"column":8}},"17":{"start":{"line":30,"column":2},"end":{"line":34,"column":45}},"18":{"start":{"line":31,"column":4},"end":{"line":33,"column":7}},"19":{"start":{"line":36,"column":2},"end":{"line":73,"column":4}},"20":{"start":{"line":42,"column":14},"end":{"line":42,"column":42}},"21":{"start":{"line":43,"column":14},"end":{"line":43,"column":61}},"22":{"start":{"line":14,"column":0},"end":{"line":14,"column":24}}},"fnMap":{"0":{"name":"MovieInfoPage","decl":{"start":{"line":14,"column":24},"end":{"line":14,"column":37}},"loc":{"start":{"line":14,"column":37},"end":{"line":74,"column":1}}},"1":{"name":"(anonymous_3)","decl":{"start":{"line":21,"column":12},"end":{"line":21,"column":null}},"loc":{"start":{"line":21,"column":12},"end":{"line":28,"column":3}}},"2":{"name":"(anonymous_4)","decl":{"start":{"line":30,"column":12},"end":{"line":30,"column":null}},"loc":{"start":{"line":30,"column":12},"end":{"line":34,"column":3}}},"3":{"name":"(anonymous_5)","decl":{"start":{"line":41,"column":21},"end":{"line":41,"column":null}},"loc":{"start":{"line":41,"column":21},"end":{"line":44,"column":13}}}},"branchMap":{"0":{"loc":{"start":{"line":22,"column":4},"end":{"line":26,"column":null}},"type":"binary-expr","locations":[{"start":{"line":22,"column":4},"end":{"line":22,"column":11}},{"start":{"line":23,"column":6},"end":{"line":26,"column":null}}]},"1":{"loc":{"start":{"line":51,"column":9},"end":{"line":51,"column":73}},"type":"binary-expr","locations":[{"start":{"line":51,"column":9},"end":{"line":51,"column":16}},{"start":{"line":51,"column":20},"end":{"line":51,"column":73}}]},"2":{"loc":{"start":{"line":52,"column":9},"end":{"line":52,"column":68}},"type":"binary-expr","locations":[{"start":{"line":52,"column":9},"end":{"line":52,"column":14}},{"start":{"line":52,"column":18},"end":{"line":52,"column":68}}]},"3":{"loc":{"start":{"line":53,"column":9},"end":{"line":69,"column":null}},"type":"binary-expr","locations":[{"start":{"line":53,"column":9},"end":{"line":53,"column":14}},{"start":{"line":54,"column":10},"end":{"line":68,"column":null}}]}},"s":{"0":3,"1":3,"2":3,"3":3,"4":3,"5":3,"6":3,"7":3,"8":3,"9":3,"10":3,"11":3,"12":3,"13":3,"14":3,"15":3,"16":1,"17":3,"18":1,"19":3,"20":1,"21":1,"22":3},"f":{"0":3,"1":1,"2":1,"3":1},"b":{"0":[1,1],"1":[3,2],"2":[3,0],"3":[3,0]}}
,"C:\\Users\\user\\rnt\\rnt-ts\\src\\pages\\notFoundPage\\notFoundPage.css": {"path":"C:\\Users\\user\\rnt\\rnt-ts\\src\\pages\\notFoundPage\\notFoundPage.css","statementMap":{"0":{"start":{"line":1,"column":13},"end":{"line":1,"column":208}},"1":{"start":{"line":3,"column":4},"end":{"line":24,"column":5}},"2":{"start":{"line":4,"column":8},"end":{"line":6,"column":11}},"3":{"start":{"line":7,"column":8},"end":{"line":18,"column":11}},"4":{"start":{"line":9,"column":16},"end":{"line":11,"column":17}},"5":{"start":{"line":10,"column":20},"end":{"line":10,"column":34}},"6":{"start":{"line":12,"column":16},"end":{"line":12,"column":36}},"7":{"start":{"line":16,"column":16},"end":{"line":16,"column":30}},"8":{"start":{"line":20,"column":8},"end":{"line":22,"column":11}},"9":{"start":{"line":23,"column":8},"end":{"line":23,"column":31}}},"fnMap":{"0":{"name":"(anonymous_0)","decl":{"start":{"line":8,"column":12},"end":{"line":8,"column":13}},"loc":{"start":{"line":8,"column":30},"end":{"line":13,"column":13}},"line":8},"1":{"name":"(anonymous_1)","decl":{"start":{"line":15,"column":12},"end":{"line":15,"column":13}},"loc":{"start":{"line":15,"column":29},"end":{"line":17,"column":13}},"line":15}},"branchMap":{"0":{"loc":{"start":{"line":3,"column":4},"end":{"line":24,"column":5}},"type":"if","locations":[{"start":{"line":3,"column":4},"end":{"line":24,"column":5}},{"start":{"line":19,"column":11},"end":{"line":24,"column":5}}],"line":3},"1":{"loc":{"start":{"line":3,"column":8},"end":{"line":3,"column":44}},"type":"binary-expr","locations":[{"start":{"line":3,"column":8},"end":{"line":3,"column":34}},{"start":{"line":3,"column":38},"end":{"line":3,"column":44}}],"line":3},"2":{"loc":{"start":{"line":9,"column":16},"end":{"line":11,"column":17}},"type":"if","locations":[{"start":{"line":9,"column":16},"end":{"line":11,"column":17}},{"start":{},"end":{}}],"line":9}},"s":{"0":3,"1":3,"2":3,"3":3,"4":0,"5":0,"6":0,"7":0,"8":0,"9":0},"f":{"0":0,"1":0},"b":{"0":[3,0],"1":[3,3],"2":[0,0]},"_coverageSchema":"1a1c01bbd47fc00a2c39e90264f33305004495a9","hash":"f3a2897520ec608d283a8b1edfcf4795a2806643"}
,"C:\\Users\\user\\rnt\\rnt-ts\\src\\pages\\notFoundPage\\notFoundPage.tsx": {"path":"C:\\Users\\user\\rnt\\rnt-ts\\src\\pages\\notFoundPage\\notFoundPage.tsx","statementMap":{"0":{"start":{"line":1,"column":0},"end":{"line":1,"column":38}},"1":{"start":{"line":2,"column":0},"end":{"line":2,"column":28}},"2":{"start":{"line":3,"column":0},"end":{"line":3,"column":40}},"3":{"start":{"line":6,"column":2},"end":{"line":16,"column":4}},"4":{"start":{"line":5,"column":0},"end":{"line":5,"column":24}}},"fnMap":{"0":{"name":"NotFoundPage","decl":{"start":{"line":5,"column":24},"end":{"line":5,"column":36}},"loc":{"start":{"line":5,"column":36},"end":{"line":17,"column":1}}}},"branchMap":{},"s":{"0":3,"1":3,"2":3,"3":1,"4":3},"f":{"0":1},"b":{}}
,"C:\\Users\\user\\rnt\\rnt-ts\\src\\pages\\registrationPage\\registrationPage.css": {"path":"C:\\Users\\user\\rnt\\rnt-ts\\src\\pages\\registrationPage\\registrationPage.css","statementMap":{"0":{"start":{"line":1,"column":13},"end":{"line":1,"column":472}},"1":{"start":{"line":3,"column":4},"end":{"line":24,"column":5}},"2":{"start":{"line":4,"column":8},"end":{"line":6,"column":11}},"3":{"start":{"line":7,"column":8},"end":{"line":18,"column":11}},"4":{"start":{"line":9,"column":16},"end":{"line":11,"column":17}},"5":{"start":{"line":10,"column":20},"end":{"line":10,"column":34}},"6":{"start":{"line":12,"column":16},"end":{"line":12,"column":36}},"7":{"start":{"line":16,"column":16},"end":{"line":16,"column":30}},"8":{"start":{"line":20,"column":8},"end":{"line":22,"column":11}},"9":{"start":{"line":23,"column":8},"end":{"line":23,"column":31}}},"fnMap":{"0":{"name":"(anonymous_0)","decl":{"start":{"line":8,"column":12},"end":{"line":8,"column":13}},"loc":{"start":{"line":8,"column":30},"end":{"line":13,"column":13}},"line":8},"1":{"name":"(anonymous_1)","decl":{"start":{"line":15,"column":12},"end":{"line":15,"column":13}},"loc":{"start":{"line":15,"column":29},"end":{"line":17,"column":13}},"line":15}},"branchMap":{"0":{"loc":{"start":{"line":3,"column":4},"end":{"line":24,"column":5}},"type":"if","locations":[{"start":{"line":3,"column":4},"end":{"line":24,"column":5}},{"start":{"line":19,"column":11},"end":{"line":24,"column":5}}],"line":3},"1":{"loc":{"start":{"line":3,"column":8},"end":{"line":3,"column":44}},"type":"binary-expr","locations":[{"start":{"line":3,"column":8},"end":{"line":3,"column":34}},{"start":{"line":3,"column":38},"end":{"line":3,"column":44}}],"line":3},"2":{"loc":{"start":{"line":9,"column":16},"end":{"line":11,"column":17}},"type":"if","locations":[{"start":{"line":9,"column":16},"end":{"line":11,"column":17}},{"start":{},"end":{}}],"line":9}},"s":{"0":3,"1":3,"2":3,"3":3,"4":0,"5":0,"6":0,"7":0,"8":0,"9":0},"f":{"0":0,"1":0},"b":{"0":[3,0],"1":[3,3],"2":[0,0]},"_coverageSchema":"1a1c01bbd47fc00a2c39e90264f33305004495a9","hash":"f1019086f31ae8648607aab9158a55c59dde2a57"}
,"C:\\Users\\user\\rnt\\rnt-ts\\src\\pages\\registrationPage\\registrationPage.tsx": {"path":"C:\\Users\\user\\rnt\\rnt-ts\\src\\pages\\registrationPage\\registrationPage.tsx","statementMap":{"0":{"start":{"line":1,"column":0},"end":{"line":1,"column":32}},"1":{"start":{"line":2,"column":0},"end":{"line":2,"column":38}},"2":{"start":{"line":3,"column":0},"end":{"line":3,"column":55}},"3":{"start":{"line":4,"column":0},"end":{"line":4,"column":52}},"4":{"start":{"line":5,"column":0},"end":{"line":5,"column":61}},"5":{"start":{"line":6,"column":0},"end":{"line":6,"column":null}},"6":{"start":{"line":12,"column":0},"end":{"line":12,"column":47}},"7":{"start":{"line":13,"column":0},"end":{"line":13,"column":38}},"8":{"start":{"line":14,"column":0},"end":{"line":14,"column":70}},"9":{"start":{"line":17,"column":19},"end":{"line":17,"column":45}},"10":{"start":{"line":18,"column":19},"end":{"line":18,"column":32}},"11":{"start":{"line":19,"column":52},"end":{"line":19,"column":77}},"12":{"start":{"line":19,"column":21},"end":{"line":19,"column":23}},"13":{"start":{"line":19,"column":30},"end":{"line":19,"column":32}},"14":{"start":{"line":19,"column":47},"end":{"line":19,"column":52}},"15":{"start":{"line":21,"column":2},"end":{"line":106,"column":4}},"16":{"start":{"line":31,"column":30},"end":{"line":31,"column":null}},"17":{"start":{"line":34,"column":18},"end":{"line":34,"column":20}},"18":{"start":{"line":34,"column":27},"end":{"line":34,"column":29}},"19":{"start":{"line":35,"column":24},"end":{"line":36,"column":19}},"20":{"start":{"line":36,"column":12},"end":{"line":44,"column":14}},"21":{"start":{"line":46,"column":10},"end":{"line":89,"column":12}},"22":{"start":{"line":96,"column":12},"end":{"line":96,"column":42}},"23":{"start":{"line":97,"column":12},"end":{"line":97,"column":61}},"24":{"start":{"line":16,"column":0},"end":{"line":16,"column":24}}},"fnMap":{"0":{"name":"RegistrationPage","decl":{"start":{"line":16,"column":24},"end":{"line":16,"column":40}},"loc":{"start":{"line":16,"column":40},"end":{"line":107,"column":1}}},"1":{"name":"(anonymous_3)","decl":{"start":{"line":31,"column":18},"end":{"line":31,"column":19}},"loc":{"start":{"line":31,"column":25},"end":{"line":31,"column":38}}},"2":{"name":"(anonymous_4)","decl":{"start":{"line":34,"column":9},"end":{"line":34,"column":10}},"loc":{"start":{"line":34,"column":29},"end":{"line":90,"column":9}}},"3":{"name":"(anonymous_5)","decl":{"start":{"line":35,"column":24},"end":{"line":35,"column":25}},"loc":{"start":{"line":35,"column":37},"end":{"line":36,"column":19}}},"4":{"name":"(anonymous_6)","decl":{"start":{"line":95,"column":19},"end":{"line":95,"column":null}},"loc":{"start":{"line":95,"column":19},"end":{"line":98,"column":11}}}},"branchMap":{"0":{"loc":{"start":{"line":36,"column":12},"end":{"line":43,"column":null}},"type":"binary-expr","locations":[{"start":{"line":36,"column":12},"end":{"line":36,"column":25}},{"start":{"line":37,"column":12},"end":{"line":37,"column":24}},{"start":{"line":38,"column":14},"end":{"line":42,"column":null}}]},"1":{"loc":{"start":{"line":72,"column":15},"end":{"line":75,"column":null}},"type":"binary-expr","locations":[{"start":{"line":72,"column":15},"end":{"line":72,"column":30}},{"start":{"line":73,"column":16},"end":{"line":73,"column":null}}]},"2":{"loc":{"start":{"line":77,"column":15},"end":{"line":78,"column":null}},"type":"binary-expr","locations":[{"start":{"line":77,"column":15},"end":{"line":77,"column":26}},{"start":{"line":78,"column":16},"end":{"line":78,"column":78}}]},"3":{"loc":{"start":{"line":81,"column":23},"end":{"line":81,"column":57}},"type":"cond-expr","locations":[{"start":{"line":81,"column":33},"end":{"line":81,"column":45}},{"start":{"line":81,"column":48},"end":{"line":81,"column":57}}]}},"s":{"0":3,"1":3,"2":3,"3":3,"4":3,"5":3,"6":3,"7":3,"8":3,"9":2,"10":2,"11":2,"12":2,"13":2,"14":2,"15":2,"16":0,"17":16,"18":16,"19":16,"20":64,"21":16,"22":1,"23":1,"24":3},"f":{"0":2,"1":0,"2":16,"3":64,"4":1},"b":{"0":[64,56,42],"1":[16,0],"2":[16,0],"3":[0,16]}}
,"C:\\Users\\user\\rnt\\rnt-ts\\src\\pages\\searchMoviePage\\searchMoviePage.css": {"path":"C:\\Users\\user\\rnt\\rnt-ts\\src\\pages\\searchMoviePage\\searchMoviePage.css","statementMap":{"0":{"start":{"line":1,"column":13},"end":{"line":1,"column":340}},"1":{"start":{"line":3,"column":4},"end":{"line":24,"column":5}},"2":{"start":{"line":4,"column":8},"end":{"line":6,"column":11}},"3":{"start":{"line":7,"column":8},"end":{"line":18,"column":11}},"4":{"start":{"line":9,"column":16},"end":{"line":11,"column":17}},"5":{"start":{"line":10,"column":20},"end":{"line":10,"column":34}},"6":{"start":{"line":12,"column":16},"end":{"line":12,"column":36}},"7":{"start":{"line":16,"column":16},"end":{"line":16,"column":30}},"8":{"start":{"line":20,"column":8},"end":{"line":22,"column":11}},"9":{"start":{"line":23,"column":8},"end":{"line":23,"column":31}}},"fnMap":{"0":{"name":"(anonymous_0)","decl":{"start":{"line":8,"column":12},"end":{"line":8,"column":13}},"loc":{"start":{"line":8,"column":30},"end":{"line":13,"column":13}},"line":8},"1":{"name":"(anonymous_1)","decl":{"start":{"line":15,"column":12},"end":{"line":15,"column":13}},"loc":{"start":{"line":15,"column":29},"end":{"line":17,"column":13}},"line":15}},"branchMap":{"0":{"loc":{"start":{"line":3,"column":4},"end":{"line":24,"column":5}},"type":"if","locations":[{"start":{"line":3,"column":4},"end":{"line":24,"column":5}},{"start":{"line":19,"column":11},"end":{"line":24,"column":5}}],"line":3},"1":{"loc":{"start":{"line":3,"column":8},"end":{"line":3,"column":44}},"type":"binary-expr","locations":[{"start":{"line":3,"column":8},"end":{"line":3,"column":34}},{"start":{"line":3,"column":38},"end":{"line":3,"column":44}}],"line":3},"2":{"loc":{"start":{"line":9,"column":16},"end":{"line":11,"column":17}},"type":"if","locations":[{"start":{"line":9,"column":16},"end":{"line":11,"column":17}},{"start":{},"end":{}}],"line":9}},"s":{"0":3,"1":3,"2":3,"3":3,"4":0,"5":0,"6":0,"7":0,"8":0,"9":0},"f":{"0":0,"1":0},"b":{"0":[3,0],"1":[3,3],"2":[0,0]},"_coverageSchema":"1a1c01bbd47fc00a2c39e90264f33305004495a9","hash":"b36d681aaa7048dba3c36e11eca012f9c4a19753"}
,"C:\\Users\\user\\rnt\\rnt-ts\\src\\pages\\searchMoviePage\\searchMoviePage.tsx": {"path":"C:\\Users\\user\\rnt\\rnt-ts\\src\\pages\\searchMoviePage\\searchMoviePage.tsx","statementMap":{"0":{"start":{"line":1,"column":0},"end":{"line":1,"column":31}},"1":{"start":{"line":2,"column":0},"end":{"line":2,"column":61}},"2":{"start":{"line":3,"column":0},"end":{"line":3,"column":67}},"3":{"start":{"line":4,"column":0},"end":{"line":4,"column":47}},"4":{"start":{"line":5,"column":0},"end":{"line":5,"column":55}},"5":{"start":{"line":6,"column":0},"end":{"line":6,"column":null}},"6":{"start":{"line":11,"column":0},"end":{"line":11,"column":61}},"7":{"start":{"line":14,"column":0},"end":{"line":14,"column":52}},"8":{"start":{"line":15,"column":0},"end":{"line":15,"column":52}},"9":{"start":{"line":18,"column":19},"end":{"line":18,"column":45}},"10":{"start":{"line":20,"column":4},"end":{"line":20,"column":30}},"11":{"start":{"line":19,"column":20},"end":{"line":19,"column":22}},"12":{"start":{"line":19,"column":29},"end":{"line":19,"column":31}},"13":{"start":{"line":19,"column":36},"end":{"line":19,"column":38}},"14":{"start":{"line":19,"column":50},"end":{"line":19,"column":52}},"15":{"start":{"line":19,"column":62},"end":{"line":19,"column":64}},"16":{"start":{"line":19,"column":72},"end":{"line":19,"column":null}},"17":{"start":{"line":22,"column":28},"end":{"line":24,"column":16}},"18":{"start":{"line":23,"column":4},"end":{"line":23,"column":31}},"19":{"start":{"line":26,"column":2},"end":{"line":37,"column":53}},"20":{"start":{"line":27,"column":46},"end":{"line":29,"column":6}},"21":{"start":{"line":31,"column":28},"end":{"line":34,"column":6}},"22":{"start":{"line":36,"column":4},"end":{"line":36,"column":78}},"23":{"start":{"line":39,"column":2},"end":{"line":82,"column":4}},"24":{"start":{"line":17,"column":0},"end":{"line":17,"column":24}}},"fnMap":{"0":{"name":"SearchMoviePage","decl":{"start":{"line":17,"column":24},"end":{"line":17,"column":39}},"loc":{"start":{"line":17,"column":39},"end":{"line":83,"column":1}}},"1":{"name":"(anonymous_3)","decl":{"start":{"line":22,"column":40},"end":{"line":22,"column":null}},"loc":{"start":{"line":22,"column":40},"end":{"line":24,"column":3}}},"2":{"name":"(anonymous_4)","decl":{"start":{"line":26,"column":12},"end":{"line":26,"column":null}},"loc":{"start":{"line":26,"column":12},"end":{"line":37,"column":3}}}},"branchMap":{"0":{"loc":{"start":{"line":36,"column":23},"end":{"line":36,"column":75}},"type":"cond-expr","locations":[{"start":{"line":36,"column":38},"end":{"line":36,"column":56}},{"start":{"line":36,"column":59},"end":{"line":36,"column":75}}]},"1":{"loc":{"start":{"line":43,"column":9},"end":{"line":43,"column":74}},"type":"binary-expr","locations":[{"start":{"line":43,"column":9},"end":{"line":43,"column":16}},{"start":{"line":43,"column":20},"end":{"line":43,"column":74}}]},"2":{"loc":{"start":{"line":44,"column":9},"end":{"line":44,"column":69}},"type":"binary-expr","locations":[{"start":{"line":44,"column":9},"end":{"line":44,"column":14}},{"start":{"line":44,"column":18},"end":{"line":44,"column":69}}]},"3":{"loc":{"start":{"line":45,"column":9},"end":{"line":77,"column":null}},"type":"binary-expr","locations":[{"start":{"line":45,"column":9},"end":{"line":45,"column":17}},{"start":{"line":45,"column":21},"end":{"line":45,"column":27}},{"start":{"line":46,"column":10},"end":{"line":76,"column":null}}]},"4":{"loc":{"start":{"line":72,"column":13},"end":{"line":75,"column":null}},"type":"cond-expr","locations":[{"start":{"line":73,"column":14},"end":{"line":73,"column":47}},{"start":{"line":75,"column":14},"end
[...]
,"C:\\Users\\user\\rnt\\rnt-ts\\src\\store\\auth\\authorize.ts": {"path":"C:\\Users\\user\\rnt\\rnt-ts\\src\\store\\auth\\authorize.ts","statementMap":{"0":{"start":{"line":1,"column":0},"end":{"line":1,"column":26}},"1":{"start":{"line":2,"column":0},"end":{"line":2,"column":54}},"2":{"start":{"line":6,"column":2},"end":{"line":6,"column":51}},"3":{"start":{"line":5,"column":0},"end":{"line":5,"column":16}}},"fnMap":{"0":{"name":"authorize","decl":{"start":{"line":5,"column":16},"end":{"line":5,"column":25}},"loc":{"start":{"line":5,"column":44},"end":{"line":7,"column":1}}}},"branchMap":{},"s":{"0":4,"1":4,"2":2,"3":4},"f":{"0":2},"b":{}}
,"C:\\Users\\user\\rnt\\rnt-ts\\src\\store\\auth\\register.ts": {"path":"C:\\Users\\user\\rnt\\rnt-ts\\src\\store\\auth\\register.ts","statementMap":{"0":{"start":{"line":1,"column":0},"end":{"line":1,"column":26}},"1":{"start":{"line":2,"column":0},"end":{"line":2,"column":54}},"2":{"start":{"line":6,"column":2},"end":{"line":6,"column":50}},"3":{"start":{"line":5,"column":0},"end":{"line":5,"column":16}}},"fnMap":{"0":{"name":"register","decl":{"start":{"line":5,"column":16},"end":{"line":5,"column":24}},"loc":{"start":{"line":5,"column":43},"end":{"line":7,"column":1}}}},"branchMap":{},"s":{"0":4,"1":4,"2":0,"3":4},"f":{"0":0},"b":{}}
,"C:\\Users\\user\\rnt\\rnt-ts\\src\\store\\movie\\movieStore.ts": {"path":"C:\\Users\\user\\rnt\\rnt-ts\\src\\store\\movie\\movieStore.ts","statementMap":{"0":{"start":{"line":2,"column":0},"end":{"line":2,"column":80}},"1":{"start":{"line":4,"column":0},"end":{"line":4,"column":59}},"2":{"start":{"line":6,"column":0},"end":{"line":6,"column":null}},"3":{"start":{"line":7,"column":2},"end":{"line":7,"column":null}},"4":{"start":{"line":8,"column":2},"end":{"line":8,"column":null}},"5":{"start":{"line":11,"column":0},"end":{"line":11,"column":null}},"6":{"start":{"line":12,"column":2},"end":{"line":12,"column":null}},"7":{"start":{"line":13,"column":2},"end":{"line":13,"column":null}},"8":{"start":{"line":16,"column":13},"end":{"line":22,"column":2}},"9":{"start":{"line":18,"column":32},"end":{"line":21,"column":null}},"10":{"start":{"line":19,"column":16},"end":{"line":19,"column":null}},"11":{"start":{"line":19,"column":10},"end":{"line":19,"column":null}},"12":{"start":{"line":20,"column":4},"end":{"line":20,"column":20}},"13":{"start":{"line":33,"column":33},"end":{"line":38,"column":2}},"14":{"start":{"line":40,"column":13},"end":{"line":72,"column":3}},"15":{"start":{"line":45,"column":6},"end":{"line":47,"column":48}},"16":{"start":{"line":50,"column":6},"end":{"line":52,"column":44}},"17":{"start":{"line":55,"column":6},"end":{"line":55,"column":42}},"18":{"start":{"line":59,"column":4},"end":{"line":62,"column":7}},"19":{"start":{"line":60,"column":6},"end":{"line":60,"column":27}},"20":{"start":{"line":61,"column":6},"end":{"line":61,"column":30}},"21":{"start":{"line":63,"column":4},"end":{"line":66,"column":7}},"22":{"start":{"line":64,"column":6},"end":{"line":64,"column":28}},"23":{"start":{"line":65,"column":6},"end":{"line":65,"column":40}},"24":{"start":{"line":67,"column":4},"end":{"line":70,"column":7}},"25":{"start":{"line":68,"column":6},"end":{"line":68,"column":28}},"26":{"start":{"line":69,"column":6},"end":{"line":69,"column":41}},"27":{"start":{"line":74,"column":29},"end":{"line":74,"column":56}},"28":{"start":{"line":74,"column":51},"end":{"line":74,"column":63}},"29":{"start":{"line":74,"column":13},"end":{"line":74,"column":29}},"30":{"start":{"line":77,"column":13},"end":{"line":79,"column":15}}},"fnMap":{"0":{"name":"(anonymous_13)","decl":{"start":{"line":6,"column":0},"end":{"line":6,"column":12}},"loc":{"start":{"line":6,"column":22},"end":{"line":9,"column":1}}},"1":{"name":"(anonymous_14)","decl":{"start":{"line":11,"column":0},"end":{"line":11,"column":12}},"loc":{"start":{"line":11,"column":20},"end":{"line":14,"column":1}}},"2":{"name":"(anonymous_15)","decl":{"start":{"line":18,"column":2},"end":{"line":18,"column":9}},"loc":{"start":{"line":18,"column":32},"end":{"line":21,"column":null}}},"3":{"name":"(anonymous_16)","decl":{"start":{"line":18,"column":32},"end":{"line":18,"column":null}},"loc":{"start":{"line":18,"column":32},"end":{"line":21,"column":null}}},"4":{"name":"(anonymous_18)","decl":{"start":{"line":44,"column":22},"end":{"line":44,"column":23}},"loc":{"start":{"line":44,"column":28},"end":{"line":48,"column":5}}},"5":{"name":"(anonymous_19)","decl":{"start":{"line":49,"column":20},"end":{"line":49,"column":21}},"loc":{"start":{"line":49,"column":26},"end":{"line":53,"column":5}}},"6":{"name":"(anonymous_20)","decl":{"start":{"line":54,"column":21},"end":{"line":54,"column":22}},"loc":{"start":{"line":54,"column":58},"end":{"line":56,"column":5}}},"7":{"name":"(anonymous_21)","decl":{"start":{"line":58,"column":17},"end":{"line":58,"column":18}},"loc":{"start":{"line":58,"column":25},"end":{"line":71,"column":3}}},"8":{"name":"(anonymous_22)","decl":{"start":{"line":59,"column":39},"end":{"line":59,"column":40}},"loc":{"start":{"line":59,"column":45},"end":{"line":62,"column":5}}},"9":{"name":"(anonymous_23)","decl":{"start":{"line":63,"column":41},"end":{"line":63,"column":42}},"loc":{"start":{"line":63,"column":55},"end":{"line":66,"column":5}}},"10":{"name":"(anonymous_24)","decl":{"start":{"line":67,"column":40},"end":{"line":67,"column":41}},"loc":{"start":{"line":67,"column":54},"end":{"line":70,"column":5}}},"11":{"name":"(anonymous_25)","decl":{"start":{"line":74,"column":29},"end":{"line":74,"column":30}},"loc":{"start":{"line":74,"column":46},"end":{"line":74,"column":56}}}},"branchMap":{"0":{"loc":{"start":{"line":6,"column":12},"end":{"line":6,"column":null}},"type":"binary-expr","locations":[{"start":{"line":6,"column":12},"end":{"line":6,"column":22}},{"start":{"line":6,"column":12},"end":{"line":6,"column":null}}]},"1":{"loc":{"start":{"line":11,"column":12},"end":{"line":11,"column":null}},"type":"binary-expr","locations":[{"start":{"line":11,"column":12},"end":{"line":11,"column":20}},{"start":{"line":11,"column":12},"end":{"line":11,"column":null}}]},"2":{"loc":{"start":{"line":19,"column":16},"end":{"line":19,"column":null}},"type":"switch","locations":[{"start":{"line":19,"column":16},"end":{"line":19,"column":null}}]},"3":{"loc":{"start":{"line":45,"column":6},"end":{"line":47,"column":47}},"type":"cond-expr","locations":[{"start":{"line":46,"column":11},"end":{"line":46,"column":46}},{"start":{"line":47,"column":11},"end":{"line":47,"column":46}}]},"4":{"loc":{"start":{"line":50,"column":6},"end":{"line":52,"column":43}},"type":"cond-expr","locations":[{"start":{"line":51,"column":11},"end":{"line":51,"column":48}},{"start":{"line":52,"column":11},"end":{"line":52,"column":42}}]}},"s":{"0":4,"1":4,"2":4,"3":4,"4":4,"5":4,"6":4,"7":4,"8":4,"9":9,"10":9,"11":3,"12":3,"13":4,"14":4,"15":2,"16":0,"17":1,"18":4,"19":9,"20":9,"21":4,"22":3,"23":3,"24":4,"25":0,"26":0,"27":4,"28":48,"29":4,"30":4},"f":{"0":4,"1":4,"2":9,"3":9,"4":2,"5":0,"6":1,"7":4,"8":9,"9":3,"10":0,"11":48},"b":{"0":[4,4],"1":[4,4],"2":[9],"3":[1,1],"4":[0,0]}}
,"C:\\Users\\user\\rnt\\rnt-ts\\src\\store\\movie\\readMovies.ts": {"path":"C:\\Users\\user\\rnt\\rnt-ts\\src\\store\\movie\\readMovies.ts","statementMap":{"0":{"start":{"line":1,"column":0},"end":{"line":1,"column":26}},"1":{"start":{"line":3,"column":0},"end":{"line":3,"column":54}},"2":{"start":{"line":12,"column":2},"end":{"line":12,"column":54}},"3":{"start":{"line":11,"column":0},"end":{"line":11,"column":16}}},"fnMap":{"0":{"name":"readMovies","decl":{"start":{"line":11,"column":16},"end":{"line":11,"column":26}},"loc":{"start":{"line":11,"column":50},"end":{"line":13,"column":1}}}},"branchMap":{},"s":{"0":4,"1":4,"2":9,"3":4},"f":{"0":9},"b":{}}
,"C:\\Users\\user\\rnt\\rnt-ts\\src\\store\\movieInfo\\movieInfoStore.ts": {"path":"C:\\Users\\user\\rnt\\rnt-ts\\src\\store\\movieInfo\\movieInfoStore.ts","statementMap":{"0":{"start":{"line":1,"column":0},"end":{"line":1,"column":65}},"1":{"start":{"line":4,"column":0},"end":{"line":4,"column":68}},"2":{"start":{"line":12,"column":37},"end":{"line":15,"column":2}},"3":{"start":{"line":17,"column":13},"end":{"line":23,"column":2}},"4":{"start":{"line":19,"column":35},"end":{"line":22,"column":null}},"5":{"start":{"line":20,"column":16},"end":{"line":20,"column":null}},"6":{"start":{"line":20,"column":10},"end":{"line":20,"column":null}},"7":{"start":{"line":21,"column":4},"end":{"line":21,"column":23}},"8":{"start":{"line":25,"column":13},"end":{"line":47,"column":3}},"9":{"start":{"line":30,"column":6},"end":{"line":30,"column":25}},"10":{"start":{"line":34,"column":4},"end":{"line":37,"column":7}},"11":{"start":{"line":35,"column":6},"end":{"line":35,"column":27}},"12":{"start":{"line":36,"column":6},"end":{"line":36,"column":30}},"13":{"start":{"line":38,"column":4},"end":{"line":41,"column":7}},"14":{"start":{"line":39,"column":6},"end":{"line":39,"column":28}},"15":{"start":{"line":40,"column":6},"end":{"line":40,"column":35}},"16":{"start":{"line":42,"column":4},"end":{"line":45,"column":7}},"17":{"start":{"line":43,"column":6},"end":{"line":43,"column":28}},"18":{"start":{"line":44,"column":6},"end":{"line":44,"column":41}},"19":{"start":{"line":49,"column":33},"end":{"line":49,"column":60}},"20":{"start":{"line":49,"column":55},"end":{"line":49,"column":71}},"21":{"start":{"line":49,"column":13},"end":{"line":49,"column":33}},"22":{"start":{"line":52,"column":13},"end":{"line":54,"column":19}}},"fnMap":{"0":{"name":"(anonymous_13)","decl":{"start":{"line":19,"column":2},"end":{"line":19,"column":9}},"loc":{"start":{"line":19,"column":35},"end":{"line":22,"column":null}}},"1":{"name":"(anonymous_14)","decl":{"start":{"line":19,"column":35},"end":{"line":19,"column":null}},"loc":{"start":{"line":19,"column":35},"end":{"line":22,"column":null}}},"2":{"name":"(anonymous_16)","decl":{"start":{"line":29,"column":21},"end":{"line":29,"column":22}},"loc":{"start":{"line":29,"column":27},"end":{"line":31,"column":5}}},"3":{"name":"(anonymous_17)","decl":{"start":{"line":33,"column":17},"end":{"line":33,"column":18}},"loc":{"start":{"line":33,"column":25},"end":{"line":46,"column":3}}},"4":{"name":"(anonymous_18)","decl":{"start":{"line":34,"column":42},"end":{"line":34,"column":43}},"loc":{"start":{"line":34,"column":48},"end":{"line":37,"column":5}}},"5":{"name":"(anonymous_19)","decl":{"start":{"line":38,"column":44},"end":{"line":38,"column":45}},"loc":{"start":{"line":38,"column":58},"end":{"line":41,"column":5}}},"6":{"name":"(anonymous_20)","decl":{"start":{"line":42,"column":43},"end":{"line":42,"column":44}},"loc":{"start":{"line":42,"column":57},"end":{"line":45,"column":5}}},"7":{"name":"(anonymous_21)","decl":{"start":{"line":49,"column":33},"end":{"line":49,"column":34}},"loc":{"start":{"line":49,"column":50},"end":{"line":49,"column":60}}}},"branchMap":{"0":{"loc":{"start":{"line":20,"column":16},"end":{"line":20,"column":null}},"type":"switch","locations":[{"start":{"line":20,"column":16},"end":{"line":20,"column":null}}]}},"s":{"0":4,"1":4,"2":4,"3":4,"4":1,"5":1,"6":0,"7":0,"8":4,"9":1,"10":4,"11":1,"12":1,"13":4,"14":0,"15":0,"16":4,"17":0,"18":0,"19":4,"20":3,"21":4,"22":4},"f":{"0":1,"1":1,"2":1,"3":4,"4":1,"5":0,"6":0,"7":3},"b":{"0":[1]}}
,"C:\\Users\\user\\rnt\\rnt-ts\\src\\store\\movieInfo\\readMovieInfo.ts": {"path":"C:\\Users\\user\\rnt\\rnt-ts\\src\\store\\movieInfo\\readMovieInfo.ts","statementMap":{"0":{"start":{"line":1,"column":0},"end":{"line":1,"column":26}},"1":{"start":{"line":2,"column":0},"end":{"line":2,"column":54}},"2":{"start":{"line":9,"column":2},"end":{"line":9,"column":54}},"3":{"start":{"line":8,"column":0},"end":{"line":8,"column":16}}},"fnMap":{"0":{"name":"readMovieInfo","decl":{"start":{"line":8,"column":16},"end":{"line":8,"column":29}},"loc":{"start":{"line":8,"column":56},"end":{"line":10,"column":1}}}},"branchMap":{},"s":{"0":4,"1":4,"2":1,"3":4},"f":{"0":1},"b":{}}
,"C:\\Users\\user\\rnt\\rnt-ts\\src\\utils\\constants\\constants.ts": {"path":"C:\\Users\\user\\rnt\\rnt-ts\\src\\utils\\constants\\constants.ts","statementMap":{"0":{"start":{"line":1,"column":13},"end":{"line":1,"column":31}}},"fnMap":{},"branchMap":{},"s":{"0":4},"f":{},"b":{}}
,"C:\\Users\\user\\rnt\\rnt-ts\\src\\utils\\constants\\url.ts": {"path":"C:\\Users\\user\\rnt\\rnt-ts\\src\\utils\\constants\\url.ts","statementMap":{"0":{"start":{"line":1,"column":13},"end":{"line":1,"column":49}}},"fnMap":{},"branchMap":{},"s":{"0":4},"f":{},"b":{}}
,"C:\\Users\\user\\rnt\\rnt-ts\\src\\utils\\constants\\validate.ts": {"path":"C:\\Users\\user\\rnt\\rnt-ts\\src\\utils\\constants\\validate.ts","statementMap":{"0":{"start":{"line":3,"column":37},"end":{"line":24,"column":1}},"1":{"start":{"line":4,"column":29},"end":{"line":4,"column":31}},"2":{"start":{"line":6,"column":2},"end":{"line":10,"column":null}},"3":{"start":{"line":7,"column":4},"end":{"line":7,"column":30}},"4":{"start":{"line":8,"column":9},"end":{"line":10,"column":null}},"5":{"start":{"line":9,"column":4},"end":{"line":9,"column":43}},"6":{"start":{"line":12,"column":2},"end":{"line":21,"column":null}},"7":{"start":{"line":13,"column":4},"end":{"line":13,"column":33}},"8":{"start":{"line":14,"column":9},"end":{"line":21,"column":null}},"9":{"start":{"line":15,"column":4},"end":{"line":15,"column":70}},"10":{"start":{"line":16,"column":9},"end":{"line":21,"column":null}},"11":{"start":{"line":20,"column":4},"end":{"line":20,"column":72}},"12":{"start":{"line":23,"column":2},"end":{"line":23,"column":16}},"13":{"start":{"line":3,"column":13},"end":{"line":3,"column":37}},"14":{"start":{"line":26,"column":36},"end":{"line":51,"column":1}},"15":{"start":{"line":27,"column":29},"end":{"line":27,"column":31}},"16":{"start":{"line":28,"column":30},"end":{"line":28,"column":59}},"17":{"start":{"line":30,"column":2},"end":{"line":32,"column":null}},"18":{"start":{"line":31,"column":4},"end":{"line":31,"column":45}},"19":{"start":{"line":34,"column":2},"end":{"line":36,"column":null}},"20":{"start":{"line":35,"column":4},"end":{"line":35,"column":51}},"21":{"start":{"line":38,"column":2},"end":{"line":42,"column":null}},"22":{"start":{"line":39,"column":4},"end":{"line":39,"column":33}},"23":{"start":{"line":40,"column":9},"end":{"line":42,"column":null}},"24":{"start":{"line":41,"column":4},"end":{"line":41,"column":63}},"25":{"start":{"line":44,"column":2},"end":{"line":48,"column":null}},"26":{"start":{"line":45,"column":4},"end":{"line":45,"column":40}},"27":{"start":{"line":46,"column":9},"end":{"line":48,"column":null}},"28":{"start":{"line":47,"column":4},"end":{"line":47,"column":52}},"29":{"start":{"line":50,"column":2},"end":{"line":50,"column":16}},"30":{"start":{"line":26,"column":13},"end":{"line":26,"column":36}}},"fnMap":{"0":{"name":"(anonymous_0)","decl":{"start":{"line":3,"column":37},"end":{"line":3,"column":38}},"loc":{"start":{"line":3,"column":56},"end":{"line":24,"column":1}}},"1":{"name":"(anonymous_1)","decl":{"start":{"line":26,"column":36},"end":{"line":26,"column":37}},"loc":{"start":{"line":26,"column":55},"end":{"line":51,"column":1}}}},"branchMap":{"0":{"loc":{"start":{"line":6,"column":2},"end":{"line":10,"column":null}},"type":"if","locations":[{"start":{"line":6,"column":2},"end":{"line":10,"column":null}},{"start":{"line":8,"column":9},"end":{"line":10,"column":null}}]},"1":{"loc":{"start":{"line":8,"column":9},"end":{"line":10,"column":null}},"type":"if","locations":[{"start":{"line":8,"column":9},"end":{"line":10,"column":null}}]},"2":{"loc":{"start":{"line":12,"column":2},"end":{"line":21,"column":null}},"type":"if","locations":[{"start":{"line":12,"column":2},"end":{"line":21,"column":null}},{"start":{"line":14,"column":9},"end":{"line":21,"column":null}}]},"3":{"loc":{"start":{"line":14,"column":9},"end":{"line":21,"column":null}},"type":"if","locations":[{"start":{"line":14,"column":9},"end":{"line":21,"column":null}},{"start":{"line":16,"column":9},"end":{"line":21,"column":null}}]},"4":{"loc":{"start":{"line":16,"column":9},"end":{"line":21,"column":null}},"type":"if","locations":[{"start":{"line":16,"column":9},"end":{"line":21,"column":null}}]},"5":{"loc":{"start":{"line":30,"column":2},"end":{"line":32,"column":null}},"type":"if","locations":[{"start":{"line":30,"column":2},"end":{"line":32,"column":null}}]},"6":{"loc":{"start":{"line":34,"column":2},"end":{"line":36,"column":null}},"type":"if","locations":[{"start":{"line":34,"column":2},"end":{"line":36,"column":null}}]},"7":{"loc":{"start":{"line":38,"column":2},"end":{"line":42,"column":null}},"type":"if","locations":[{"start":{"line":38,"column":2},"end":{"line":42,"column":null}},{"start":{"line":40,"column":9},"end":{"line":42,"column":null}}]},"8":{"loc":{"start":{"line":40,"column":9},"end":{"line":42,"column":null}},"type":"if","locations":[{"start":{"line":40,"column":9},"end":{"line":42,"column":null}}]},"9":{"loc":{"start":{"line":44,"column":2},"end":{"line":48,"column":null}},"type":"if","locations":[{"start":{"line":44,"column":2},"end":{"line":48,"column":null}},{"start":{"line":46,"column":9},"end":{"line":48,"column":null}}]},"10":{"loc":{"start":{"line":46,"column":9},"end":{"line":48,"column":null}},"type":"if","locations":[{"start":{"line":46,"column":9},"end":{"line":48,"column":null}}]}},"s":{"0":3,"1":24,"2":24,"3":2,"4":22,"5":8,"6":24,"7":6,"8":18,"9":6,"10":12,"11":2,"12":24,"13":3,"14":3,"15":10,"16":10,"17":10,"18":5,"19":10,"20":6,"21":10,"22":2,"23":8,"24":6,"25":10,"26":4,"27":6,"28":4,"29":10,"30":3},"f":{"0":24,"1":10},"b":{"0":[2,22],"1":[8],"2":[6,18],"3":[6,12],"4":[2],"5":[5],"6":[6],"7":[2,8],"8":[6],"9":[4,6],"10":[4]}}
,"C:\\Users\\user\\rnt\\rnt-ts\\src\\utils\\hooks\\useLogin.ts": {"path":"C:\\Users\\user\\rnt\\rnt-ts\\src\\utils\\hooks\\useLogin.ts","statementMap":{"0":{"start":{"line":1,"column":0},"end":{"line":1,"column":34}},"1":{"start":{"line":2,"column":0},"end":{"line":2,"column":51}},"2":{"start":{"line":3,"column":0},"end":{"line":3,"column":55}},"3":{"start":{"line":5,"column":0},"end":{"line":5,"column":65}},"4":{"start":{"line":8,"column":19},"end":{"line":8,"column":45}},"5":{"start":{"line":9,"column":23},"end":{"line":9,"column":49}},"6":{"start":{"line":10,"column":16},"end":{"line":10,"column":49}},"7":{"start":{"line":12,"column":2},"end":{"line":14,"column":24}},"8":{"start":{"line":13,"column":4},"end":{"line":13,"column":31}},"9":{"start":{"line":16,"column":2},"end":{"line":16,"column":18}},"10":{"start":{"line":7,"column":0},"end":{"line":7,"column":16}}},"fnMap":{"0":{"name":"useLogin","decl":{"start":{"line":7,"column":16},"end":{"line":7,"column":24}},"loc":{"start":{"line":7,"column":24},"end":{"line":17,"column":1}}},"1":{"name":"(anonymous_1)","decl":{"start":{"line":12,"column":12},"end":{"line":12,"column":null}},"loc":{"start":{"line":12,"column":12},"end":{"line":14,"column":3}}}},"branchMap":{"0":{"loc":{"start":{"line":13,"column":4},"end":{"line":13,"column":30}},"type":"binary-expr","locations":[{"start":{"line":13,"column":4},"end":{"line":13,"column":9}},{"start":{"line":13,"column":13},"end":{"line":13,"column":30}}]}},"s":{"0":3,"1":3,"2":3,"3":3,"4":13,"5":13,"6":13,"7":13,"8":9,"9":13,"10":3},"f":{"0":13,"1":9},"b":{"0":[9,5]}}
}
