TN:
SF:filesMock.js
FNF:0
FNH:0
DA:1,4
LF:1
LH:1
BRF:0
BRH:0
end_of_record
TN:
SF:homeworkTS\ex_1.ts
FN:9,(anonymous_2)
FN:10,DoubleLinkedListNode
FN:17,(anonymous_4)
FN:22,DoubleLinkedList
FN:28,(anonymous_6)
FN:45,(anonymous_7)
FN:65,(anonymous_8)
FN:108,(anonymous_9)
FN:122,(anonymous_10)
FN:142,(anonymous_11)
FN:162,(anonymous_12)
FN:171,(anonymous_13)
FN:180,(anonymous_14)
FN:201,(anonymous_15)
FN:209,(anonymous_16)
FNF:15
FNH:15
FNDA:1,(anonymous_2)
FNDA:15,DoubleLinkedListNode
FNDA:1,(anonymous_4)
FNDA:4,DoubleLinkedList
FNDA:1,(anonymous_6)
FNDA:14,(anonymous_7)
FNDA:1,(anonymous_8)
FNDA:2,(anonymous_9)
FNDA:1,(anonymous_10)
FNDA:1,(anonymous_11)
FNDA:2,(anonymous_12)
FNDA:1,(anonymous_13)
FNDA:1,(anonymous_14)
FNDA:6,(anonymous_15)
FNDA:19,(anonymous_16)
DA:9,1
DA:11,15
DA:12,29
DA:13,30
DA:15,1
DA:17,1
DA:23,4
DA:24,4
DA:25,4
DA:28,1
DA:29,1
DA:31,1
DA:32,1
DA:34,1
DA:36,1
DA:37,0
DA:40,1
DA:42,1
DA:45,1
DA:46,14
DA:48,14
DA:49,10
DA:52,14
DA:54,14
DA:56,14
DA:57,4
DA:60,14
DA:62,14
DA:65,1
DA:66,1
DA:67,0
DA:70,1
DA:72,4
DA:73,4
DA:74,1
DA:76,1
DA:77,0
DA:78,0
DA:80,0
DA:81,0
DA:84,0
DA:85,0
DA:87,1
DA:88,0
DA:89,0
DA:91,0
DA:92,0
DA:95,1
DA:96,1
DA:98,1
DA:99,1
DA:100,1
DA:105,1
DA:108,1
DA:109,2
DA:110,0
DA:113,5
DA:114,5
DA:115,1
DA:119,1
DA:122,1
DA:123,1
DA:124,0
DA:127,1
DA:129,1
DA:130,1
DA:131,1
DA:133,0
DA:134,0
DA:137,1
DA:139,1
DA:142,1
DA:143,1
DA:144,0
DA:147,1
DA:149,1
DA:150,1
DA:151,1
DA:153,0
DA:154,0
DA:157,1
DA:159,1
DA:162,1
DA:163,2
DA:165,8
DA:166,8
DA:168,2
DA:171,1
DA:172,1
DA:173,2
DA:174,2
DA:177,1
DA:180,1
DA:181,1
DA:182,1
DA:184,2
DA:185,2
DA:186,2
DA:187,2
DA:189,2
DA:190,2
DA:192,2
DA:195,1
DA:196,1
DA:198,1
DA:201,1
DA:206,6
DA:208,6
DA:210,19
DA:211,15
DA:212,15
DA:214,15
DA:216,4
DA:221,1
DA:223,1
DA:224,1
DA:225,1
DA:226,1
LF:118
LH:99
BRDA:12,0,0,14
BRDA:13,1,0,15
BRDA:31,2,0,1
BRDA:36,3,0,0
BRDA:48,4,0,10
BRDA:56,5,0,4
BRDA:66,6,0,0
BRDA:73,7,0,1
BRDA:73,8,0,4
BRDA:73,8,1,4
BRDA:76,9,0,0
BRDA:76,9,1,1
BRDA:80,10,0,0
BRDA:84,11,0,0
BRDA:87,12,0,0
BRDA:87,12,1,1
BRDA:91,13,0,0
BRDA:98,14,0,1
BRDA:98,14,1,1
BRDA:99,15,0,1
BRDA:99,15,1,1
BRDA:109,16,0,0
BRDA:114,17,0,1
BRDA:114,18,0,5
BRDA:114,18,1,5
BRDA:123,19,0,0
BRDA:129,20,0,1
BRDA:129,20,1,0
BRDA:143,21,0,0
BRDA:149,22,0,1
BRDA:149,22,1,0
BRDA:174,23,0,2
BRDA:174,23,1,2
BRDA:185,24,0,2
BRDA:196,25,0,1
BRDA:196,25,1,1
BRDA:210,26,0,15
BRDA:210,26,1,4
BRF:38
BRH:26
end_of_record
TN:
SF:src\app\app.css
FN:8,(anonymous_0)
FN:15,(anonymous_1)
FNF:2
FNH:0
FNDA:0,(anonymous_0)
FNDA:0,(anonymous_1)
DA:1,2
DA:3,2
DA:4,2
DA:7,2
DA:9,0
DA:10,0
DA:12,0
DA:16,0
DA:20,0
DA:23,0
LF:10
LH:4
BRDA:3,0,0,2
BRDA:3,0,1,0
BRDA:3,1,0,2
BRDA:3,1,1,2
BRDA:9,2,0,0
BRDA:9,2,1,0
BRF:6
BRH:3
end_of_record
TN:
SF:src\app\app.tsx
FN:11,(anonymous_2)
FN:19,App
FNF:2
FNH:2
FNDA:2,(anonymous_2)
FNDA:13,App
DA:1,2
DA:2,2
DA:3,2
DA:4,2
DA:5,2
DA:6,2
DA:7,2
DA:8,2
DA:9,2
DA:11,2
DA:12,2
DA:13,2
DA:14,2
DA:15,2
DA:16,2
DA:19,2
DA:20,13
DA:22,13
LF:18
LH:18
BRDA:11,0,0,2
BRDA:11,0,1,2
BRF:2
BRH:2
end_of_record
TN:
SF:src\app\appStore.ts
FNF:0
FNH:0
DA:1,3
DA:2,3
DA:3,3
DA:4,3
DA:6,3
LF:5
LH:5
BRF:0
BRH:0
end_of_record
TN:
SF:src\components\button\button.css
FN:8,(anonymous_0)
FN:15,(anonymous_1)
FNF:2
FNH:0
FNDA:0,(anonymous_0)
FNDA:0,(anonymous_1)
DA:1,3
DA:3,3
DA:4,3
DA:7,3
DA:9,0
DA:10,0
DA:12,0
DA:16,0
DA:20,0
DA:23,0
LF:10
LH:4
BRDA:3,0,0,3
BRDA:3,0,1,0
BRDA:3,1,0,3
BRDA:3,1,1,3
BRDA:9,2,0,0
BRDA:9,2,1,0
BRF:6
BRH:3
end_of_record
TN:
SF:src\components\button\button.tsx
FN:10,Button
FNF:1
FNH:1
FNDA:86,Button
DA:1,3
DA:2,3
DA:10,3
DA:11,86
DA:17,86
LF:5
LH:5
BRF:0
BRH:0
end_of_record
TN:
SF:src\components\footer\footer.css
FN:8,(anonymous_0)
FN:15,(anonymous_1)
FNF:2
FNH:0
FNDA:0,(anonymous_0)
FNDA:0,(anonymous_1)
DA:1,2
DA:3,2
DA:4,2
DA:7,2
DA:9,0
DA:10,0
DA:12,0
DA:16,0
DA:20,0
DA:23,0
LF:10
LH:4
BRDA:3,0,0,2
BRDA:3,0,1,0
BRDA:3,1,0,2
BRDA:3,1,1,2
BRDA:9,2,0,0
BRDA:9,2,1,0
BRF:6
BRH:3
end_of_record
TN:
SF:src\components\footer\footer.tsx
FN:4,Footer
FNF:1
FNH:1
FNDA:10,Footer
DA:1,2
DA:2,2
DA:4,2
DA:5,10
LF:4
LH:4
BRF:0
BRH:0
end_of_record
TN:
SF:src\components\formField\formField.css
FN:8,(anonymous_0)
FN:15,(anonymous_1)
FNF:2
FNH:0
FNDA:0,(anonymous_0)
FNDA:0,(anonymous_1)
DA:1,2
DA:3,2
DA:4,2
DA:7,2
DA:9,0
DA:10,0
DA:12,0
DA:16,0
DA:20,0
DA:23,0
LF:10
LH:4
BRDA:3,0,0,2
BRDA:3,0,1,0
BRDA:3,1,0,2
BRDA:3,1,1,2
BRDA:9,2,0,0
BRDA:9,2,1,0
BRF:6
BRH:3
end_of_record
TN:
SF:src\components\formField\formField.tsx
FN:10,FormField
FNF:1
FNH:1
FNDA:130,FormField
DA:1,2
DA:2,2
DA:10,2
DA:11,130
DA:12,130
LF:5
LH:5
BRF:0
BRH:0
end_of_record
TN:
SF:src\components\header\header.css
FN:8,(anonymous_0)
FN:15,(anonymous_1)
FNF:2
FNH:0
FNDA:0,(anonymous_0)
FNDA:0,(anonymous_1)
DA:1,3
DA:3,3
DA:4,3
DA:7,3
DA:9,0
DA:10,0
DA:12,0
DA:16,0
DA:20,0
DA:23,0
LF:10
LH:4
BRDA:3,0,0,3
BRDA:3,0,1,0
BRDA:3,1,0,3
BRDA:3,1,1,3
BRDA:9,2,0,0
BRDA:9,2,1,0
BRF:6
BRH:3
end_of_record
TN:
SF:src\components\header\header.tsx
FN:9,Header
FN:17,(anonymous_3)
FNF:2
FNH:2
FNDA:11,Header
FNDA:1,(anonymous_3)
DA:1,3
DA:2,3
DA:3,3
DA:4,3
DA:5,3
DA:6,3
DA:9,3
DA:10,11
DA:12,11
DA:18,1
LF:10
LH:10
BRF:0
BRH:0
end_of_record
TN:
SF:src\components\logo\logo.css
FN:8,(anonymous_0)
FN:15,(anonymous_1)
FNF:2
FNH:0
FNDA:0,(anonymous_0)
FNDA:0,(anonymous_1)
DA:1,4
DA:3,4
DA:4,4
DA:7,4
DA:9,0
DA:10,0
DA:12,0
DA:16,0
DA:20,0
DA:23,0
LF:10
LH:4
BRDA:3,0,0,4
BRDA:3,0,1,0
BRDA:3,1,0,4
BRDA:3,1,1,4
BRDA:9,2,0,0
BRDA:9,2,1,0
BRF:6
BRH:3
end_of_record
TN:
SF:src\components\logo\logo.tsx
FN:4,Logo
FNF:1
FNH:1
FNDA:22,Logo
DA:1,4
DA:2,4
DA:4,4
DA:5,22
LF:4
LH:4
BRF:0
BRH:0
end_of_record
TN:
SF:src\components\movie\movie.css
FN:8,(anonymous_0)
FN:15,(anonymous_1)
FNF:2
FNH:0
FNDA:0,(anonymous_0)
FNDA:0,(anonymous_1)
DA:1,2
DA:3,2
DA:4,2
DA:7,2
DA:9,0
DA:10,0
DA:12,0
DA:16,0
DA:20,0
DA:23,0
LF:10
LH:4
BRDA:3,0,0,2
BRDA:3,0,1,0
BRDA:3,1,0,2
BRDA:3,1,1,2
BRDA:9,2,0,0
BRDA:9,2,1,0
BRF:6
BRH:3
end_of_record
TN:
SF:src\components\movie\movie.tsx
FN:22,Movie
FN:26,(anonymous_3)
FN:37,(anonymous_4)
FNF:3
FNH:3
FNDA:32,Movie
FNDA:1,(anonymous_3)
FNDA:1,(anonymous_4)
DA:1,2
DA:2,2
DA:3,2
DA:4,2
DA:22,32
DA:23,32
DA:25,32
DA:27,1
DA:34,32
DA:38,1
LF:10
LH:10
BRF:0
BRH:0
end_of_record
TN:
SF:src\components\movieList\movieList.css
FN:8,(anonymous_0)
FN:15,(anonymous_1)
FNF:2
FNH:0
FNDA:0,(anonymous_0)
FNDA:0,(anonymous_1)
DA:1,2
DA:3,2
DA:4,2
DA:7,2
DA:9,0
DA:10,0
DA:12,0
DA:16,0
DA:20,0
DA:23,0
LF:10
LH:4
BRDA:3,0,0,2
BRDA:3,0,1,0
BRDA:3,1,0,2
BRDA:3,1,1,2
BRDA:9,2,0,0
BRDA:9,2,1,0
BRF:6
BRH:3
end_of_record
TN:
SF:src\components\movieList\movieList.tsx
FN:8,MovieList
FN:11,(anonymous_3)
FNF:2
FNH:2
FNDA:2,MovieList
FNDA:32,(anonymous_3)
DA:1,2
DA:2,2
DA:8,2
DA:9,2
DA:12,32
LF:5
LH:5
BRF:0
BRH:0
end_of_record
TN:
SF:src\components\radioButton\radioButton.css
FN:8,(anonymous_0)
FN:15,(anonymous_1)
FNF:2
FNH:0
FNDA:0,(anonymous_0)
FNDA:0,(anonymous_1)
DA:1,3
DA:3,3
DA:4,3
DA:7,3
DA:9,0
DA:10,0
DA:12,0
DA:16,0
DA:20,0
DA:23,0
LF:10
LH:4
BRDA:3,0,0,3
BRDA:3,0,1,0
BRDA:3,1,0,3
BRDA:3,1,1,3
BRDA:9,2,0,0
BRDA:9,2,1,0
BRF:6
BRH:3
end_of_record
TN:
SF:src\components\radioButton\radioButton.tsx
FN:11,RadioButton
FNF:1
FNH:1
FNDA:28,RadioButton
DA:1,3
DA:2,3
DA:11,3
DA:12,28
DA:17,28
DA:22,28
LF:6
LH:6
BRF:0
BRH:0
end_of_record
TN:
SF:src\components\searchMovie\searchMovie.css
FN:8,(anonymous_0)
FN:15,(anonymous_1)
FNF:2
FNH:0
FNDA:0,(anonymous_0)
FNDA:0,(anonymous_1)
DA:1,3
DA:3,3
DA:4,3
DA:7,3
DA:9,0
DA:10,0
DA:12,0
DA:16,0
DA:20,0
DA:23,0
LF:10
LH:4
BRDA:3,0,0,3
BRDA:3,0,1,0
BRDA:3,1,0,3
BRDA:3,1,1,3
BRDA:9,2,0,0
BRDA:9,2,1,0
BRF:6
BRH:3
end_of_record
TN:
SF:src\components\searchMovie\searchMovie.tsx
FN:14,SearchMovie
FN:20,(anonymous_3)
FN:28,(anonymous_4)
FNF:3
FNH:2
FNDA:11,SearchMovie
FNDA:2,(anonymous_3)
FNDA:0,(anonymous_4)
DA:1,3
DA:2,3
DA:3,3
DA:4,3
DA:5,3
DA:6,3
DA:14,3
DA:15,11
DA:16,11
DA:18,11
DA:20,11
DA:21,2
DA:24,11
DA:29,0
DA:30,0
LF:15
LH:13
BRDA:18,0,0,11
BRDA:18,0,1,0
BRDA:30,1,0,0
BRDA:30,1,1,0
BRDA:39,2,0,10
BRDA:39,2,1,1
BRF:6
BRH:3
end_of_record
TN:
SF:src\pages\authorizationPage\authorizationPage.css
FN:8,(anonymous_0)
FN:15,(anonymous_1)
FNF:2
FNH:0
FNDA:0,(anonymous_0)
FNDA:0,(anonymous_1)
DA:1,2
DA:3,2
DA:4,2
DA:7,2
DA:9,0
DA:10,0
DA:12,0
DA:16,0
DA:20,0
DA:23,0
LF:10
LH:4
BRDA:3,0,0,2
BRDA:3,0,1,0
BRDA:3,1,0,2
BRDA:3,1,1,2
BRDA:9,2,0,0
BRDA:9,2,1,0
BRF:6
BRH:3
end_of_record
TN:
SF:src\pages\authorizationPage\authorizationPage.tsx
FN:17,AuthorizationPage
FN:22,(anonymous_3)
FN:34,(anonymous_4)
FN:37,(anonymous_5)
FN:38,(anonymous_6)
FN:85,(anonymous_7)
FNF:6
FNH:6
FNDA:10,AuthorizationPage
FNDA:7,(anonymous_3)
FNDA:2,(anonymous_4)
FNDA:33,(anonymous_5)
FNDA:66,(anonymous_6)
FNDA:1,(anonymous_7)
DA:1,2
DA:2,2
DA:3,2
DA:4,2
DA:9,2
DA:10,2
DA:11,2
DA:13,2
DA:14,2
DA:15,2
DA:17,2
DA:18,10
DA:19,10
DA:20,10
DA:22,10
DA:23,7
DA:26,10
DA:34,2
DA:37,33
DA:38,33
DA:39,66
DA:48,33
DA:86,1
DA:87,1
LF:24
LH:24
BRDA:23,0,0,7
BRDA:23,0,1,1
BRDA:39,1,0,66
BRDA:39,1,1,50
BRDA:39,1,2,19
BRDA:62,2,0,33
BRDA:62,2,1,6
BRDA:71,3,0,4
BRDA:71,3,1,29
BRF:9
BRH:9
end_of_record
TN:
SF:src\pages\movieInfoPage\movieInfoPage.css
FN:8,(anonymous_0)
FN:15,(anonymous_1)
FNF:2
FNH:0
FNDA:0,(anonymous_0)
FNDA:0,(anonymous_1)
DA:1,2
DA:3,2
DA:4,2
DA:7,2
DA:9,0
DA:10,0
DA:12,0
DA:16,0
DA:20,0
DA:23,0
LF:10
LH:4
BRDA:3,0,0,2
BRDA:3,0,1,0
BRDA:3,1,0,2
BRDA:3,1,1,2
BRDA:9,2,0,0
BRDA:9,2,1,0
BRF:6
BRH:3
end_of_record
TN:
SF:src\pages\movieInfoPage\movieInfoPage.tsx
FN:14,MovieInfoPage
FN:21,(anonymous_3)
FN:30,(anonymous_4)
FN:41,(anonymous_5)
FNF:4
FNH:4
FNDA:3,MovieInfoPage
FNDA:1,(anonymous_3)
FNDA:1,(anonymous_4)
FNDA:1,(anonymous_5)
DA:1,2
DA:2,2
DA:3,2
DA:4,2
DA:9,2
DA:10,2
DA:12,2
DA:14,2
DA:15,3
DA:16,3
DA:17,3
DA:18,3
DA:19,3
DA:21,3
DA:22,1
DA:30,3
DA:31,1
DA:36,3
DA:42,1
DA:43,1
LF:20
LH:20
BRDA:22,0,0,1
BRDA:22,0,1,1
BRDA:51,1,0,3
BRDA:51,1,1,2
BRDA:52,2,0,3
BRDA:52,2,1,0
BRDA:53,3,0,3
BRDA:53,3,1,0
BRF:8
BRH:6
end_of_record
TN:
SF:src\pages\notFoundPage\notFoundPage.css
FN:8,(anonymous_0)
FN:15,(anonymous_1)
FNF:2
FNH:0
FNDA:0,(anonymous_0)
FNDA:0,(anonymous_1)
DA:1,2
DA:3,2
DA:4,2
DA:7,2
DA:9,0
DA:10,0
DA:12,0
DA:16,0
DA:20,0
DA:23,0
LF:10
LH:4
BRDA:3,0,0,2
BRDA:3,0,1,0
BRDA:3,1,0,2
BRDA:3,1,1,2
BRDA:9,2,0,0
BRDA:9,2,1,0
BRF:6
BRH:3
end_of_record
TN:
SF:src\pages\notFoundPage\notFoundPage.tsx
FN:5,NotFoundPage
FNF:1
FNH:1
FNDA:1,NotFoundPage
DA:1,2
DA:2,2
DA:3,2
DA:5,2
DA:6,1
LF:5
LH:5
BRF:0
BRH:0
end_of_record
TN:
SF:src\pages\registrationPage\registrationPage.css
FN:8,(anonymous_0)
FN:15,(anonymous_1)
FNF:2
FNH:0
FNDA:0,(anonymous_0)
FNDA:0,(anonymous_1)
DA:1,2
DA:3,2
DA:4,2
DA:7,2
DA:9,0
DA:10,0
DA:12,0
DA:16,0
DA:20,0
DA:23,0
LF:10
LH:4
BRDA:3,0,0,2
BRDA:3,0,1,0
BRDA:3,1,0,2
BRDA:3,1,1,2
BRDA:9,2,0,0
BRDA:9,2,1,0
BRF:6
BRH:3
end_of_record
TN:
SF:src\pages\registrationPage\registrationPage.tsx
FN:16,RegistrationPage
FN:31,(anonymous_3)
FN:34,(anonymous_4)
FN:35,(anonymous_5)
FN:95,(anonymous_6)
FNF:5
FNH:4
FNDA:2,RegistrationPage
FNDA:0,(anonymous_3)
FNDA:16,(anonymous_4)
FNDA:64,(anonymous_5)
FNDA:1,(anonymous_6)
DA:1,2
DA:2,2
DA:3,2
DA:4,2
DA:5,2
DA:6,2
DA:12,2
DA:13,2
DA:14,2
DA:16,2
DA:17,2
DA:18,2
DA:19,2
DA:21,2
DA:31,0
DA:34,16
DA:35,16
DA:36,64
DA:46,16
DA:96,1
DA:97,1
LF:21
LH:20
BRDA:36,0,0,64
BRDA:36,0,1,56
BRDA:36,0,2,42
BRDA:72,1,0,16
BRDA:72,1,1,0
BRDA:77,2,0,16
BRDA:77,2,1,0
BRDA:81,3,0,0
BRDA:81,3,1,16
BRF:9
BRH:6
end_of_record
TN:
SF:src\pages\searchMoviePage\searchMoviePage.css
FN:8,(anonymous_0)
FN:15,(anonymous_1)
FNF:2
FNH:0
FNDA:0,(anonymous_0)
FNDA:0,(anonymous_1)
DA:1,2
DA:3,2
DA:4,2
DA:7,2
DA:9,0
DA:10,0
DA:12,0
DA:16,0
DA:20,0
DA:23,0
LF:10
LH:4
BRDA:3,0,0,2
BRDA:3,0,1,0
BRDA:3,1,0,2
BRDA:3,1,1,2
BRDA:9,2,0,0
BRDA:9,2,1,0
BRF:6
BRH:3
end_of_record
TN:
SF:src\pages\searchMoviePage\searchMoviePage.tsx
FN:17,SearchMoviePage
FN:22,(anonymous_3)
FN:26,(anonymous_4)
FNF:3
FNH:2
FNDA:10,SearchMoviePage
FNDA:0,(anonymous_3)
FNDA:7,(anonymous_4)
DA:1,2
DA:2,2
DA:3,2
DA:4,2
DA:5,2
DA:6,2
DA:11,2
DA:14,2
DA:15,2
DA:17,2
DA:18,10
DA:19,10
DA:20,10
DA:22,10
DA:23,0
DA:26,10
DA:27,7
DA:31,7
DA:36,7
DA:39,10
LF:20
LH:19
BRDA:36,0,0,0
BRDA:36,0,1,7
BRDA:43,1,0,10
BRDA:43,1,1,7
BRDA:44,2,0,10
BRDA:44,2,1,0
BRDA:45,3,0,10
BRDA:45,3,1,3
BRDA:45,3,2,3
BRDA:72,4,0,2
BRDA:72,4,1,1
BRF:11
BRH:9
end_of_record
TN:
SF:src\protectedRouteElement\protectedRouteElement.tsx
FN:10,(anonymous_1)
FNF:1
FNH:1
FNDA:10,(anonymous_1)
DA:2,2
DA:3,2
DA:10,2
DA:11,10
DA:12,10
DA:14,10
DA:17,2
LF:7
LH:7
BRDA:14,0,0,6
BRDA:14,0,1,4
BRF:2
BRH:2
end_of_record
TN:
SF:src\store\auth\authStore.ts
FN:13,(anonymous_13)
FN:13,(anonymous_14)
FN:21,(anonymous_16)
FN:21,(anonymous_17)
FN:43,(anonymous_19)
FN:46,(anonymous_20)
FN:50,(anonymous_21)
FN:54,(anonymous_22)
FN:55,(anonymous_23)
FN:59,(anonymous_24)
FN:64,(anonymous_25)
FN:71,(anonymous_26)
FN:76,(anonymous_27)
FN:80,(anonymous_28)
FN:90,(anonymous_29)
FNF:15
FNH:10
FNDA:2,(anonymous_13)
FNDA:2,(anonymous_14)
FNDA:0,(anonymous_16)
FNDA:0,(anonymous_17)
FNDA:5,(anonymous_19)
FNDA:1,(anonymous_20)
FNDA:2,(anonymous_21)
FNDA:3,(anonymous_22)
FNDA:2,(anonymous_23)
FNDA:1,(anonymous_24)
FNDA:1,(anonymous_25)
FNDA:0,(anonymous_26)
FNDA:0,(anonymous_27)
FNDA:0,(anonymous_28)
FNDA:50,(anonymous_29)
DA:1,3
DA:3,3
DA:4,3
DA:5,3
DA:11,3
DA:13,2
DA:14,2
DA:15,1
DA:19,3
DA:21,0
DA:22,0
DA:23,0
DA:34,3
DA:39,3
DA:44,5
DA:47,1
DA:48,1
DA:51,2
DA:55,3
DA:56,2
DA:57,2
DA:59,3
DA:60,1
DA:61,1
DA:62,1
DA:64,3
DA:65,1
DA:66,1
DA:71,3
DA:72,0
DA:73,0
DA:74,0
DA:76,3
DA:77,0
DA:78,0
DA:80,3
DA:81,0
DA:82,0
DA:90,50
DA:93,3
LF:40
LH:30
BRDA:14,0,0,2
BRDA:22,1,0,0
BRDA:67,2,0,1
BRDA:67,2,1,0
BRDA:83,3,0,0
BRDA:83,3,1,0
BRF:6
BRH:2
end_of_record
TN:
SF:src\store\auth\authorize.ts
FN:5,authorize
FNF:1
FNH:1
FNDA:2,authorize
DA:1,3
DA:2,3
DA:5,3
DA:6,2
LF:4
LH:4
BRF:0
BRH:0
end_of_record
TN:
SF:src\store\auth\register.ts
FN:5,register
FNF:1
FNH:0
FNDA:0,register
DA:1,3
DA:2,3
DA:5,3
DA:6,0
LF:4
LH:3
BRF:0
BRH:0
end_of_record
TN:
SF:src\store\movie\movieStore.ts
FN:6,(anonymous_13)
FN:11,(anonymous_14)
FN:18,(anonymous_15)
FN:18,(anonymous_16)
FN:44,(anonymous_18)
FN:49,(anonymous_19)
FN:54,(anonymous_20)
FN:58,(anonymous_21)
FN:59,(anonymous_22)
FN:63,(anonymous_23)
FN:67,(anonymous_24)
FN:74,(anonymous_25)
FNF:12
FNH:9
FNDA:3,(anonymous_13)
FNDA:3,(anonymous_14)
FNDA:7,(anonymous_15)
FNDA:7,(anonymous_16)
FNDA:2,(anonymous_18)
FNDA:0,(anonymous_19)
FNDA:0,(anonymous_20)
FNDA:3,(anonymous_21)
FNDA:7,(anonymous_22)
FNDA:1,(anonymous_23)
FNDA:0,(anonymous_24)
FNDA:34,(anonymous_25)
DA:2,3
DA:4,3
DA:6,3
DA:7,3
DA:8,3
DA:11,3
DA:12,3
DA:13,3
DA:16,3
DA:18,7
DA:19,7
DA:20,1
DA:33,3
DA:40,3
DA:45,2
DA:50,0
DA:55,0
DA:59,3
DA:60,7
DA:61,7
DA:63,3
DA:64,1
DA:65,1
DA:67,3
DA:68,0
DA:69,0
DA:74,34
DA:77,3
LF:28
LH:24
BRDA:6,0,0,3
BRDA:6,0,1,3
BRDA:11,1,0,3
BRDA:11,1,1,3
BRDA:19,2,0,7
BRDA:45,3,0,1
BRDA:45,3,1,1
BRDA:50,4,0,0
BRDA:50,4,1,0
BRF:9
BRH:7
end_of_record
TN:
SF:src\store\movie\readMovies.ts
FN:11,readMovies
FNF:1
FNH:1
FNDA:7,readMovies
DA:1,3
DA:3,3
DA:11,3
DA:12,7
LF:4
LH:4
BRF:0
BRH:0
end_of_record
TN:
SF:src\store\movieInfo\movieInfoStore.ts
FN:19,(anonymous_13)
FN:19,(anonymous_14)
FN:29,(anonymous_16)
FN:33,(anonymous_17)
FN:34,(anonymous_18)
FN:38,(anonymous_19)
FN:42,(anonymous_20)
FN:49,(anonymous_21)
FNF:8
FNH:6
FNDA:1,(anonymous_13)
FNDA:1,(anonymous_14)
FNDA:1,(anonymous_16)
FNDA:3,(anonymous_17)
FNDA:1,(anonymous_18)
FNDA:0,(anonymous_19)
FNDA:0,(anonymous_20)
FNDA:3,(anonymous_21)
DA:1,3
DA:4,3
DA:12,3
DA:17,3
DA:19,1
DA:20,1
DA:21,0
DA:25,3
DA:30,1
DA:34,3
DA:35,1
DA:36,1
DA:38,3
DA:39,0
DA:40,0
DA:42,3
DA:43,0
DA:44,0
DA:49,3
DA:52,3
LF:20
LH:15
BRDA:20,0,0,1
BRF:1
BRH:1
end_of_record
TN:
SF:src\store\movieInfo\readMovieInfo.ts
FN:8,readMovieInfo
FNF:1
FNH:1
FNDA:1,readMovieInfo
DA:1,3
DA:2,3
DA:8,3
DA:9,1
LF:4
LH:4
BRF:0
BRH:0
end_of_record
TN:
SF:src\utils\constants\constants.ts
FNF:0
FNH:0
DA:1,3
LF:1
LH:1
BRF:0
BRH:0
end_of_record
TN:
SF:src\utils\constants\url.ts
FNF:0
FNH:0
DA:1,3
LF:1
LH:1
BRF:0
BRH:0
end_of_record
TN:
SF:src\utils\constants\validate.ts
FN:3,(anonymous_0)
FN:26,(anonymous_1)
FNF:2
FNH:2
FNDA:24,(anonymous_0)
FNDA:10,(anonymous_1)
DA:3,2
DA:4,24
DA:6,24
DA:7,2
DA:8,22
DA:9,8
DA:12,24
DA:13,6
DA:14,18
DA:15,6
DA:16,12
DA:20,2
DA:23,24
DA:26,2
DA:27,10
DA:28,10
DA:30,10
DA:31,5
DA:34,10
DA:35,6
DA:38,10
DA:39,2
DA:40,8
DA:41,6
DA:44,10
DA:45,4
DA:46,6
DA:47,4
DA:50,10
LF:29
LH:29
BRDA:6,0,0,2
BRDA:6,0,1,22
BRDA:8,1,0,8
BRDA:12,2,0,6
BRDA:12,2,1,18
BRDA:14,3,0,6
BRDA:14,3,1,12
BRDA:16,4,0,2
BRDA:30,5,0,5
BRDA:34,6,0,6
BRDA:38,7,0,2
BRDA:38,7,1,8
BRDA:40,8,0,6
BRDA:44,9,0,4
BRDA:44,9,1,6
BRDA:46,10,0,4
BRF:16
BRH:16
end_of_record
TN:
SF:src\utils\hooks\useLogin.ts
FN:7,useLogin
FN:12,(anonymous_1)
FNF:2
FNH:2
FNDA:13,useLogin
FNDA:9,(anonymous_1)
DA:1,2
DA:2,2
DA:3,2
DA:5,2
DA:7,2
DA:8,13
DA:9,13
DA:10,13
DA:12,13
DA:13,9
DA:16,13
LF:11
LH:11
BRDA:13,0,0,9
BRDA:13,0,1,5
BRF:2
BRH:2
end_of_record
